<!DOCTYPE HTML PUBLIC "-//W3C//DTD HTML 4.01 Transitional//EN" "http://www.w3.org/TR/html4/loose.dtd">
<html>
<head>
<title>Application log</title>
<style type="text/css">
<!--
body, table {font-family: arial,sans-serif; font-size: x-small;}
th {background: #336699; color: #FFFFFF; text-align: left;}
-->
</style>
</head>
<body bgcolor="#FFFFFF" topmargin="6" leftmargin="6">
<hr size="1" noshade>
Log session start time Fri Oct 20 13:26:28 IST 2023<br>
<br>
<table cellspacing="0" cellpadding="4" border="1" bordercolor="#224466" width="100%">
<tr>
<th>Time</th>
<th>Thread</th>
<th>Level</th>
<th>Category</th>
<th>File:Line</th>
<th>Message</th>
</tr>

<tr>
<td>0</td>
<td title="main thread">main</td>
<td title="Level">INFO</td>
<td title="TestCase1.class category">TestCase1.class</td>
<td>TestCase1.java:20</td>
<td title="Message">Successfully Launched the TODO MVC</td>
</tr>

<tr>
<td>94</td>
<td title="main thread">main</td>
<td title="Level">INFO</td>
<td title="TestCase1.class category">TestCase1.class</td>
<td>TestCase1.java:25</td>
<td title="Message">Adding the Tasks</td>
</tr>

<tr>
<td>3487</td>
<td title="main thread">main</td>
<td title="Level">INFO</td>
<td title="TestCase1.class category">TestCase1.class</td>
<td>TestCase1.java:31</td>
<td title="Message">Verifying the added Tasks</td>
</tr>

<tr>
<td>3487</td>
<td title="main thread">main</td>
<td title="Level">INFO</td>
<td title="TestCase1.class category">TestCase1.class</td>
<td>TestCase1.java:41</td>
<td title="Message">Selecting the Task</td>
</tr>
<!DOCTYPE HTML PUBLIC "-//W3C//DTD HTML 4.01 Transitional//EN" "http://www.w3.org/TR/html4/loose.dtd">
<html>
<head>
<title>Application log</title>
<style type="text/css">
<!--
body, table {font-family: arial,sans-serif; font-size: x-small;}
th {background: #336699; color: #FFFFFF; text-align: left;}
-->
</style>
</head>
<body bgcolor="#FFFFFF" topmargin="6" leftmargin="6">
<hr size="1" noshade>
Log session start time Fri Oct 20 16:06:38 IST 2023<br>
<br>
<table cellspacing="0" cellpadding="4" border="1" bordercolor="#224466" width="100%">
<tr>
<th>Time</th>
<th>Thread</th>
<th>Level</th>
<th>Category</th>
<th>File:Line</th>
<th>Message</th>
</tr>

<tr>
<td>0</td>
<td title="main thread">main</td>
<td title="Level">INFO</td>
<td title="TestCase1.class category">TestCase1.class</td>
<td>TestCase1.java:24</td>
<td title="Message">Successfully Launched the TODO MVC</td>
</tr>

<tr>
<td>119</td>
<td title="main thread">main</td>
<td title="Level">INFO</td>
<td title="TestCase1.class category">TestCase1.class</td>
<td>TestCase1.java:29</td>
<td title="Message">Adding the Tasks</td>
</tr>

<tr>
<td>3822</td>
<td title="main thread">main</td>
<td title="Level">INFO</td>
<td title="TestCase1.class category">TestCase1.class</td>
<td>TestCase1.java:35</td>
<td title="Message">Verifying the added Tasks</td>
</tr>

<tr>
<td>3823</td>
<td title="main thread">main</td>
<td title="Level">INFO</td>
<td title="TestCase1.class category">TestCase1.class</td>
<td>TestCase1.java:45</td>
<td title="Message">Selecting the Task</td>
</tr>
<!DOCTYPE HTML PUBLIC "-//W3C//DTD HTML 4.01 Transitional//EN" "http://www.w3.org/TR/html4/loose.dtd">
<html>
<head>
<title>Application log</title>
<style type="text/css">
<!--
body, table {font-family: arial,sans-serif; font-size: x-small;}
th {background: #336699; color: #FFFFFF; text-align: left;}
-->
</style>
</head>
<body bgcolor="#FFFFFF" topmargin="6" leftmargin="6">
<hr size="1" noshade>
Log session start time Fri Oct 20 16:07:27 IST 2023<br>
<br>
<table cellspacing="0" cellpadding="4" border="1" bordercolor="#224466" width="100%">
<tr>
<th>Time</th>
<th>Thread</th>
<th>Level</th>
<th>Category</th>
<th>File:Line</th>
<th>Message</th>
</tr>

<tr>
<td>0</td>
<td title="main thread">main</td>
<td title="Level">INFO</td>
<td title="TestCase1.class category">TestCase1.class</td>
<td>TestCase1.java:24</td>
<td title="Message">Successfully Launched the TODO MVC</td>
</tr>

<tr>
<td>129</td>
<td title="main thread">main</td>
<td title="Level">INFO</td>
<td title="TestCase1.class category">TestCase1.class</td>
<td>TestCase1.java:29</td>
<td title="Message">Adding the Tasks</td>
</tr>

<tr>
<td>3778</td>
<td title="main thread">main</td>
<td title="Level">INFO</td>
<td title="TestCase1.class category">TestCase1.class</td>
<td>TestCase1.java:35</td>
<td title="Message">Verifying the added Tasks</td>
</tr>

<tr>
<td>3779</td>
<td title="main thread">main</td>
<td title="Level">INFO</td>
<td title="TestCase1.class category">TestCase1.class</td>
<td>TestCase1.java:45</td>
<td title="Message">Selecting the Task</td>
</tr>
<!DOCTYPE HTML PUBLIC "-//W3C//DTD HTML 4.01 Transitional//EN" "http://www.w3.org/TR/html4/loose.dtd">
<html>
<head>
<title>Application log</title>
<style type="text/css">
<!--
body, table {font-family: arial,sans-serif; font-size: x-small;}
th {background: #336699; color: #FFFFFF; text-align: left;}
-->
</style>
</head>
<body bgcolor="#FFFFFF" topmargin="6" leftmargin="6">
<hr size="1" noshade>
Log session start time Sat Oct 21 00:43:25 IST 2023<br>
<br>
<table cellspacing="0" cellpadding="4" border="1" bordercolor="#224466" width="100%">
<tr>
<th>Time</th>
<th>Thread</th>
<th>Level</th>
<th>Category</th>
<th>File:Line</th>
<th>Message</th>
</tr>

<tr>
<td>0</td>
<td title="main thread">main</td>
<td title="Level">INFO</td>
<td title="Tests.TestCase1 category">Tests.TestCase1</td>
<td>TestCase1.java:57</td>
<td title="Message">Successfully Launched the TODO MVC</td>
</tr>

<tr>
<td>82</td>
<td title="main thread">main</td>
<td title="Level">INFO</td>
<td title="Tests.TestCase1 category">Tests.TestCase1</td>
<td>TestCase1.java:73</td>
<td title="Message">Adding the Tasks</td>
</tr>

<tr>
<td>3505</td>
<td title="main thread">main</td>
<td title="Level">INFO</td>
<td title="Tests.TestCase1 category">Tests.TestCase1</td>
<td>TestCase1.java:79</td>
<td title="Message">Verifying the added Tasks</td>
</tr>

<tr>
<td>3505</td>
<td title="main thread">main</td>
<td title="Level">INFO</td>
<td title="Tests.TestCase1 category">Tests.TestCase1</td>
<td>TestCase1.java:89</td>
<td title="Message">Selecting the Task</td>
</tr>
<!DOCTYPE HTML PUBLIC "-//W3C//DTD HTML 4.01 Transitional//EN" "http://www.w3.org/TR/html4/loose.dtd">
<html>
<head>
<title>Application log</title>
<style type="text/css">
<!--
body, table {font-family: arial,sans-serif; font-size: x-small;}
th {background: #336699; color: #FFFFFF; text-align: left;}
-->
</style>
</head>
<body bgcolor="#FFFFFF" topmargin="6" leftmargin="6">
<hr size="1" noshade>
Log session start time Sat Oct 21 00:51:17 IST 2023<br>
<br>
<table cellspacing="0" cellpadding="4" border="1" bordercolor="#224466" width="100%">
<tr>
<th>Time</th>
<th>Thread</th>
<th>Level</th>
<th>Category</th>
<th>File:Line</th>
<th>Message</th>
</tr>

<tr>
<td>0</td>
<td title="main thread">main</td>
<td title="Level">INFO</td>
<td title="Tests.TestCase1 category">Tests.TestCase1</td>
<td>TestCase1.java:57</td>
<td title="Message">Successfully Launched the TODO MVC</td>
</tr>

<tr>
<td>206</td>
<td title="main thread">main</td>
<td title="Level"><font color="#993300"><strong>ERROR</strong></font></td>
<td title="Tests.TestCase1 category">Tests.TestCase1</td>
<td>TestCase1.java:99</td>
<td title="Message">Test Case Status is Fail due java.io.FileNotFoundException: C:\Users\AIN126\eclipse-workspace1\Demo_Test\screenshots\20231021125117.png (The system cannot find the path specified)</td>
</tr>
<!DOCTYPE HTML PUBLIC "-//W3C//DTD HTML 4.01 Transitional//EN" "http://www.w3.org/TR/html4/loose.dtd">
<html>
<head>
<title>Application log</title>
<style type="text/css">
<!--
body, table {font-family: arial,sans-serif; font-size: x-small;}
th {background: #336699; color: #FFFFFF; text-align: left;}
-->
</style>
</head>
<body bgcolor="#FFFFFF" topmargin="6" leftmargin="6">
<hr size="1" noshade>
Log session start time Sat Oct 21 00:52:14 IST 2023<br>
<br>
<table cellspacing="0" cellpadding="4" border="1" bordercolor="#224466" width="100%">
<tr>
<th>Time</th>
<th>Thread</th>
<th>Level</th>
<th>Category</th>
<th>File:Line</th>
<th>Message</th>
</tr>

<tr>
<td>0</td>
<td title="main thread">main</td>
<td title="Level">INFO</td>
<td title="Tests.TestCase1 category">Tests.TestCase1</td>
<td>TestCase1.java:57</td>
<td title="Message">Successfully Launched the TODO MVC</td>
</tr>

<tr>
<td>186</td>
<td title="main thread">main</td>
<td title="Level"><font color="#993300"><strong>ERROR</strong></font></td>
<td title="Tests.TestCase1 category">Tests.TestCase1</td>
<td>TestCase1.java:99</td>
<td title="Message">Test Case Status is Fail due java.io.FileNotFoundException: C:\Users\AIN126\eclipse-workspace1\Demo_Test\screenshots\20231021125214.png (The system cannot find the path specified)</td>
</tr>
<!DOCTYPE HTML PUBLIC "-//W3C//DTD HTML 4.01 Transitional//EN" "http://www.w3.org/TR/html4/loose.dtd">
<html>
<head>
<title>Application log</title>
<style type="text/css">
<!--
body, table {font-family: arial,sans-serif; font-size: x-small;}
th {background: #336699; color: #FFFFFF; text-align: left;}
-->
</style>
</head>
<body bgcolor="#FFFFFF" topmargin="6" leftmargin="6">
<hr size="1" noshade>
Log session start time Sat Oct 21 00:54:13 IST 2023<br>
<br>
<table cellspacing="0" cellpadding="4" border="1" bordercolor="#224466" width="100%">
<tr>
<th>Time</th>
<th>Thread</th>
<th>Level</th>
<th>Category</th>
<th>File:Line</th>
<th>Message</th>
</tr>

<tr>
<td>0</td>
<td title="main thread">main</td>
<td title="Level">INFO</td>
<td title="Tests.TestCase1 category">Tests.TestCase1</td>
<td>TestCase1.java:57</td>
<td title="Message">Successfully Launched the TODO MVC</td>
</tr>

<tr>
<td>116</td>
<td title="main thread">main</td>
<td title="Level"><font color="#993300"><strong>ERROR</strong></font></td>
<td title="Tests.TestCase1 category">Tests.TestCase1</td>
<td>TestCase1.java:99</td>
<td title="Message">Test Case Status is Fail due java.io.FileNotFoundException: C:\Users\AIN126\eclipse-workspace1\Demo_Test\screenshots\20231021125415.png (The system cannot find the path specified)</td>
</tr>
<!DOCTYPE HTML PUBLIC "-//W3C//DTD HTML 4.01 Transitional//EN" "http://www.w3.org/TR/html4/loose.dtd">
<html>
<head>
<title>Application log</title>
<style type="text/css">
<!--
body, table {font-family: arial,sans-serif; font-size: x-small;}
th {background: #336699; color: #FFFFFF; text-align: left;}
-->
</style>
</head>
<body bgcolor="#FFFFFF" topmargin="6" leftmargin="6">
<hr size="1" noshade>
Log session start time Sat Oct 21 00:55:16 IST 2023<br>
<br>
<table cellspacing="0" cellpadding="4" border="1" bordercolor="#224466" width="100%">
<tr>
<th>Time</th>
<th>Thread</th>
<th>Level</th>
<th>Category</th>
<th>File:Line</th>
<th>Message</th>
</tr>

<tr>
<td>0</td>
<td title="main thread">main</td>
<td title="Level">INFO</td>
<td title="Tests.TestCase1 category">Tests.TestCase1</td>
<td>TestCase1.java:57</td>
<td title="Message">Successfully Launched the TODO MVC</td>
</tr>

<tr>
<td>359</td>
<td title="main thread">main</td>
<td title="Level">INFO</td>
<td title="Tests.TestCase1 category">Tests.TestCase1</td>
<td>TestCase1.java:77</td>
<td title="Message">To Do Label is Displayed</td>
</tr>

<tr>
<td>359</td>
<td title="main thread">main</td>
<td title="Level">INFO</td>
<td title="Tests.TestCase1 category">Tests.TestCase1</td>
<td>TestCase1.java:79</td>
<td title="Message">Adding the Tasks</td>
</tr>

<tr>
<td>3732</td>
<td title="main thread">main</td>
<td title="Level">INFO</td>
<td title="Tests.TestCase1 category">Tests.TestCase1</td>
<td>TestCase1.java:85</td>
<td title="Message">Verifying the added Tasks</td>
</tr>

<tr>
<td>3732</td>
<td title="main thread">main</td>
<td title="Level">INFO</td>
<td title="Tests.TestCase1 category">Tests.TestCase1</td>
<td>TestCase1.java:95</td>
<td title="Message">Selecting the Task</td>
</tr>
<!DOCTYPE HTML PUBLIC "-//W3C//DTD HTML 4.01 Transitional//EN" "http://www.w3.org/TR/html4/loose.dtd">
<html>
<head>
<title>Application log</title>
<style type="text/css">
<!--
body, table {font-family: arial,sans-serif; font-size: x-small;}
th {background: #336699; color: #FFFFFF; text-align: left;}
-->
</style>
</head>
<body bgcolor="#FFFFFF" topmargin="6" leftmargin="6">
<hr size="1" noshade>
Log session start time Sat Oct 21 01:17:50 IST 2023<br>
<br>
<table cellspacing="0" cellpadding="4" border="1" bordercolor="#224466" width="100%">
<tr>
<th>Time</th>
<th>Thread</th>
<th>Level</th>
<th>Category</th>
<th>File:Line</th>
<th>Message</th>
</tr>

<tr>
<td>0</td>
<td title="main thread">main</td>
<td title="Level">INFO</td>
<td title="Tests.TestCase1 category">Tests.TestCase1</td>
<td>TestCase1.java:57</td>
<td title="Message">Successfully Launched the TODO MVC</td>
</tr>

<tr>
<td>270</td>
<td title="main thread">main</td>
<td title="Level">INFO</td>
<td title="Tests.TestCase1 category">Tests.TestCase1</td>
<td>TestCase1.java:77</td>
<td title="Message">To Do Label is Displayed</td>
</tr>

<tr>
<td>270</td>
<td title="main thread">main</td>
<td title="Level">INFO</td>
<td title="Tests.TestCase1 category">Tests.TestCase1</td>
<td>TestCase1.java:79</td>
<td title="Message">Adding the Tasks</td>
</tr>

<tr>
<td>3658</td>
<td title="main thread">main</td>
<td title="Level">INFO</td>
<td title="Tests.TestCase1 category">Tests.TestCase1</td>
<td>TestCase1.java:85</td>
<td title="Message">Verifying the added Tasks</td>
</tr>

<tr>
<td>3658</td>
<td title="main thread">main</td>
<td title="Level">INFO</td>
<td title="Tests.TestCase1 category">Tests.TestCase1</td>
<td>TestCase1.java:95</td>
<td title="Message">Selecting the Task</td>
</tr>
<!DOCTYPE HTML PUBLIC "-//W3C//DTD HTML 4.01 Transitional//EN" "http://www.w3.org/TR/html4/loose.dtd">
<html>
<head>
<title>Application log</title>
<style type="text/css">
<!--
body, table {font-family: arial,sans-serif; font-size: x-small;}
th {background: #336699; color: #FFFFFF; text-align: left;}
-->
</style>
</head>
<body bgcolor="#FFFFFF" topmargin="6" leftmargin="6">
<hr size="1" noshade>
Log session start time Sat Oct 21 01:38:13 IST 2023<br>
<br>
<table cellspacing="0" cellpadding="4" border="1" bordercolor="#224466" width="100%">
<tr>
<th>Time</th>
<th>Thread</th>
<th>Level</th>
<th>Category</th>
<th>File:Line</th>
<th>Message</th>
</tr>

<tr>
<td>0</td>
<td title="main thread">main</td>
<td title="Level">INFO</td>
<td title="Tests.TestCase1 category">Tests.TestCase1</td>
<td>TestCase1.java:57</td>
<td title="Message">Successfully Launched the TODO MVC</td>
</tr>

<tr>
<td>274</td>
<td title="main thread">main</td>
<td title="Level">INFO</td>
<td title="Tests.TestCase1 category">Tests.TestCase1</td>
<td>TestCase1.java:76</td>
<td title="Message">To Do Label is Displayed</td>
</tr>

<tr>
<td>275</td>
<td title="main thread">main</td>
<td title="Level">INFO</td>
<td title="Tests.TestCase1 category">Tests.TestCase1</td>
<td>TestCase1.java:78</td>
<td title="Message">Adding the Tasks</td>
</tr>

<tr>
<td>1572</td>
<td title="main thread">main</td>
<td title="Level">INFO</td>
<td title="Tests.TestCase1 category">Tests.TestCase1</td>
<td>TestCase1.java:86</td>
<td title="Message">Tasks Added Successfully</td>
</tr>

<tr>
<td>1602</td>
<td title="main thread">main</td>
<td title="Level">INFO</td>
<td title="Tests.TestCase1 category">Tests.TestCase1</td>
<td>TestCase1.java:90</td>
<td title="Message">Verifying the added Tasks</td>
</tr>
<!DOCTYPE HTML PUBLIC "-//W3C//DTD HTML 4.01 Transitional//EN" "http://www.w3.org/TR/html4/loose.dtd">
<html>
<head>
<title>Application log</title>
<style type="text/css">
<!--
body, table {font-family: arial,sans-serif; font-size: x-small;}
th {background: #336699; color: #FFFFFF; text-align: left;}
-->
</style>
</head>
<body bgcolor="#FFFFFF" topmargin="6" leftmargin="6">
<hr size="1" noshade>
Log session start time Sat Oct 21 01:40:11 IST 2023<br>
<br>
<table cellspacing="0" cellpadding="4" border="1" bordercolor="#224466" width="100%">
<tr>
<th>Time</th>
<th>Thread</th>
<th>Level</th>
<th>Category</th>
<th>File:Line</th>
<th>Message</th>
</tr>

<tr>
<td>0</td>
<td title="main thread">main</td>
<td title="Level">INFO</td>
<td title="Tests.TestCase1 category">Tests.TestCase1</td>
<td>TestCase1.java:57</td>
<td title="Message">Successfully Launched the TODO MVC</td>
</tr>

<tr>
<td>348</td>
<td title="main thread">main</td>
<td title="Level">INFO</td>
<td title="Tests.TestCase1 category">Tests.TestCase1</td>
<td>TestCase1.java:76</td>
<td title="Message">To Do Label is Displayed</td>
</tr>

<tr>
<td>348</td>
<td title="main thread">main</td>
<td title="Level">INFO</td>
<td title="Tests.TestCase1 category">Tests.TestCase1</td>
<td>TestCase1.java:78</td>
<td title="Message">Adding the Tasks</td>
</tr>
<!DOCTYPE HTML PUBLIC "-//W3C//DTD HTML 4.01 Transitional//EN" "http://www.w3.org/TR/html4/loose.dtd">
<html>
<head>
<title>Application log</title>
<style type="text/css">
<!--
body, table {font-family: arial,sans-serif; font-size: x-small;}
th {background: #336699; color: #FFFFFF; text-align: left;}
-->
</style>
</head>
<body bgcolor="#FFFFFF" topmargin="6" leftmargin="6">
<hr size="1" noshade>
Log session start time Sat Oct 21 01:42:53 IST 2023<br>
<br>
<table cellspacing="0" cellpadding="4" border="1" bordercolor="#224466" width="100%">
<tr>
<th>Time</th>
<th>Thread</th>
<th>Level</th>
<th>Category</th>
<th>File:Line</th>
<th>Message</th>
</tr>

<tr>
<td>0</td>
<td title="main thread">main</td>
<td title="Level">INFO</td>
<td title="Tests.TestCase1 category">Tests.TestCase1</td>
<td>TestCase1.java:57</td>
<td title="Message">Successfully Launched the TODO MVC</td>
</tr>

<tr>
<td>322</td>
<td title="main thread">main</td>
<td title="Level">INFO</td>
<td title="Tests.TestCase1 category">Tests.TestCase1</td>
<td>TestCase1.java:76</td>
<td title="Message">To Do Label is Displayed</td>
</tr>

<tr>
<td>322</td>
<td title="main thread">main</td>
<td title="Level">INFO</td>
<td title="Tests.TestCase1 category">Tests.TestCase1</td>
<td>TestCase1.java:78</td>
<td title="Message">Adding the Tasks</td>
</tr>

<tr>
<td>1617</td>
<td title="main thread">main</td>
<td title="Level">INFO</td>
<td title="Tests.TestCase1 category">Tests.TestCase1</td>
<td>TestCase1.java:91</td>
<td title="Message">Tasks are not Added </td>
</tr>

<tr>
<td>1648</td>
<td title="main thread">main</td>
<td title="Level">INFO</td>
<td title="Tests.TestCase1 category">Tests.TestCase1</td>
<td>TestCase1.java:96</td>
<td title="Message">Verifying the added Tasks</td>
</tr>
<!DOCTYPE HTML PUBLIC "-//W3C//DTD HTML 4.01 Transitional//EN" "http://www.w3.org/TR/html4/loose.dtd">
<html>
<head>
<title>Application log</title>
<style type="text/css">
<!--
body, table {font-family: arial,sans-serif; font-size: x-small;}
th {background: #336699; color: #FFFFFF; text-align: left;}
-->
</style>
</head>
<body bgcolor="#FFFFFF" topmargin="6" leftmargin="6">
<hr size="1" noshade>
Log session start time Sat Oct 21 01:44:26 IST 2023<br>
<br>
<table cellspacing="0" cellpadding="4" border="1" bordercolor="#224466" width="100%">
<tr>
<th>Time</th>
<th>Thread</th>
<th>Level</th>
<th>Category</th>
<th>File:Line</th>
<th>Message</th>
</tr>

<tr>
<td>1</td>
<td title="main thread">main</td>
<td title="Level">INFO</td>
<td title="Tests.TestCase1 category">Tests.TestCase1</td>
<td>TestCase1.java:57</td>
<td title="Message">Successfully Launched the TODO MVC</td>
</tr>

<tr>
<td>296</td>
<td title="main thread">main</td>
<td title="Level">INFO</td>
<td title="Tests.TestCase1 category">Tests.TestCase1</td>
<td>TestCase1.java:76</td>
<td title="Message">To Do Label is Displayed</td>
</tr>

<tr>
<td>296</td>
<td title="main thread">main</td>
<td title="Level">INFO</td>
<td title="Tests.TestCase1 category">Tests.TestCase1</td>
<td>TestCase1.java:78</td>
<td title="Message">Adding the Tasks</td>
</tr>

<tr>
<td>1557</td>
<td title="main thread">main</td>
<td title="Level"><font color="#993300"><strong>ERROR</strong></font></td>
<td title="Tests.TestCase1 category">Tests.TestCase1</td>
<td>TestCase1.java:91</td>
<td title="Message">Tasks are not added </td>
</tr>

<tr>
<td>1587</td>
<td title="main thread">main</td>
<td title="Level">INFO</td>
<td title="Tests.TestCase1 category">Tests.TestCase1</td>
<td>TestCase1.java:96</td>
<td title="Message">Verifying the added Tasks</td>
</tr>
<!DOCTYPE HTML PUBLIC "-//W3C//DTD HTML 4.01 Transitional//EN" "http://www.w3.org/TR/html4/loose.dtd">
<html>
<head>
<title>Application log</title>
<style type="text/css">
<!--
body, table {font-family: arial,sans-serif; font-size: x-small;}
th {background: #336699; color: #FFFFFF; text-align: left;}
-->
</style>
</head>
<body bgcolor="#FFFFFF" topmargin="6" leftmargin="6">
<hr size="1" noshade>
Log session start time Sat Oct 21 01:45:47 IST 2023<br>
<br>
<table cellspacing="0" cellpadding="4" border="1" bordercolor="#224466" width="100%">
<tr>
<th>Time</th>
<th>Thread</th>
<th>Level</th>
<th>Category</th>
<th>File:Line</th>
<th>Message</th>
</tr>

<tr>
<td>1</td>
<td title="main thread">main</td>
<td title="Level">INFO</td>
<td title="Tests.TestCase1 category">Tests.TestCase1</td>
<td>TestCase1.java:57</td>
<td title="Message">Successfully Launched the TODO MVC</td>
</tr>

<tr>
<td>276</td>
<td title="main thread">main</td>
<td title="Level">INFO</td>
<td title="Tests.TestCase1 category">Tests.TestCase1</td>
<td>TestCase1.java:76</td>
<td title="Message">To Do Label is Displayed</td>
</tr>

<tr>
<td>276</td>
<td title="main thread">main</td>
<td title="Level">INFO</td>
<td title="Tests.TestCase1 category">Tests.TestCase1</td>
<td>TestCase1.java:78</td>
<td title="Message">Adding the Tasks</td>
</tr>

<tr>
<td>1564</td>
<td title="main thread">main</td>
<td title="Level"><font color="#993300"><strong>ERROR</strong></font></td>
<td title="Tests.TestCase1 category">Tests.TestCase1</td>
<td>TestCase1.java:91</td>
<td title="Message">Tasks are not added </td>
</tr>

<tr>
<td>1709</td>
<td title="main thread">main</td>
<td title="Level"><font color="#993300"><strong>ERROR</strong></font></td>
<td title="Tests.TestCase1 category">Tests.TestCase1</td>
<td>TestCase1.java:106</td>
<td title="Message">Test Case Status is Fail due org.openqa.selenium.NoSuchSessionException: Session ID is null. Using WebDriver after calling quit()?
Build info: version: '4.14.1', revision: '03f8ede370'
System info: os.name: 'Windows 10', os.arch: 'amd64', os.version: '10.0', java.version: '18.0.2'
Driver info: org.openqa.selenium.chrome.ChromeDriver
Command: [null, findElement {using=class name, value=todo-count}]
Capabilities {acceptInsecureCerts: false, browserName: chrome, browserVersion: 118.0.5993.89, chrome: {chromedriverVersion: 118.0.5993.70 (e52f33f30b91..., userDataDir: C:\Users\AIN126\AppData\Loc...}, fedcm:accounts: true, goog:chromeOptions: {debuggerAddress: localhost:61229}, networkConnectionEnabled: false, pageLoadStrategy: normal, platformName: windows, proxy: Proxy(), se:cdp: ws://localhost:61229/devtoo..., se:cdpVersion: 118.0.5993.89, setWindowRect: true, strictFileInteractability: false, timeouts: {implicit: 0, pageLoad: 300000, script: 30000}, unhandledPromptBehavior: dismiss and notify, webauthn:extension:credBlob: true, webauthn:extension:largeBlob: true, webauthn:extension:minPinLength: true, webauthn:extension:prf: true, webauthn:virtualAuthenticators: true}</td>
</tr>
<!DOCTYPE HTML PUBLIC "-//W3C//DTD HTML 4.01 Transitional//EN" "http://www.w3.org/TR/html4/loose.dtd">
<html>
<head>
<title>Application log</title>
<style type="text/css">
<!--
body, table {font-family: arial,sans-serif; font-size: x-small;}
th {background: #336699; color: #FFFFFF; text-align: left;}
-->
</style>
</head>
<body bgcolor="#FFFFFF" topmargin="6" leftmargin="6">
<hr size="1" noshade>
Log session start time Sat Oct 21 01:47:28 IST 2023<br>
<br>
<table cellspacing="0" cellpadding="4" border="1" bordercolor="#224466" width="100%">
<tr>
<th>Time</th>
<th>Thread</th>
<th>Level</th>
<th>Category</th>
<th>File:Line</th>
<th>Message</th>
</tr>

<tr>
<td>0</td>
<td title="main thread">main</td>
<td title="Level">INFO</td>
<td title="Tests.TestCase1 category">Tests.TestCase1</td>
<td>TestCase1.java:57</td>
<td title="Message">Successfully Launched the TODO MVC</td>
</tr>

<tr>
<td>338</td>
<td title="main thread">main</td>
<td title="Level">INFO</td>
<td title="Tests.TestCase1 category">Tests.TestCase1</td>
<td>TestCase1.java:76</td>
<td title="Message">To Do Label is Displayed</td>
</tr>

<tr>
<td>339</td>
<td title="main thread">main</td>
<td title="Level">INFO</td>
<td title="Tests.TestCase1 category">Tests.TestCase1</td>
<td>TestCase1.java:78</td>
<td title="Message">Adding the Tasks</td>
</tr>

<tr>
<td>1624</td>
<td title="main thread">main</td>
<td title="Level"><font color="#993300"><strong>ERROR</strong></font></td>
<td title="Tests.TestCase1 category">Tests.TestCase1</td>
<td>TestCase1.java:91</td>
<td title="Message">Tasks are not added </td>
</tr>

<tr>
<td>1655</td>
<td title="main thread">main</td>
<td title="Level">INFO</td>
<td title="Tests.TestCase1 category">Tests.TestCase1</td>
<td>TestCase1.java:97</td>
<td title="Message">Verifying the added Tasks</td>
</tr>
<!DOCTYPE HTML PUBLIC "-//W3C//DTD HTML 4.01 Transitional//EN" "http://www.w3.org/TR/html4/loose.dtd">
<html>
<head>
<title>Application log</title>
<style type="text/css">
<!--
body, table {font-family: arial,sans-serif; font-size: x-small;}
th {background: #336699; color: #FFFFFF; text-align: left;}
-->
</style>
</head>
<body bgcolor="#FFFFFF" topmargin="6" leftmargin="6">
<hr size="1" noshade>
Log session start time Sat Oct 21 01:49:59 IST 2023<br>
<br>
<table cellspacing="0" cellpadding="4" border="1" bordercolor="#224466" width="100%">
<tr>
<th>Time</th>
<th>Thread</th>
<th>Level</th>
<th>Category</th>
<th>File:Line</th>
<th>Message</th>
</tr>

<tr>
<td>0</td>
<td title="main thread">main</td>
<td title="Level">INFO</td>
<td title="Tests.TestCase1 category">Tests.TestCase1</td>
<td>TestCase1.java:57</td>
<td title="Message">Successfully Launched the TODO MVC</td>
</tr>

<tr>
<td>293</td>
<td title="main thread">main</td>
<td title="Level">INFO</td>
<td title="Tests.TestCase1 category">Tests.TestCase1</td>
<td>TestCase1.java:76</td>
<td title="Message">To Do Label is Displayed</td>
</tr>

<tr>
<td>294</td>
<td title="main thread">main</td>
<td title="Level">INFO</td>
<td title="Tests.TestCase1 category">Tests.TestCase1</td>
<td>TestCase1.java:78</td>
<td title="Message">Adding the Tasks</td>
</tr>

<tr>
<td>1585</td>
<td title="main thread">main</td>
<td title="Level"><font color="#993300"><strong>ERROR</strong></font></td>
<td title="Tests.TestCase1 category">Tests.TestCase1</td>
<td>TestCase1.java:91</td>
<td title="Message">Tasks are not added </td>
</tr>
<!DOCTYPE HTML PUBLIC "-//W3C//DTD HTML 4.01 Transitional//EN" "http://www.w3.org/TR/html4/loose.dtd">
<html>
<head>
<title>Application log</title>
<style type="text/css">
<!--
body, table {font-family: arial,sans-serif; font-size: x-small;}
th {background: #336699; color: #FFFFFF; text-align: left;}
-->
</style>
</head>
<body bgcolor="#FFFFFF" topmargin="6" leftmargin="6">
<hr size="1" noshade>
Log session start time Sat Oct 21 02:13:50 IST 2023<br>
<br>
<table cellspacing="0" cellpadding="4" border="1" bordercolor="#224466" width="100%">
<tr>
<th>Time</th>
<th>Thread</th>
<th>Level</th>
<th>Category</th>
<th>File:Line</th>
<th>Message</th>
</tr>

<tr>
<td>0</td>
<td title="main thread">main</td>
<td title="Level">INFO</td>
<td title="Tests.TestCase1 category">Tests.TestCase1</td>
<td>TestCase2.java:57</td>
<td title="Message">Successfully Launched the TODO MVC</td>
</tr>

<tr>
<td>161</td>
<td title="main thread">main</td>
<td title="Level"><font color="#993300"><strong>ERROR</strong></font></td>
<td title="Tests.TestCase1 category">Tests.TestCase1</td>
<td>TestCase2.java:111</td>
<td title="Message">Test Case Status is Fail due org.openqa.selenium.NoSuchElementException: no such element: Unable to locate element: {&quot;method&quot;:&quot;link text&quot;,&quot;selector&quot;:&quot;#/active&quot;}
  (Session info: chrome=118.0.5993.89)
For documentation on this error, please visit: https://www.selenium.dev/documentation/webdriver/troubleshooting/errors#no-such-element-exception
Build info: version: '4.14.1', revision: '03f8ede370'
System info: os.name: 'Windows 10', os.arch: 'amd64', os.version: '10.0', java.version: '18.0.2'
Driver info: org.openqa.selenium.chrome.ChromeDriver
Command: [a22354de93091fc50f6d7232e6768a1e, findElement {using=link text, value=#/active}]
Capabilities {acceptInsecureCerts: false, browserName: chrome, browserVersion: 118.0.5993.89, chrome: {chromedriverVersion: 118.0.5993.70 (e52f33f30b91..., userDataDir: C:\Users\AIN126\AppData\Loc...}, fedcm:accounts: true, goog:chromeOptions: {debuggerAddress: localhost:63036}, networkConnectionEnabled: false, pageLoadStrategy: normal, platformName: windows, proxy: Proxy(), se:cdp: ws://localhost:63036/devtoo..., se:cdpVersion: 118.0.5993.89, setWindowRect: true, strictFileInteractability: false, timeouts: {implicit: 0, pageLoad: 300000, script: 30000}, unhandledPromptBehavior: dismiss and notify, webauthn:extension:credBlob: true, webauthn:extension:largeBlob: true, webauthn:extension:minPinLength: true, webauthn:extension:prf: true, webauthn:virtualAuthenticators: true}
Session ID: a22354de93091fc50f6d7232e6768a1e</td>
</tr>
<!DOCTYPE HTML PUBLIC "-//W3C//DTD HTML 4.01 Transitional//EN" "http://www.w3.org/TR/html4/loose.dtd">
<html>
<head>
<title>Application log</title>
<style type="text/css">
<!--
body, table {font-family: arial,sans-serif; font-size: x-small;}
th {background: #336699; color: #FFFFFF; text-align: left;}
-->
</style>
</head>
<body bgcolor="#FFFFFF" topmargin="6" leftmargin="6">
<hr size="1" noshade>
Log session start time Sat Oct 21 02:14:34 IST 2023<br>
<br>
<table cellspacing="0" cellpadding="4" border="1" bordercolor="#224466" width="100%">
<tr>
<th>Time</th>
<th>Thread</th>
<th>Level</th>
<th>Category</th>
<th>File:Line</th>
<th>Message</th>
</tr>
</table>
<br>
</body></html><!DOCTYPE HTML PUBLIC "-//W3C//DTD HTML 4.01 Transitional//EN" "http://www.w3.org/TR/html4/loose.dtd">
<html>
<head>
<title>Application log</title>
<style type="text/css">
<!--
body, table {font-family: arial,sans-serif; font-size: x-small;}
th {background: #336699; color: #FFFFFF; text-align: left;}
-->
</style>
</head>
<body bgcolor="#FFFFFF" topmargin="6" leftmargin="6">
<hr size="1" noshade>
Log session start time Sat Oct 21 02:14:35 IST 2023<br>
<br>
<table cellspacing="0" cellpadding="4" border="1" bordercolor="#224466" width="100%">
<tr>
<th>Time</th>
<th>Thread</th>
<th>Level</th>
<th>Category</th>
<th>File:Line</th>
<th>Message</th>
</tr>

<tr>
<td>0</td>
<td title="main thread">main</td>
<td title="Level">INFO</td>
<td title="Tests.TestCase1 category">Tests.TestCase1</td>
<td>TestCase1.java:57</td>
<td title="Message">Successfully Launched the TODO MVC</td>
</tr>

<tr>
<td>368</td>
<td title="main thread">main</td>
<td title="Level">INFO</td>
<td title="Tests.TestCase1 category">Tests.TestCase1</td>
<td>TestCase1.java:76</td>
<td title="Message">To Do Label is Displayed</td>
</tr>

<tr>
<td>369</td>
<td title="main thread">main</td>
<td title="Level">INFO</td>
<td title="Tests.TestCase1 category">Tests.TestCase1</td>
<td>TestCase1.java:78</td>
<td title="Message">Adding the Tasks</td>
</tr>

<tr>
<td>1671</td>
<td title="main thread">main</td>
<td title="Level">INFO</td>
<td title="Tests.TestCase1 category">Tests.TestCase1</td>
<td>TestCase1.java:86</td>
<td title="Message">Tasks Added Successfully</td>
</tr>

<tr>
<td>1700</td>
<td title="main thread">main</td>
<td title="Level">INFO</td>
<td title="Tests.TestCase1 category">Tests.TestCase1</td>
<td>TestCase1.java:97</td>
<td title="Message">Verifying the added Tasks</td>
</tr>

<tr>
<td>2483</td>
<td title="main thread">main</td>
<td title="Level">INFO</td>
<td title="Tests.TestCase1 category">Tests.TestCase1</td>
<td>TestCase1.java:57</td>
<td title="Message">Successfully Launched the TODO MVC</td>
</tr>

<tr>
<td>2809</td>
<td title="main thread">main</td>
<td title="Level">INFO</td>
<td title="Tests.TestCase1 category">Tests.TestCase1</td>
<td>TestCase1.java:76</td>
<td title="Message">To Do Label is Displayed</td>
</tr>

<tr>
<td>2809</td>
<td title="main thread">main</td>
<td title="Level">INFO</td>
<td title="Tests.TestCase1 category">Tests.TestCase1</td>
<td>TestCase1.java:78</td>
<td title="Message">Adding the Tasks</td>
</tr>

<tr>
<td>4084</td>
<td title="main thread">main</td>
<td title="Level">INFO</td>
<td title="Tests.TestCase1 category">Tests.TestCase1</td>
<td>TestCase1.java:86</td>
<td title="Message">Tasks Added Successfully</td>
</tr>

<tr>
<td>4113</td>
<td title="main thread">main</td>
<td title="Level">INFO</td>
<td title="Tests.TestCase1 category">Tests.TestCase1</td>
<td>TestCase1.java:97</td>
<td title="Message">Verifying the added Tasks</td>
</tr>
<!DOCTYPE HTML PUBLIC "-//W3C//DTD HTML 4.01 Transitional//EN" "http://www.w3.org/TR/html4/loose.dtd">
<html>
<head>
<title>Application log</title>
<style type="text/css">
<!--
body, table {font-family: arial,sans-serif; font-size: x-small;}
th {background: #336699; color: #FFFFFF; text-align: left;}
-->
</style>
</head>
<body bgcolor="#FFFFFF" topmargin="6" leftmargin="6">
<hr size="1" noshade>
Log session start time Sat Oct 21 02:15:15 IST 2023<br>
<br>
<table cellspacing="0" cellpadding="4" border="1" bordercolor="#224466" width="100%">
<tr>
<th>Time</th>
<th>Thread</th>
<th>Level</th>
<th>Category</th>
<th>File:Line</th>
<th>Message</th>
</tr>
</table>
<br>
</body></html><!DOCTYPE HTML PUBLIC "-//W3C//DTD HTML 4.01 Transitional//EN" "http://www.w3.org/TR/html4/loose.dtd">
<html>
<head>
<title>Application log</title>
<style type="text/css">
<!--
body, table {font-family: arial,sans-serif; font-size: x-small;}
th {background: #336699; color: #FFFFFF; text-align: left;}
-->
</style>
</head>
<body bgcolor="#FFFFFF" topmargin="6" leftmargin="6">
<hr size="1" noshade>
Log session start time Sat Oct 21 02:15:17 IST 2023<br>
<br>
<table cellspacing="0" cellpadding="4" border="1" bordercolor="#224466" width="100%">
<tr>
<th>Time</th>
<th>Thread</th>
<th>Level</th>
<th>Category</th>
<th>File:Line</th>
<th>Message</th>
</tr>

<tr>
<td>0</td>
<td title="main thread">main</td>
<td title="Level">INFO</td>
<td title="Tests.TestCase1 category">Tests.TestCase1</td>
<td>TestCase1.java:57</td>
<td title="Message">Successfully Launched the TODO MVC</td>
</tr>

<tr>
<td>377</td>
<td title="main thread">main</td>
<td title="Level">INFO</td>
<td title="Tests.TestCase1 category">Tests.TestCase1</td>
<td>TestCase1.java:76</td>
<td title="Message">To Do Label is Displayed</td>
</tr>

<tr>
<td>378</td>
<td title="main thread">main</td>
<td title="Level">INFO</td>
<td title="Tests.TestCase1 category">Tests.TestCase1</td>
<td>TestCase1.java:78</td>
<td title="Message">Adding the Tasks</td>
</tr>

<tr>
<td>1647</td>
<td title="main thread">main</td>
<td title="Level">INFO</td>
<td title="Tests.TestCase1 category">Tests.TestCase1</td>
<td>TestCase1.java:86</td>
<td title="Message">Tasks Added Successfully</td>
</tr>

<tr>
<td>1676</td>
<td title="main thread">main</td>
<td title="Level">INFO</td>
<td title="Tests.TestCase1 category">Tests.TestCase1</td>
<td>TestCase1.java:97</td>
<td title="Message">Verifying the added Tasks</td>
</tr>

<tr>
<td>2388</td>
<td title="main thread">main</td>
<td title="Level">INFO</td>
<td title="Tests.TestCase1 category">Tests.TestCase1</td>
<td>TestCase2.java:57</td>
<td title="Message">Successfully Launched the TODO MVC</td>
</tr>

<tr>
<td>2599</td>
<td title="main thread">main</td>
<td title="Level"><font color="#993300"><strong>ERROR</strong></font></td>
<td title="Tests.TestCase1 category">Tests.TestCase1</td>
<td>TestCase2.java:111</td>
<td title="Message">Test Case Status is Fail due org.openqa.selenium.NoSuchElementException: no such element: Unable to locate element: {&quot;method&quot;:&quot;link text&quot;,&quot;selector&quot;:&quot;#/active&quot;}
  (Session info: chrome=118.0.5993.89)
For documentation on this error, please visit: https://www.selenium.dev/documentation/webdriver/troubleshooting/errors#no-such-element-exception
Build info: version: '4.14.1', revision: '03f8ede370'
System info: os.name: 'Windows 10', os.arch: 'amd64', os.version: '10.0', java.version: '18.0.2'
Driver info: org.openqa.selenium.chrome.ChromeDriver
Command: [8394c56950917917d1295ffe1c4e993f, findElement {using=link text, value=#/active}]
Capabilities {acceptInsecureCerts: false, browserName: chrome, browserVersion: 118.0.5993.89, chrome: {chromedriverVersion: 118.0.5993.70 (e52f33f30b91..., userDataDir: C:\Users\AIN126\AppData\Loc...}, fedcm:accounts: true, goog:chromeOptions: {debuggerAddress: localhost:63177}, networkConnectionEnabled: false, pageLoadStrategy: normal, platformName: windows, proxy: Proxy(), se:cdp: ws://localhost:63177/devtoo..., se:cdpVersion: 118.0.5993.89, setWindowRect: true, strictFileInteractability: false, timeouts: {implicit: 0, pageLoad: 300000, script: 30000}, unhandledPromptBehavior: dismiss and notify, webauthn:extension:credBlob: true, webauthn:extension:largeBlob: true, webauthn:extension:minPinLength: true, webauthn:extension:prf: true, webauthn:virtualAuthenticators: true}
Session ID: 8394c56950917917d1295ffe1c4e993f</td>
</tr>
<!DOCTYPE HTML PUBLIC "-//W3C//DTD HTML 4.01 Transitional//EN" "http://www.w3.org/TR/html4/loose.dtd">
<html>
<head>
<title>Application log</title>
<style type="text/css">
<!--
body, table {font-family: arial,sans-serif; font-size: x-small;}
th {background: #336699; color: #FFFFFF; text-align: left;}
-->
</style>
</head>
<body bgcolor="#FFFFFF" topmargin="6" leftmargin="6">
<hr size="1" noshade>
Log session start time Sat Oct 21 02:16:13 IST 2023<br>
<br>
<table cellspacing="0" cellpadding="4" border="1" bordercolor="#224466" width="100%">
<tr>
<th>Time</th>
<th>Thread</th>
<th>Level</th>
<th>Category</th>
<th>File:Line</th>
<th>Message</th>
</tr>
</table>
<br>
</body></html><!DOCTYPE HTML PUBLIC "-//W3C//DTD HTML 4.01 Transitional//EN" "http://www.w3.org/TR/html4/loose.dtd">
<html>
<head>
<title>Application log</title>
<style type="text/css">
<!--
body, table {font-family: arial,sans-serif; font-size: x-small;}
th {background: #336699; color: #FFFFFF; text-align: left;}
-->
</style>
</head>
<body bgcolor="#FFFFFF" topmargin="6" leftmargin="6">
<hr size="1" noshade>
Log session start time Sat Oct 21 02:16:14 IST 2023<br>
<br>
<table cellspacing="0" cellpadding="4" border="1" bordercolor="#224466" width="100%">
<tr>
<th>Time</th>
<th>Thread</th>
<th>Level</th>
<th>Category</th>
<th>File:Line</th>
<th>Message</th>
</tr>

<tr>
<td>0</td>
<td title="main thread">main</td>
<td title="Level">INFO</td>
<td title="Tests.TestCase1 category">Tests.TestCase1</td>
<td>TestCase1.java:57</td>
<td title="Message">Successfully Launched the TODO MVC</td>
</tr>

<tr>
<td>353</td>
<td title="main thread">main</td>
<td title="Level">INFO</td>
<td title="Tests.TestCase1 category">Tests.TestCase1</td>
<td>TestCase1.java:76</td>
<td title="Message">To Do Label is Displayed</td>
</tr>

<tr>
<td>353</td>
<td title="main thread">main</td>
<td title="Level">INFO</td>
<td title="Tests.TestCase1 category">Tests.TestCase1</td>
<td>TestCase1.java:78</td>
<td title="Message">Adding the Tasks</td>
</tr>

<tr>
<td>1627</td>
<td title="main thread">main</td>
<td title="Level">INFO</td>
<td title="Tests.TestCase1 category">Tests.TestCase1</td>
<td>TestCase1.java:86</td>
<td title="Message">Tasks Added Successfully</td>
</tr>

<tr>
<td>1657</td>
<td title="main thread">main</td>
<td title="Level">INFO</td>
<td title="Tests.TestCase1 category">Tests.TestCase1</td>
<td>TestCase1.java:97</td>
<td title="Message">Verifying the added Tasks</td>
</tr>

<tr>
<td>2367</td>
<td title="main thread">main</td>
<td title="Level">INFO</td>
<td title="Tests.TestCase1 category">Tests.TestCase1</td>
<td>TestCase2.java:57</td>
<td title="Message">Successfully Launched the TODO MVC</td>
</tr>

<tr>
<td>2581</td>
<td title="main thread">main</td>
<td title="Level"><font color="#993300"><strong>ERROR</strong></font></td>
<td title="Tests.TestCase1 category">Tests.TestCase1</td>
<td>TestCase2.java:111</td>
<td title="Message">Test Case Status is Fail due org.openqa.selenium.ElementNotInteractableException: element not interactable
  (Session info: chrome=118.0.5993.89)
Build info: version: '4.14.1', revision: '03f8ede370'
System info: os.name: 'Windows 10', os.arch: 'amd64', os.version: '10.0', java.version: '18.0.2'
Driver info: org.openqa.selenium.chrome.ChromeDriver
Command: [853a60ba88f1660690ede4210a551289, clickElement {id=F7E2FDBF5956106FD087217369A746A2_element_6}]
Capabilities {acceptInsecureCerts: false, browserName: chrome, browserVersion: 118.0.5993.89, chrome: {chromedriverVersion: 118.0.5993.70 (e52f33f30b91..., userDataDir: C:\Users\AIN126\AppData\Loc...}, fedcm:accounts: true, goog:chromeOptions: {debuggerAddress: localhost:63262}, networkConnectionEnabled: false, pageLoadStrategy: normal, platformName: windows, proxy: Proxy(), se:cdp: ws://localhost:63262/devtoo..., se:cdpVersion: 118.0.5993.89, setWindowRect: true, strictFileInteractability: false, timeouts: {implicit: 0, pageLoad: 300000, script: 30000}, unhandledPromptBehavior: dismiss and notify, webauthn:extension:credBlob: true, webauthn:extension:largeBlob: true, webauthn:extension:minPinLength: true, webauthn:extension:prf: true, webauthn:virtualAuthenticators: true}
Element: [[ChromeDriver: chrome on windows (853a60ba88f1660690ede4210a551289)] -&gt; class name: selected]
Session ID: 853a60ba88f1660690ede4210a551289</td>
</tr>
<!DOCTYPE HTML PUBLIC "-//W3C//DTD HTML 4.01 Transitional//EN" "http://www.w3.org/TR/html4/loose.dtd">
<html>
<head>
<title>Application log</title>
<style type="text/css">
<!--
body, table {font-family: arial,sans-serif; font-size: x-small;}
th {background: #336699; color: #FFFFFF; text-align: left;}
-->
</style>
</head>
<body bgcolor="#FFFFFF" topmargin="6" leftmargin="6">
<hr size="1" noshade>
Log session start time Sat Oct 21 02:25:07 IST 2023<br>
<br>
<table cellspacing="0" cellpadding="4" border="1" bordercolor="#224466" width="100%">
<tr>
<th>Time</th>
<th>Thread</th>
<th>Level</th>
<th>Category</th>
<th>File:Line</th>
<th>Message</th>
</tr>
</table>
<br>
</body></html><!DOCTYPE HTML PUBLIC "-//W3C//DTD HTML 4.01 Transitional//EN" "http://www.w3.org/TR/html4/loose.dtd">
<html>
<head>
<title>Application log</title>
<style type="text/css">
<!--
body, table {font-family: arial,sans-serif; font-size: x-small;}
th {background: #336699; color: #FFFFFF; text-align: left;}
-->
</style>
</head>
<body bgcolor="#FFFFFF" topmargin="6" leftmargin="6">
<hr size="1" noshade>
Log session start time Sat Oct 21 02:25:09 IST 2023<br>
<br>
<table cellspacing="0" cellpadding="4" border="1" bordercolor="#224466" width="100%">
<tr>
<th>Time</th>
<th>Thread</th>
<th>Level</th>
<th>Category</th>
<th>File:Line</th>
<th>Message</th>
</tr>

<tr>
<td>0</td>
<td title="main thread">main</td>
<td title="Level">INFO</td>
<td title="Tests.TestCase1 category">Tests.TestCase1</td>
<td>TestCase1.java:57</td>
<td title="Message">Successfully Launched the TODO MVC</td>
</tr>

<tr>
<td>329</td>
<td title="main thread">main</td>
<td title="Level">INFO</td>
<td title="Tests.TestCase1 category">Tests.TestCase1</td>
<td>TestCase1.java:76</td>
<td title="Message">To Do Label is Displayed</td>
</tr>

<tr>
<td>329</td>
<td title="main thread">main</td>
<td title="Level">INFO</td>
<td title="Tests.TestCase1 category">Tests.TestCase1</td>
<td>TestCase1.java:78</td>
<td title="Message">Adding the Tasks</td>
</tr>

<tr>
<td>1618</td>
<td title="main thread">main</td>
<td title="Level">INFO</td>
<td title="Tests.TestCase1 category">Tests.TestCase1</td>
<td>TestCase1.java:86</td>
<td title="Message">Tasks Added Successfully</td>
</tr>

<tr>
<td>1655</td>
<td title="main thread">main</td>
<td title="Level">INFO</td>
<td title="Tests.TestCase1 category">Tests.TestCase1</td>
<td>TestCase1.java:97</td>
<td title="Message">Verifying the added Tasks</td>
</tr>

<tr>
<td>2466</td>
<td title="main thread">main</td>
<td title="Level">INFO</td>
<td title="Tests.TestCase1 category">Tests.TestCase1</td>
<td>TestCase2.java:57</td>
<td title="Message">Successfully Launched the TODO MVC</td>
</tr>

<tr>
<td>2692</td>
<td title="main thread">main</td>
<td title="Level"><font color="#993300"><strong>ERROR</strong></font></td>
<td title="Tests.TestCase1 category">Tests.TestCase1</td>
<td>TestCase2.java:111</td>
<td title="Message">Test Case Status is Fail due org.openqa.selenium.ElementNotInteractableException: element not interactable
  (Session info: chrome=118.0.5993.89)
Build info: version: '4.14.1', revision: '03f8ede370'
System info: os.name: 'Windows 10', os.arch: 'amd64', os.version: '10.0', java.version: '18.0.2'
Driver info: org.openqa.selenium.chrome.ChromeDriver
Command: [1db7d4b9f05318a78ee6bc147ac8b28c, clickElement {id=9082FF1AD28A978C9D34525C1D9B4870_element_6}]
Capabilities {acceptInsecureCerts: false, browserName: chrome, browserVersion: 118.0.5993.89, chrome: {chromedriverVersion: 118.0.5993.70 (e52f33f30b91..., userDataDir: C:\Users\AIN126\AppData\Loc...}, fedcm:accounts: true, goog:chromeOptions: {debuggerAddress: localhost:63793}, networkConnectionEnabled: false, pageLoadStrategy: normal, platformName: windows, proxy: Proxy(), se:cdp: ws://localhost:63793/devtoo..., se:cdpVersion: 118.0.5993.89, setWindowRect: true, strictFileInteractability: false, timeouts: {implicit: 0, pageLoad: 300000, script: 30000}, unhandledPromptBehavior: dismiss and notify, webauthn:extension:credBlob: true, webauthn:extension:largeBlob: true, webauthn:extension:minPinLength: true, webauthn:extension:prf: true, webauthn:virtualAuthenticators: true}
Element: [[ChromeDriver: chrome on windows (1db7d4b9f05318a78ee6bc147ac8b28c)] -&gt; class name: selected]
Session ID: 1db7d4b9f05318a78ee6bc147ac8b28c</td>
</tr>
<!DOCTYPE HTML PUBLIC "-//W3C//DTD HTML 4.01 Transitional//EN" "http://www.w3.org/TR/html4/loose.dtd">
<html>
<head>
<title>Application log</title>
<style type="text/css">
<!--
body, table {font-family: arial,sans-serif; font-size: x-small;}
th {background: #336699; color: #FFFFFF; text-align: left;}
-->
</style>
</head>
<body bgcolor="#FFFFFF" topmargin="6" leftmargin="6">
<hr size="1" noshade>
Log session start time Sat Oct 21 02:26:34 IST 2023<br>
<br>
<table cellspacing="0" cellpadding="4" border="1" bordercolor="#224466" width="100%">
<tr>
<th>Time</th>
<th>Thread</th>
<th>Level</th>
<th>Category</th>
<th>File:Line</th>
<th>Message</th>
</tr>
</table>
<br>
</body></html><!DOCTYPE HTML PUBLIC "-//W3C//DTD HTML 4.01 Transitional//EN" "http://www.w3.org/TR/html4/loose.dtd">
<html>
<head>
<title>Application log</title>
<style type="text/css">
<!--
body, table {font-family: arial,sans-serif; font-size: x-small;}
th {background: #336699; color: #FFFFFF; text-align: left;}
-->
</style>
</head>
<body bgcolor="#FFFFFF" topmargin="6" leftmargin="6">
<hr size="1" noshade>
Log session start time Sat Oct 21 02:26:35 IST 2023<br>
<br>
<table cellspacing="0" cellpadding="4" border="1" bordercolor="#224466" width="100%">
<tr>
<th>Time</th>
<th>Thread</th>
<th>Level</th>
<th>Category</th>
<th>File:Line</th>
<th>Message</th>
</tr>

<tr>
<td>0</td>
<td title="main thread">main</td>
<td title="Level">INFO</td>
<td title="Tests.TestCase1 category">Tests.TestCase1</td>
<td>TestCase1.java:57</td>
<td title="Message">Successfully Launched the TODO MVC</td>
</tr>

<tr>
<td>369</td>
<td title="main thread">main</td>
<td title="Level">INFO</td>
<td title="Tests.TestCase1 category">Tests.TestCase1</td>
<td>TestCase1.java:76</td>
<td title="Message">To Do Label is Displayed</td>
</tr>

<tr>
<td>369</td>
<td title="main thread">main</td>
<td title="Level">INFO</td>
<td title="Tests.TestCase1 category">Tests.TestCase1</td>
<td>TestCase1.java:78</td>
<td title="Message">Adding the Tasks</td>
</tr>

<tr>
<td>1667</td>
<td title="main thread">main</td>
<td title="Level">INFO</td>
<td title="Tests.TestCase1 category">Tests.TestCase1</td>
<td>TestCase1.java:86</td>
<td title="Message">Tasks Added Successfully</td>
</tr>

<tr>
<td>1697</td>
<td title="main thread">main</td>
<td title="Level">INFO</td>
<td title="Tests.TestCase1 category">Tests.TestCase1</td>
<td>TestCase1.java:97</td>
<td title="Message">Verifying the added Tasks</td>
</tr>

<tr>
<td>2387</td>
<td title="main thread">main</td>
<td title="Level">INFO</td>
<td title="Tests.TestCase1 category">Tests.TestCase1</td>
<td>TestCase2.java:57</td>
<td title="Message">Successfully Launched the TODO MVC</td>
</tr>

<tr>
<td>2600</td>
<td title="main thread">main</td>
<td title="Level"><font color="#993300"><strong>ERROR</strong></font></td>
<td title="Tests.TestCase1 category">Tests.TestCase1</td>
<td>TestCase2.java:111</td>
<td title="Message">Test Case Status is Fail due org.openqa.selenium.NoSuchElementException: no such element: Unable to locate element: {&quot;method&quot;:&quot;css selector&quot;,&quot;selector&quot;:&quot;a[href='#/selected']&quot;}
  (Session info: chrome=118.0.5993.89)
For documentation on this error, please visit: https://www.selenium.dev/documentation/webdriver/troubleshooting/errors#no-such-element-exception
Build info: version: '4.14.1', revision: '03f8ede370'
System info: os.name: 'Windows 10', os.arch: 'amd64', os.version: '10.0', java.version: '18.0.2'
Driver info: org.openqa.selenium.chrome.ChromeDriver
Command: [ef8997f9edfaae4a80446d33455b7b67, findElement {using=css selector, value=a[href='#/selected']}]
Capabilities {acceptInsecureCerts: false, browserName: chrome, browserVersion: 118.0.5993.89, chrome: {chromedriverVersion: 118.0.5993.70 (e52f33f30b91..., userDataDir: C:\Users\AIN126\AppData\Loc...}, fedcm:accounts: true, goog:chromeOptions: {debuggerAddress: localhost:63903}, networkConnectionEnabled: false, pageLoadStrategy: normal, platformName: windows, proxy: Proxy(), se:cdp: ws://localhost:63903/devtoo..., se:cdpVersion: 118.0.5993.89, setWindowRect: true, strictFileInteractability: false, timeouts: {implicit: 0, pageLoad: 300000, script: 30000}, unhandledPromptBehavior: dismiss and notify, webauthn:extension:credBlob: true, webauthn:extension:largeBlob: true, webauthn:extension:minPinLength: true, webauthn:extension:prf: true, webauthn:virtualAuthenticators: true}
Session ID: ef8997f9edfaae4a80446d33455b7b67</td>
</tr>
<!DOCTYPE HTML PUBLIC "-//W3C//DTD HTML 4.01 Transitional//EN" "http://www.w3.org/TR/html4/loose.dtd">
<html>
<head>
<title>Application log</title>
<style type="text/css">
<!--
body, table {font-family: arial,sans-serif; font-size: x-small;}
th {background: #336699; color: #FFFFFF; text-align: left;}
-->
</style>
</head>
<body bgcolor="#FFFFFF" topmargin="6" leftmargin="6">
<hr size="1" noshade>
Log session start time Sat Oct 21 02:27:47 IST 2023<br>
<br>
<table cellspacing="0" cellpadding="4" border="1" bordercolor="#224466" width="100%">
<tr>
<th>Time</th>
<th>Thread</th>
<th>Level</th>
<th>Category</th>
<th>File:Line</th>
<th>Message</th>
</tr>
</table>
<br>
</body></html><!DOCTYPE HTML PUBLIC "-//W3C//DTD HTML 4.01 Transitional//EN" "http://www.w3.org/TR/html4/loose.dtd">
<html>
<head>
<title>Application log</title>
<style type="text/css">
<!--
body, table {font-family: arial,sans-serif; font-size: x-small;}
th {background: #336699; color: #FFFFFF; text-align: left;}
-->
</style>
</head>
<body bgcolor="#FFFFFF" topmargin="6" leftmargin="6">
<hr size="1" noshade>
Log session start time Sat Oct 21 02:27:48 IST 2023<br>
<br>
<table cellspacing="0" cellpadding="4" border="1" bordercolor="#224466" width="100%">
<tr>
<th>Time</th>
<th>Thread</th>
<th>Level</th>
<th>Category</th>
<th>File:Line</th>
<th>Message</th>
</tr>

<tr>
<td>0</td>
<td title="main thread">main</td>
<td title="Level">INFO</td>
<td title="Tests.TestCase1 category">Tests.TestCase1</td>
<td>TestCase1.java:57</td>
<td title="Message">Successfully Launched the TODO MVC</td>
</tr>

<tr>
<td>281</td>
<td title="main thread">main</td>
<td title="Level">INFO</td>
<td title="Tests.TestCase1 category">Tests.TestCase1</td>
<td>TestCase1.java:76</td>
<td title="Message">To Do Label is Displayed</td>
</tr>

<tr>
<td>282</td>
<td title="main thread">main</td>
<td title="Level">INFO</td>
<td title="Tests.TestCase1 category">Tests.TestCase1</td>
<td>TestCase1.java:78</td>
<td title="Message">Adding the Tasks</td>
</tr>

<tr>
<td>3764</td>
<td title="main thread">main</td>
<td title="Level">INFO</td>
<td title="Tests.TestCase1 category">Tests.TestCase1</td>
<td>TestCase1.java:86</td>
<td title="Message">Tasks Added Successfully</td>
</tr>

<tr>
<td>3795</td>
<td title="main thread">main</td>
<td title="Level">INFO</td>
<td title="Tests.TestCase1 category">Tests.TestCase1</td>
<td>TestCase1.java:97</td>
<td title="Message">Verifying the added Tasks</td>
</tr>

<tr>
<td>3890</td>
<td title="main thread">main</td>
<td title="Level">INFO</td>
<td title="Tests.TestCase1 category">Tests.TestCase1</td>
<td>TestCase1.java:101</td>
<td title="Message">Added Tasks are displayed successfully</td>
</tr>

<tr>
<td>4664</td>
<td title="main thread">main</td>
<td title="Level">INFO</td>
<td title="Tests.TestCase1 category">Tests.TestCase1</td>
<td>TestCase2.java:57</td>
<td title="Message">Successfully Launched the TODO MVC</td>
</tr>

<tr>
<td>4861</td>
<td title="main thread">main</td>
<td title="Level"><font color="#993300"><strong>ERROR</strong></font></td>
<td title="Tests.TestCase1 category">Tests.TestCase1</td>
<td>TestCase2.java:111</td>
<td title="Message">Test Case Status is Fail due org.openqa.selenium.NoSuchElementException: no such element: Unable to locate element: {&quot;method&quot;:&quot;css selector&quot;,&quot;selector&quot;:&quot;a[href='#/selected']&quot;}
  (Session info: chrome=118.0.5993.89)
For documentation on this error, please visit: https://www.selenium.dev/documentation/webdriver/troubleshooting/errors#no-such-element-exception
Build info: version: '4.14.1', revision: '03f8ede370'
System info: os.name: 'Windows 10', os.arch: 'amd64', os.version: '10.0', java.version: '18.0.2'
Driver info: org.openqa.selenium.chrome.ChromeDriver
Command: [b735f635cb7ff55a56d393c974c2c8d1, findElement {using=css selector, value=a[href='#/selected']}]
Capabilities {acceptInsecureCerts: false, browserName: chrome, browserVersion: 118.0.5993.89, chrome: {chromedriverVersion: 118.0.5993.70 (e52f33f30b91..., userDataDir: C:\Users\AIN126\AppData\Loc...}, fedcm:accounts: true, goog:chromeOptions: {debuggerAddress: localhost:63992}, networkConnectionEnabled: false, pageLoadStrategy: normal, platformName: windows, proxy: Proxy(), se:cdp: ws://localhost:63992/devtoo..., se:cdpVersion: 118.0.5993.89, setWindowRect: true, strictFileInteractability: false, timeouts: {implicit: 0, pageLoad: 300000, script: 30000}, unhandledPromptBehavior: dismiss and notify, webauthn:extension:credBlob: true, webauthn:extension:largeBlob: true, webauthn:extension:minPinLength: true, webauthn:extension:prf: true, webauthn:virtualAuthenticators: true}
Session ID: b735f635cb7ff55a56d393c974c2c8d1</td>
</tr>
<!DOCTYPE HTML PUBLIC "-//W3C//DTD HTML 4.01 Transitional//EN" "http://www.w3.org/TR/html4/loose.dtd">
<html>
<head>
<title>Application log</title>
<style type="text/css">
<!--
body, table {font-family: arial,sans-serif; font-size: x-small;}
th {background: #336699; color: #FFFFFF; text-align: left;}
-->
</style>
</head>
<body bgcolor="#FFFFFF" topmargin="6" leftmargin="6">
<hr size="1" noshade>
Log session start time Tue Oct 24 15:38:19 IST 2023<br>
<br>
<table cellspacing="0" cellpadding="4" border="1" bordercolor="#224466" width="100%">
<tr>
<th>Time</th>
<th>Thread</th>
<th>Level</th>
<th>Category</th>
<th>File:Line</th>
<th>Message</th>
</tr>
</table>
<br>
</body></html><!DOCTYPE HTML PUBLIC "-//W3C//DTD HTML 4.01 Transitional//EN" "http://www.w3.org/TR/html4/loose.dtd">
<html>
<head>
<title>Application log</title>
<style type="text/css">
<!--
body, table {font-family: arial,sans-serif; font-size: x-small;}
th {background: #336699; color: #FFFFFF; text-align: left;}
-->
</style>
</head>
<body bgcolor="#FFFFFF" topmargin="6" leftmargin="6">
<hr size="1" noshade>
Log session start time Tue Oct 24 15:38:21 IST 2023<br>
<br>
<table cellspacing="0" cellpadding="4" border="1" bordercolor="#224466" width="100%">
<tr>
<th>Time</th>
<th>Thread</th>
<th>Level</th>
<th>Category</th>
<th>File:Line</th>
<th>Message</th>
</tr>

<tr>
<td>0</td>
<td title="main thread">main</td>
<td title="Level">INFO</td>
<td title="Tests.TestCase1 category">Tests.TestCase1</td>
<td>TestCase1.java:57</td>
<td title="Message">Successfully Launched the TODO MVC</td>
</tr>

<tr>
<td>578</td>
<td title="main thread">main</td>
<td title="Level">INFO</td>
<td title="Tests.TestCase1 category">Tests.TestCase1</td>
<td>TestCase1.java:76</td>
<td title="Message">To Do Label is Displayed</td>
</tr>

<tr>
<td>579</td>
<td title="main thread">main</td>
<td title="Level">INFO</td>
<td title="Tests.TestCase1 category">Tests.TestCase1</td>
<td>TestCase1.java:78</td>
<td title="Message">Adding the Tasks</td>
</tr>

<tr>
<td>4370</td>
<td title="main thread">main</td>
<td title="Level">INFO</td>
<td title="Tests.TestCase1 category">Tests.TestCase1</td>
<td>TestCase1.java:86</td>
<td title="Message">Tasks Added Successfully</td>
</tr>

<tr>
<td>4437</td>
<td title="main thread">main</td>
<td title="Level">INFO</td>
<td title="Tests.TestCase1 category">Tests.TestCase1</td>
<td>TestCase1.java:97</td>
<td title="Message">Verifying the added Tasks</td>
</tr>

<tr>
<td>4618</td>
<td title="main thread">main</td>
<td title="Level">INFO</td>
<td title="Tests.TestCase1 category">Tests.TestCase1</td>
<td>TestCase1.java:101</td>
<td title="Message">Added Tasks are displayed successfully</td>
</tr>

<tr>
<td>6146</td>
<td title="main thread">main</td>
<td title="Level">INFO</td>
<td title="Tests.TestCase1 category">Tests.TestCase1</td>
<td>TestCase2.java:57</td>
<td title="Message">Successfully Launched the TODO MVC</td>
</tr>

<tr>
<td>6439</td>
<td title="main thread">main</td>
<td title="Level"><font color="#993300"><strong>ERROR</strong></font></td>
<td title="Tests.TestCase1 category">Tests.TestCase1</td>
<td>TestCase2.java:109</td>
<td title="Message">Test Case Status is Fail due org.openqa.selenium.InvalidSelectorException: invalid selector: Unable to locate an element with the xpath expression [@class=&quot;toggle&quot;]/following-sibling ::label because of the following error:
SyntaxError: Failed to execute 'evaluate' on 'Document': The string '[@class=&quot;toggle&quot;]/following-sibling ::label' is not a valid XPath expression.
  (Session info: chrome=118.0.5993.89)
For documentation on this error, please visit: https://www.selenium.dev/documentation/webdriver/troubleshooting/errors#invalid-selector-exception
Build info: version: '4.14.1', revision: '03f8ede370'
System info: os.name: 'Windows 10', os.arch: 'amd64', os.version: '10.0', java.version: '18.0.2'
Driver info: org.openqa.selenium.chrome.ChromeDriver
Command: [f21de0e326f772e5b00e8ccb88de0093, findElement {using=xpath, value=[@class=&quot;toggle&quot;]/following-sibling ::label}]
Capabilities {acceptInsecureCerts: false, browserName: chrome, browserVersion: 118.0.5993.89, chrome: {chromedriverVersion: 118.0.5993.70 (e52f33f30b91..., userDataDir: C:\Users\AIN126\AppData\Loc...}, fedcm:accounts: true, goog:chromeOptions: {debuggerAddress: localhost:64254}, networkConnectionEnabled: false, pageLoadStrategy: normal, platformName: windows, proxy: Proxy(), se:cdp: ws://localhost:64254/devtoo..., se:cdpVersion: 118.0.5993.89, setWindowRect: true, strictFileInteractability: false, timeouts: {implicit: 0, pageLoad: 300000, script: 30000}, unhandledPromptBehavior: dismiss and notify, webauthn:extension:credBlob: true, webauthn:extension:largeBlob: true, webauthn:extension:minPinLength: true, webauthn:extension:prf: true, webauthn:virtualAuthenticators: true}
Session ID: f21de0e326f772e5b00e8ccb88de0093</td>
</tr>
<!DOCTYPE HTML PUBLIC "-//W3C//DTD HTML 4.01 Transitional//EN" "http://www.w3.org/TR/html4/loose.dtd">
<html>
<head>
<title>Application log</title>
<style type="text/css">
<!--
body, table {font-family: arial,sans-serif; font-size: x-small;}
th {background: #336699; color: #FFFFFF; text-align: left;}
-->
</style>
</head>
<body bgcolor="#FFFFFF" topmargin="6" leftmargin="6">
<hr size="1" noshade>
Log session start time Tue Oct 24 21:34:22 IST 2023<br>
<br>
<table cellspacing="0" cellpadding="4" border="1" bordercolor="#224466" width="100%">
<tr>
<th>Time</th>
<th>Thread</th>
<th>Level</th>
<th>Category</th>
<th>File:Line</th>
<th>Message</th>
</tr>
</table>
<br>
</body></html><!DOCTYPE HTML PUBLIC "-//W3C//DTD HTML 4.01 Transitional//EN" "http://www.w3.org/TR/html4/loose.dtd">
<html>
<head>
<title>Application log</title>
<style type="text/css">
<!--
body, table {font-family: arial,sans-serif; font-size: x-small;}
th {background: #336699; color: #FFFFFF; text-align: left;}
-->
</style>
</head>
<body bgcolor="#FFFFFF" topmargin="6" leftmargin="6">
<hr size="1" noshade>
Log session start time Tue Oct 24 21:34:24 IST 2023<br>
<br>
<table cellspacing="0" cellpadding="4" border="1" bordercolor="#224466" width="100%">
<tr>
<th>Time</th>
<th>Thread</th>
<th>Level</th>
<th>Category</th>
<th>File:Line</th>
<th>Message</th>
</tr>

<tr>
<td>0</td>
<td title="main thread">main</td>
<td title="Level">INFO</td>
<td title="Tests.TestCase1 category">Tests.TestCase1</td>
<td>TestCase1.java:57</td>
<td title="Message">Successfully Launched the TODO MVC</td>
</tr>

<tr>
<td>510</td>
<td title="main thread">main</td>
<td title="Level">INFO</td>
<td title="Tests.TestCase1 category">Tests.TestCase1</td>
<td>TestCase1.java:76</td>
<td title="Message">To Do Label is Displayed</td>
</tr>

<tr>
<td>512</td>
<td title="main thread">main</td>
<td title="Level">INFO</td>
<td title="Tests.TestCase1 category">Tests.TestCase1</td>
<td>TestCase1.java:78</td>
<td title="Message">Adding the Tasks</td>
</tr>

<tr>
<td>4420</td>
<td title="main thread">main</td>
<td title="Level">INFO</td>
<td title="Tests.TestCase1 category">Tests.TestCase1</td>
<td>TestCase1.java:86</td>
<td title="Message">Tasks Added Successfully</td>
</tr>

<tr>
<td>4490</td>
<td title="main thread">main</td>
<td title="Level">INFO</td>
<td title="Tests.TestCase1 category">Tests.TestCase1</td>
<td>TestCase1.java:97</td>
<td title="Message">Verifying the added Tasks</td>
</tr>

<tr>
<td>4693</td>
<td title="main thread">main</td>
<td title="Level">INFO</td>
<td title="Tests.TestCase1 category">Tests.TestCase1</td>
<td>TestCase1.java:101</td>
<td title="Message">Added Tasks are displayed successfully</td>
</tr>

<tr>
<td>6251</td>
<td title="main thread">main</td>
<td title="Level">INFO</td>
<td title="Tests.TestCase1 category">Tests.TestCase1</td>
<td>TestCase2.java:57</td>
<td title="Message">Successfully Launched the TODO MVC</td>
</tr>

<tr>
<td>6526</td>
<td title="main thread">main</td>
<td title="Level"><font color="#993300"><strong>ERROR</strong></font></td>
<td title="Tests.TestCase1 category">Tests.TestCase1</td>
<td>TestCase2.java:109</td>
<td title="Message">Test Case Status is Fail due org.openqa.selenium.InvalidSelectorException: invalid selector: Unable to locate an element with the xpath expression [@class='toggle']/following-sibling ::label because of the following error:
SyntaxError: Failed to execute 'evaluate' on 'Document': The string '[@class='toggle']/following-sibling ::label' is not a valid XPath expression.
  (Session info: chrome=118.0.5993.89)
For documentation on this error, please visit: https://www.selenium.dev/documentation/webdriver/troubleshooting/errors#invalid-selector-exception
Build info: version: '4.14.1', revision: '03f8ede370'
System info: os.name: 'Windows 10', os.arch: 'amd64', os.version: '10.0', java.version: '18.0.2'
Driver info: org.openqa.selenium.chrome.ChromeDriver
Command: [65da9265df4d35eb65067c0874332a31, findElement {using=xpath, value=[@class='toggle']/following-sibling ::label}]
Capabilities {acceptInsecureCerts: false, browserName: chrome, browserVersion: 118.0.5993.89, chrome: {chromedriverVersion: 118.0.5993.70 (e52f33f30b91..., userDataDir: C:\Users\AIN126\AppData\Loc...}, fedcm:accounts: true, goog:chromeOptions: {debuggerAddress: localhost:62687}, networkConnectionEnabled: false, pageLoadStrategy: normal, platformName: windows, proxy: Proxy(), se:cdp: ws://localhost:62687/devtoo..., se:cdpVersion: 118.0.5993.89, setWindowRect: true, strictFileInteractability: false, timeouts: {implicit: 0, pageLoad: 300000, script: 30000}, unhandledPromptBehavior: dismiss and notify, webauthn:extension:credBlob: true, webauthn:extension:largeBlob: true, webauthn:extension:minPinLength: true, webauthn:extension:prf: true, webauthn:virtualAuthenticators: true}
Session ID: 65da9265df4d35eb65067c0874332a31</td>
</tr>
<!DOCTYPE HTML PUBLIC "-//W3C//DTD HTML 4.01 Transitional//EN" "http://www.w3.org/TR/html4/loose.dtd">
<html>
<head>
<title>Application log</title>
<style type="text/css">
<!--
body, table {font-family: arial,sans-serif; font-size: x-small;}
th {background: #336699; color: #FFFFFF; text-align: left;}
-->
</style>
</head>
<body bgcolor="#FFFFFF" topmargin="6" leftmargin="6">
<hr size="1" noshade>
Log session start time Tue Oct 24 21:43:06 IST 2023<br>
<br>
<table cellspacing="0" cellpadding="4" border="1" bordercolor="#224466" width="100%">
<tr>
<th>Time</th>
<th>Thread</th>
<th>Level</th>
<th>Category</th>
<th>File:Line</th>
<th>Message</th>
</tr>

<tr>
<td>0</td>
<td title="main thread">main</td>
<td title="Level">INFO</td>
<td title="Tests.TestCase1 category">Tests.TestCase1</td>
<td>TestCase2.java:57</td>
<td title="Message">Successfully Launched the TODO MVC</td>
</tr>

<tr>
<td>283</td>
<td title="main thread">main</td>
<td title="Level"><font color="#993300"><strong>ERROR</strong></font></td>
<td title="Tests.TestCase1 category">Tests.TestCase1</td>
<td>TestCase2.java:109</td>
<td title="Message">Test Case Status is Fail due org.openqa.selenium.NoSuchElementException: no such element: Unable to locate element: {&quot;method&quot;:&quot;xpath&quot;,&quot;selector&quot;:&quot;input[@class='toggle']/following-sibling :: label&quot;}
  (Session info: chrome=118.0.5993.89)
For documentation on this error, please visit: https://www.selenium.dev/documentation/webdriver/troubleshooting/errors#no-such-element-exception
Build info: version: '4.14.1', revision: '03f8ede370'
System info: os.name: 'Windows 10', os.arch: 'amd64', os.version: '10.0', java.version: '18.0.2'
Driver info: org.openqa.selenium.chrome.ChromeDriver
Command: [19f9b307aa9c0c1fc559f3d8c2d03de1, findElement {using=xpath, value=input[@class='toggle']/following-sibling :: label}]
Capabilities {acceptInsecureCerts: false, browserName: chrome, browserVersion: 118.0.5993.89, chrome: {chromedriverVersion: 118.0.5993.70 (e52f33f30b91..., userDataDir: C:\Users\AIN126\AppData\Loc...}, fedcm:accounts: true, goog:chromeOptions: {debuggerAddress: localhost:63065}, networkConnectionEnabled: false, pageLoadStrategy: normal, platformName: windows, proxy: Proxy(), se:cdp: ws://localhost:63065/devtoo..., se:cdpVersion: 118.0.5993.89, setWindowRect: true, strictFileInteractability: false, timeouts: {implicit: 0, pageLoad: 300000, script: 30000}, unhandledPromptBehavior: dismiss and notify, webauthn:extension:credBlob: true, webauthn:extension:largeBlob: true, webauthn:extension:minPinLength: true, webauthn:extension:prf: true, webauthn:virtualAuthenticators: true}
Session ID: 19f9b307aa9c0c1fc559f3d8c2d03de1</td>
</tr>
<!DOCTYPE HTML PUBLIC "-//W3C//DTD HTML 4.01 Transitional//EN" "http://www.w3.org/TR/html4/loose.dtd">
<html>
<head>
<title>Application log</title>
<style type="text/css">
<!--
body, table {font-family: arial,sans-serif; font-size: x-small;}
th {background: #336699; color: #FFFFFF; text-align: left;}
-->
</style>
</head>
<body bgcolor="#FFFFFF" topmargin="6" leftmargin="6">
<hr size="1" noshade>
Log session start time Tue Oct 24 21:43:24 IST 2023<br>
<br>
<table cellspacing="0" cellpadding="4" border="1" bordercolor="#224466" width="100%">
<tr>
<th>Time</th>
<th>Thread</th>
<th>Level</th>
<th>Category</th>
<th>File:Line</th>
<th>Message</th>
</tr>
</table>
<br>
</body></html><!DOCTYPE HTML PUBLIC "-//W3C//DTD HTML 4.01 Transitional//EN" "http://www.w3.org/TR/html4/loose.dtd">
<html>
<head>
<title>Application log</title>
<style type="text/css">
<!--
body, table {font-family: arial,sans-serif; font-size: x-small;}
th {background: #336699; color: #FFFFFF; text-align: left;}
-->
</style>
</head>
<body bgcolor="#FFFFFF" topmargin="6" leftmargin="6">
<hr size="1" noshade>
Log session start time Tue Oct 24 21:43:26 IST 2023<br>
<br>
<table cellspacing="0" cellpadding="4" border="1" bordercolor="#224466" width="100%">
<tr>
<th>Time</th>
<th>Thread</th>
<th>Level</th>
<th>Category</th>
<th>File:Line</th>
<th>Message</th>
</tr>

<tr>
<td>0</td>
<td title="main thread">main</td>
<td title="Level">INFO</td>
<td title="Tests.TestCase1 category">Tests.TestCase1</td>
<td>TestCase1.java:57</td>
<td title="Message">Successfully Launched the TODO MVC</td>
</tr>

<tr>
<td>586</td>
<td title="main thread">main</td>
<td title="Level">INFO</td>
<td title="Tests.TestCase1 category">Tests.TestCase1</td>
<td>TestCase1.java:76</td>
<td title="Message">To Do Label is Displayed</td>
</tr>

<tr>
<td>587</td>
<td title="main thread">main</td>
<td title="Level">INFO</td>
<td title="Tests.TestCase1 category">Tests.TestCase1</td>
<td>TestCase1.java:78</td>
<td title="Message">Adding the Tasks</td>
</tr>

<tr>
<td>4376</td>
<td title="main thread">main</td>
<td title="Level">INFO</td>
<td title="Tests.TestCase1 category">Tests.TestCase1</td>
<td>TestCase1.java:86</td>
<td title="Message">Tasks Added Successfully</td>
</tr>

<tr>
<td>4433</td>
<td title="main thread">main</td>
<td title="Level">INFO</td>
<td title="Tests.TestCase1 category">Tests.TestCase1</td>
<td>TestCase1.java:97</td>
<td title="Message">Verifying the added Tasks</td>
</tr>

<tr>
<td>4578</td>
<td title="main thread">main</td>
<td title="Level">INFO</td>
<td title="Tests.TestCase1 category">Tests.TestCase1</td>
<td>TestCase1.java:101</td>
<td title="Message">Added Tasks are displayed successfully</td>
</tr>

<tr>
<td>6140</td>
<td title="main thread">main</td>
<td title="Level">INFO</td>
<td title="Tests.TestCase1 category">Tests.TestCase1</td>
<td>TestCase2.java:57</td>
<td title="Message">Successfully Launched the TODO MVC</td>
</tr>

<tr>
<td>6332</td>
<td title="main thread">main</td>
<td title="Level"><font color="#993300"><strong>ERROR</strong></font></td>
<td title="Tests.TestCase1 category">Tests.TestCase1</td>
<td>TestCase2.java:109</td>
<td title="Message">Test Case Status is Fail due org.openqa.selenium.NoSuchElementException: no such element: Unable to locate element: {&quot;method&quot;:&quot;xpath&quot;,&quot;selector&quot;:&quot;input[@class='toggle']/following-sibling :: label&quot;}
  (Session info: chrome=118.0.5993.89)
For documentation on this error, please visit: https://www.selenium.dev/documentation/webdriver/troubleshooting/errors#no-such-element-exception
Build info: version: '4.14.1', revision: '03f8ede370'
System info: os.name: 'Windows 10', os.arch: 'amd64', os.version: '10.0', java.version: '18.0.2'
Driver info: org.openqa.selenium.chrome.ChromeDriver
Command: [d5c43370992f9e5ed177c8df9e565861, findElement {using=xpath, value=input[@class='toggle']/following-sibling :: label}]
Capabilities {acceptInsecureCerts: false, browserName: chrome, browserVersion: 118.0.5993.89, chrome: {chromedriverVersion: 118.0.5993.70 (e52f33f30b91..., userDataDir: C:\Users\AIN126\AppData\Loc...}, fedcm:accounts: true, goog:chromeOptions: {debuggerAddress: localhost:63120}, networkConnectionEnabled: false, pageLoadStrategy: normal, platformName: windows, proxy: Proxy(), se:cdp: ws://localhost:63120/devtoo..., se:cdpVersion: 118.0.5993.89, setWindowRect: true, strictFileInteractability: false, timeouts: {implicit: 0, pageLoad: 300000, script: 30000}, unhandledPromptBehavior: dismiss and notify, webauthn:extension:credBlob: true, webauthn:extension:largeBlob: true, webauthn:extension:minPinLength: true, webauthn:extension:prf: true, webauthn:virtualAuthenticators: true}
Session ID: d5c43370992f9e5ed177c8df9e565861</td>
</tr>
<!DOCTYPE HTML PUBLIC "-//W3C//DTD HTML 4.01 Transitional//EN" "http://www.w3.org/TR/html4/loose.dtd">
<html>
<head>
<title>Application log</title>
<style type="text/css">
<!--
body, table {font-family: arial,sans-serif; font-size: x-small;}
th {background: #336699; color: #FFFFFF; text-align: left;}
-->
</style>
</head>
<body bgcolor="#FFFFFF" topmargin="6" leftmargin="6">
<hr size="1" noshade>
Log session start time Tue Oct 24 21:44:52 IST 2023<br>
<br>
<table cellspacing="0" cellpadding="4" border="1" bordercolor="#224466" width="100%">
<tr>
<th>Time</th>
<th>Thread</th>
<th>Level</th>
<th>Category</th>
<th>File:Line</th>
<th>Message</th>
</tr>

<tr>
<td>0</td>
<td title="main thread">main</td>
<td title="Level">INFO</td>
<td title="Tests.TestCase1 category">Tests.TestCase1</td>
<td>TestCase1.java:58</td>
<td title="Message">Successfully Launched the TODO MVC</td>
</tr>

<tr>
<td>459</td>
<td title="main thread">main</td>
<td title="Level">INFO</td>
<td title="Tests.TestCase1 category">Tests.TestCase1</td>
<td>TestCase1.java:77</td>
<td title="Message">To Do Label is Displayed</td>
</tr>

<tr>
<td>460</td>
<td title="main thread">main</td>
<td title="Level">INFO</td>
<td title="Tests.TestCase1 category">Tests.TestCase1</td>
<td>TestCase1.java:79</td>
<td title="Message">Adding the Tasks</td>
</tr>

<tr>
<td>4333</td>
<td title="main thread">main</td>
<td title="Level">INFO</td>
<td title="Tests.TestCase1 category">Tests.TestCase1</td>
<td>TestCase1.java:87</td>
<td title="Message">Tasks Added Successfully</td>
</tr>

<tr>
<td>4381</td>
<td title="main thread">main</td>
<td title="Level">INFO</td>
<td title="Tests.TestCase1 category">Tests.TestCase1</td>
<td>TestCase1.java:98</td>
<td title="Message">Verifying the added Tasks</td>
</tr>

<tr>
<td>4505</td>
<td title="main thread">main</td>
<td title="Level">INFO</td>
<td title="Tests.TestCase1 category">Tests.TestCase1</td>
<td>TestCase1.java:102</td>
<td title="Message">Added Tasks are displayed successfully</td>
</tr>

<tr>
<td>4551</td>
<td title="main thread">main</td>
<td title="Level"><font color="#993300"><strong>ERROR</strong></font></td>
<td title="Tests.TestCase1 category">Tests.TestCase1</td>
<td>TestCase1.java:109</td>
<td title="Message">Test Case Status is Fail due org.openqa.selenium.NoSuchElementException: no such element: Unable to locate element: {&quot;method&quot;:&quot;xpath&quot;,&quot;selector&quot;:&quot;input[@class='toggle']/following-sibling :: label&quot;}
  (Session info: chrome=118.0.5993.89)
For documentation on this error, please visit: https://www.selenium.dev/documentation/webdriver/troubleshooting/errors#no-such-element-exception
Build info: version: '4.14.1', revision: '03f8ede370'
System info: os.name: 'Windows 10', os.arch: 'amd64', os.version: '10.0', java.version: '18.0.2'
Driver info: org.openqa.selenium.chrome.ChromeDriver
Command: [b562af646e4b73f9ef063e8f9747a3db, findElement {using=xpath, value=input[@class='toggle']/following-sibling :: label}]
Capabilities {acceptInsecureCerts: false, browserName: chrome, browserVersion: 118.0.5993.89, chrome: {chromedriverVersion: 118.0.5993.70 (e52f33f30b91..., userDataDir: C:\Users\AIN126\AppData\Loc...}, fedcm:accounts: true, goog:chromeOptions: {debuggerAddress: localhost:63197}, networkConnectionEnabled: false, pageLoadStrategy: normal, platformName: windows, proxy: Proxy(), se:cdp: ws://localhost:63197/devtoo..., se:cdpVersion: 118.0.5993.89, setWindowRect: true, strictFileInteractability: false, timeouts: {implicit: 0, pageLoad: 300000, script: 30000}, unhandledPromptBehavior: dismiss and notify, webauthn:extension:credBlob: true, webauthn:extension:largeBlob: true, webauthn:extension:minPinLength: true, webauthn:extension:prf: true, webauthn:virtualAuthenticators: true}
Session ID: b562af646e4b73f9ef063e8f9747a3db</td>
</tr>
<!DOCTYPE HTML PUBLIC "-//W3C//DTD HTML 4.01 Transitional//EN" "http://www.w3.org/TR/html4/loose.dtd">
<html>
<head>
<title>Application log</title>
<style type="text/css">
<!--
body, table {font-family: arial,sans-serif; font-size: x-small;}
th {background: #336699; color: #FFFFFF; text-align: left;}
-->
</style>
</head>
<body bgcolor="#FFFFFF" topmargin="6" leftmargin="6">
<hr size="1" noshade>
Log session start time Tue Oct 24 21:59:58 IST 2023<br>
<br>
<table cellspacing="0" cellpadding="4" border="1" bordercolor="#224466" width="100%">
<tr>
<th>Time</th>
<th>Thread</th>
<th>Level</th>
<th>Category</th>
<th>File:Line</th>
<th>Message</th>
</tr>

<tr>
<td>0</td>
<td title="main thread">main</td>
<td title="Level">INFO</td>
<td title="Tests.TestCase1 category">Tests.TestCase1</td>
<td>TestCase1.java:58</td>
<td title="Message">Successfully Launched the TODO MVC</td>
</tr>

<tr>
<td>525</td>
<td title="main thread">main</td>
<td title="Level">INFO</td>
<td title="Tests.TestCase1 category">Tests.TestCase1</td>
<td>TestCase1.java:77</td>
<td title="Message">To Do Label is Displayed</td>
</tr>

<tr>
<td>526</td>
<td title="main thread">main</td>
<td title="Level">INFO</td>
<td title="Tests.TestCase1 category">Tests.TestCase1</td>
<td>TestCase1.java:79</td>
<td title="Message">Adding the Tasks</td>
</tr>

<tr>
<td>4259</td>
<td title="main thread">main</td>
<td title="Level">INFO</td>
<td title="Tests.TestCase1 category">Tests.TestCase1</td>
<td>TestCase1.java:87</td>
<td title="Message">Tasks Added Successfully</td>
</tr>

<tr>
<td>4321</td>
<td title="main thread">main</td>
<td title="Level">INFO</td>
<td title="Tests.TestCase1 category">Tests.TestCase1</td>
<td>TestCase1.java:98</td>
<td title="Message">Verifying the added Tasks</td>
</tr>

<tr>
<td>4459</td>
<td title="main thread">main</td>
<td title="Level">INFO</td>
<td title="Tests.TestCase1 category">Tests.TestCase1</td>
<td>TestCase1.java:102</td>
<td title="Message">Added Tasks are displayed successfully</td>
</tr>
<!DOCTYPE HTML PUBLIC "-//W3C//DTD HTML 4.01 Transitional//EN" "http://www.w3.org/TR/html4/loose.dtd">
<html>
<head>
<title>Application log</title>
<style type="text/css">
<!--
body, table {font-family: arial,sans-serif; font-size: x-small;}
th {background: #336699; color: #FFFFFF; text-align: left;}
-->
</style>
</head>
<body bgcolor="#FFFFFF" topmargin="6" leftmargin="6">
<hr size="1" noshade>
Log session start time Tue Oct 24 22:02:40 IST 2023<br>
<br>
<table cellspacing="0" cellpadding="4" border="1" bordercolor="#224466" width="100%">
<tr>
<th>Time</th>
<th>Thread</th>
<th>Level</th>
<th>Category</th>
<th>File:Line</th>
<th>Message</th>
</tr>

<tr>
<td>0</td>
<td title="main thread">main</td>
<td title="Level">INFO</td>
<td title="Tests.TestCase1 category">Tests.TestCase1</td>
<td>TestCase1.java:58</td>
<td title="Message">Successfully Launched the TODO MVC</td>
</tr>

<tr>
<td>534</td>
<td title="main thread">main</td>
<td title="Level">INFO</td>
<td title="Tests.TestCase1 category">Tests.TestCase1</td>
<td>TestCase1.java:77</td>
<td title="Message">To Do Label is Displayed</td>
</tr>

<tr>
<td>535</td>
<td title="main thread">main</td>
<td title="Level">INFO</td>
<td title="Tests.TestCase1 category">Tests.TestCase1</td>
<td>TestCase1.java:79</td>
<td title="Message">Adding the Tasks</td>
</tr>

<tr>
<td>4509</td>
<td title="main thread">main</td>
<td title="Level">INFO</td>
<td title="Tests.TestCase1 category">Tests.TestCase1</td>
<td>TestCase1.java:87</td>
<td title="Message">Tasks Added Successfully</td>
</tr>

<tr>
<td>4568</td>
<td title="main thread">main</td>
<td title="Level">INFO</td>
<td title="Tests.TestCase1 category">Tests.TestCase1</td>
<td>TestCase1.java:98</td>
<td title="Message">Verifying the added Tasks</td>
</tr>

<tr>
<td>4695</td>
<td title="main thread">main</td>
<td title="Level">INFO</td>
<td title="Tests.TestCase1 category">Tests.TestCase1</td>
<td>TestCase1.java:102</td>
<td title="Message">Added Tasks are displayed successfully</td>
</tr>
<!DOCTYPE HTML PUBLIC "-//W3C//DTD HTML 4.01 Transitional//EN" "http://www.w3.org/TR/html4/loose.dtd">
<html>
<head>
<title>Application log</title>
<style type="text/css">
<!--
body, table {font-family: arial,sans-serif; font-size: x-small;}
th {background: #336699; color: #FFFFFF; text-align: left;}
-->
</style>
</head>
<body bgcolor="#FFFFFF" topmargin="6" leftmargin="6">
<hr size="1" noshade>
Log session start time Tue Oct 24 22:09:48 IST 2023<br>
<br>
<table cellspacing="0" cellpadding="4" border="1" bordercolor="#224466" width="100%">
<tr>
<th>Time</th>
<th>Thread</th>
<th>Level</th>
<th>Category</th>
<th>File:Line</th>
<th>Message</th>
</tr>

<tr>
<td>0</td>
<td title="main thread">main</td>
<td title="Level">INFO</td>
<td title="Tests.TestCase1 category">Tests.TestCase1</td>
<td>TestCase1.java:58</td>
<td title="Message">Successfully Launched the TODO MVC</td>
</tr>

<tr>
<td>572</td>
<td title="main thread">main</td>
<td title="Level">INFO</td>
<td title="Tests.TestCase1 category">Tests.TestCase1</td>
<td>TestCase1.java:77</td>
<td title="Message">To Do Label is Displayed</td>
</tr>

<tr>
<td>574</td>
<td title="main thread">main</td>
<td title="Level">INFO</td>
<td title="Tests.TestCase1 category">Tests.TestCase1</td>
<td>TestCase1.java:79</td>
<td title="Message">Adding the Tasks</td>
</tr>

<tr>
<td>4362</td>
<td title="main thread">main</td>
<td title="Level">INFO</td>
<td title="Tests.TestCase1 category">Tests.TestCase1</td>
<td>TestCase1.java:87</td>
<td title="Message">Tasks Added Successfully</td>
</tr>

<tr>
<td>4422</td>
<td title="main thread">main</td>
<td title="Level">INFO</td>
<td title="Tests.TestCase1 category">Tests.TestCase1</td>
<td>TestCase1.java:98</td>
<td title="Message">Verifying the added Tasks</td>
</tr>

<tr>
<td>4550</td>
<td title="main thread">main</td>
<td title="Level">INFO</td>
<td title="Tests.TestCase1 category">Tests.TestCase1</td>
<td>TestCase1.java:102</td>
<td title="Message">Added Tasks are displayed successfully</td>
</tr>

<tr>
<td>4726</td>
<td title="main thread">main</td>
<td title="Level"><font color="#993300"><strong>ERROR</strong></font></td>
<td title="Tests.TestCase1 category">Tests.TestCase1</td>
<td>TestCase1.java:109</td>
<td title="Message">Test Case Status is Fail due org.openqa.selenium.ElementNotInteractableException: element not interactable
  (Session info: chrome=118.0.5993.89)
Build info: version: '4.14.1', revision: '03f8ede370'
System info: os.name: 'Windows 10', os.arch: 'amd64', os.version: '10.0', java.version: '18.0.2'
Driver info: org.openqa.selenium.chrome.ChromeDriver
Command: [3bdd0268a8eee321da9bea2598d0e9e9, clickElement {id=C6E6FF7CE28118167A6F054E214BD6EC_element_22}]
Capabilities {acceptInsecureCerts: false, browserName: chrome, browserVersion: 118.0.5993.89, chrome: {chromedriverVersion: 118.0.5993.70 (e52f33f30b91..., userDataDir: C:\Users\AIN126\AppData\Loc...}, fedcm:accounts: true, goog:chromeOptions: {debuggerAddress: localhost:64090}, networkConnectionEnabled: false, pageLoadStrategy: normal, platformName: windows, proxy: Proxy(), se:cdp: ws://localhost:64090/devtoo..., se:cdpVersion: 118.0.5993.89, setWindowRect: true, strictFileInteractability: false, timeouts: {implicit: 0, pageLoad: 300000, script: 30000}, unhandledPromptBehavior: dismiss and notify, webauthn:extension:credBlob: true, webauthn:extension:largeBlob: true, webauthn:extension:minPinLength: true, webauthn:extension:prf: true, webauthn:virtualAuthenticators: true}
Element: [[[[ChromeDriver: chrome on windows (3bdd0268a8eee321da9bea2598d0e9e9)] -&gt; xpath: //input[@class=&quot;toggle&quot;]/following-sibling ::label]] -&gt; xpath: //following-sibling::button]
Session ID: 3bdd0268a8eee321da9bea2598d0e9e9</td>
</tr>
<!DOCTYPE HTML PUBLIC "-//W3C//DTD HTML 4.01 Transitional//EN" "http://www.w3.org/TR/html4/loose.dtd">
<html>
<head>
<title>Application log</title>
<style type="text/css">
<!--
body, table {font-family: arial,sans-serif; font-size: x-small;}
th {background: #336699; color: #FFFFFF; text-align: left;}
-->
</style>
</head>
<body bgcolor="#FFFFFF" topmargin="6" leftmargin="6">
<hr size="1" noshade>
Log session start time Tue Oct 24 22:17:48 IST 2023<br>
<br>
<table cellspacing="0" cellpadding="4" border="1" bordercolor="#224466" width="100%">
<tr>
<th>Time</th>
<th>Thread</th>
<th>Level</th>
<th>Category</th>
<th>File:Line</th>
<th>Message</th>
</tr>

<tr>
<td>0</td>
<td title="main thread">main</td>
<td title="Level">INFO</td>
<td title="Tests.TestCase1 category">Tests.TestCase1</td>
<td>TestCase1.java:58</td>
<td title="Message">Successfully Launched the TODO MVC</td>
</tr>

<tr>
<td>377</td>
<td title="main thread">main</td>
<td title="Level">INFO</td>
<td title="Tests.TestCase1 category">Tests.TestCase1</td>
<td>TestCase1.java:77</td>
<td title="Message">To Do Label is Displayed</td>
</tr>

<tr>
<td>378</td>
<td title="main thread">main</td>
<td title="Level">INFO</td>
<td title="Tests.TestCase1 category">Tests.TestCase1</td>
<td>TestCase1.java:79</td>
<td title="Message">Adding the Tasks</td>
</tr>

<tr>
<td>4115</td>
<td title="main thread">main</td>
<td title="Level">INFO</td>
<td title="Tests.TestCase1 category">Tests.TestCase1</td>
<td>TestCase1.java:87</td>
<td title="Message">Tasks Added Successfully</td>
</tr>

<tr>
<td>4176</td>
<td title="main thread">main</td>
<td title="Level">INFO</td>
<td title="Tests.TestCase1 category">Tests.TestCase1</td>
<td>TestCase1.java:98</td>
<td title="Message">Verifying the added Tasks</td>
</tr>

<tr>
<td>4294</td>
<td title="main thread">main</td>
<td title="Level">INFO</td>
<td title="Tests.TestCase1 category">Tests.TestCase1</td>
<td>TestCase1.java:102</td>
<td title="Message">Added Tasks are displayed successfully</td>
</tr>
<!DOCTYPE HTML PUBLIC "-//W3C//DTD HTML 4.01 Transitional//EN" "http://www.w3.org/TR/html4/loose.dtd">
<html>
<head>
<title>Application log</title>
<style type="text/css">
<!--
body, table {font-family: arial,sans-serif; font-size: x-small;}
th {background: #336699; color: #FFFFFF; text-align: left;}
-->
</style>
</head>
<body bgcolor="#FFFFFF" topmargin="6" leftmargin="6">
<hr size="1" noshade>
Log session start time Tue Oct 24 22:18:36 IST 2023<br>
<br>
<table cellspacing="0" cellpadding="4" border="1" bordercolor="#224466" width="100%">
<tr>
<th>Time</th>
<th>Thread</th>
<th>Level</th>
<th>Category</th>
<th>File:Line</th>
<th>Message</th>
</tr>

<tr>
<td>0</td>
<td title="main thread">main</td>
<td title="Level">INFO</td>
<td title="Tests.TestCase1 category">Tests.TestCase1</td>
<td>TestCase1.java:58</td>
<td title="Message">Successfully Launched the TODO MVC</td>
</tr>

<tr>
<td>366</td>
<td title="main thread">main</td>
<td title="Level">INFO</td>
<td title="Tests.TestCase1 category">Tests.TestCase1</td>
<td>TestCase1.java:77</td>
<td title="Message">To Do Label is Displayed</td>
</tr>

<tr>
<td>367</td>
<td title="main thread">main</td>
<td title="Level">INFO</td>
<td title="Tests.TestCase1 category">Tests.TestCase1</td>
<td>TestCase1.java:79</td>
<td title="Message">Adding the Tasks</td>
</tr>

<tr>
<td>4273</td>
<td title="main thread">main</td>
<td title="Level">INFO</td>
<td title="Tests.TestCase1 category">Tests.TestCase1</td>
<td>TestCase1.java:87</td>
<td title="Message">Tasks Added Successfully</td>
</tr>

<tr>
<td>4332</td>
<td title="main thread">main</td>
<td title="Level">INFO</td>
<td title="Tests.TestCase1 category">Tests.TestCase1</td>
<td>TestCase1.java:98</td>
<td title="Message">Verifying the added Tasks</td>
</tr>

<tr>
<td>4463</td>
<td title="main thread">main</td>
<td title="Level">INFO</td>
<td title="Tests.TestCase1 category">Tests.TestCase1</td>
<td>TestCase1.java:102</td>
<td title="Message">Added Tasks are displayed successfully</td>
</tr>
<!DOCTYPE HTML PUBLIC "-//W3C//DTD HTML 4.01 Transitional//EN" "http://www.w3.org/TR/html4/loose.dtd">
<html>
<head>
<title>Application log</title>
<style type="text/css">
<!--
body, table {font-family: arial,sans-serif; font-size: x-small;}
th {background: #336699; color: #FFFFFF; text-align: left;}
-->
</style>
</head>
<body bgcolor="#FFFFFF" topmargin="6" leftmargin="6">
<hr size="1" noshade>
Log session start time Tue Oct 24 22:28:12 IST 2023<br>
<br>
<table cellspacing="0" cellpadding="4" border="1" bordercolor="#224466" width="100%">
<tr>
<th>Time</th>
<th>Thread</th>
<th>Level</th>
<th>Category</th>
<th>File:Line</th>
<th>Message</th>
</tr>

<tr>
<td>1</td>
<td title="main thread">main</td>
<td title="Level">INFO</td>
<td title="Tests.TestCase1 category">Tests.TestCase1</td>
<td>TestCase1.java:58</td>
<td title="Message">Successfully Launched the TODO MVC</td>
</tr>

<tr>
<td>503</td>
<td title="main thread">main</td>
<td title="Level">INFO</td>
<td title="Tests.TestCase1 category">Tests.TestCase1</td>
<td>TestCase1.java:77</td>
<td title="Message">To Do Label is Displayed</td>
</tr>

<tr>
<td>504</td>
<td title="main thread">main</td>
<td title="Level">INFO</td>
<td title="Tests.TestCase1 category">Tests.TestCase1</td>
<td>TestCase1.java:79</td>
<td title="Message">Adding the Tasks</td>
</tr>

<tr>
<td>4284</td>
<td title="main thread">main</td>
<td title="Level">INFO</td>
<td title="Tests.TestCase1 category">Tests.TestCase1</td>
<td>TestCase1.java:87</td>
<td title="Message">Tasks Added Successfully</td>
</tr>

<tr>
<td>4338</td>
<td title="main thread">main</td>
<td title="Level">INFO</td>
<td title="Tests.TestCase1 category">Tests.TestCase1</td>
<td>TestCase1.java:98</td>
<td title="Message">Verifying the added Tasks</td>
</tr>

<tr>
<td>4464</td>
<td title="main thread">main</td>
<td title="Level">INFO</td>
<td title="Tests.TestCase1 category">Tests.TestCase1</td>
<td>TestCase1.java:102</td>
<td title="Message">Added Tasks are displayed successfully</td>
</tr>

<tr>
<td>4527</td>
<td title="main thread">main</td>
<td title="Level"><font color="#993300"><strong>ERROR</strong></font></td>
<td title="Tests.TestCase1 category">Tests.TestCase1</td>
<td>TestCase1.java:109</td>
<td title="Message">Test Case Status is Fail due org.openqa.selenium.InvalidSelectorException: invalid selector: Unable to locate an element with the xpath expression //label[@text()= 'T2']/following-sibling ::button) because of the following error:
SyntaxError: Failed to execute 'evaluate' on 'Document': The string '//label[@text()= 'T2']/following-sibling ::button)' is not a valid XPath expression.
  (Session info: chrome=118.0.5993.89)
For documentation on this error, please visit: https://www.selenium.dev/documentation/webdriver/troubleshooting/errors#invalid-selector-exception
Build info: version: '4.14.1', revision: '03f8ede370'
System info: os.name: 'Windows 10', os.arch: 'amd64', os.version: '10.0', java.version: '18.0.2'
Driver info: org.openqa.selenium.chrome.ChromeDriver
Command: [ff6792867542b24689c6f8895a4bc541, findElement {using=xpath, value=//label[@text()= 'T2']/following-sibling ::button)}]
Capabilities {acceptInsecureCerts: false, browserName: chrome, browserVersion: 118.0.5993.89, chrome: {chromedriverVersion: 118.0.5993.70 (e52f33f30b91..., userDataDir: C:\Users\AIN126\AppData\Loc...}, fedcm:accounts: true, goog:chromeOptions: {debuggerAddress: localhost:49216}, networkConnectionEnabled: false, pageLoadStrategy: normal, platformName: windows, proxy: Proxy(), se:cdp: ws://localhost:49216/devtoo..., se:cdpVersion: 118.0.5993.89, setWindowRect: true, strictFileInteractability: false, timeouts: {implicit: 0, pageLoad: 300000, script: 30000}, unhandledPromptBehavior: dismiss and notify, webauthn:extension:credBlob: true, webauthn:extension:largeBlob: true, webauthn:extension:minPinLength: true, webauthn:extension:prf: true, webauthn:virtualAuthenticators: true}
Session ID: ff6792867542b24689c6f8895a4bc541</td>
</tr>
<!DOCTYPE HTML PUBLIC "-//W3C//DTD HTML 4.01 Transitional//EN" "http://www.w3.org/TR/html4/loose.dtd">
<html>
<head>
<title>Application log</title>
<style type="text/css">
<!--
body, table {font-family: arial,sans-serif; font-size: x-small;}
th {background: #336699; color: #FFFFFF; text-align: left;}
-->
</style>
</head>
<body bgcolor="#FFFFFF" topmargin="6" leftmargin="6">
<hr size="1" noshade>
Log session start time Tue Oct 24 22:32:41 IST 2023<br>
<br>
<table cellspacing="0" cellpadding="4" border="1" bordercolor="#224466" width="100%">
<tr>
<th>Time</th>
<th>Thread</th>
<th>Level</th>
<th>Category</th>
<th>File:Line</th>
<th>Message</th>
</tr>

<tr>
<td>0</td>
<td title="main thread">main</td>
<td title="Level">INFO</td>
<td title="Tests.TestCase1 category">Tests.TestCase1</td>
<td>TestCase1.java:60</td>
<td title="Message">Exception is : Please check URL entered org.openqa.selenium.WebDriverException: unknown error: net::ERR_INTERNET_DISCONNECTED
  (Session info: chrome=118.0.5993.89)
Build info: version: '4.14.1', revision: '03f8ede370'
System info: os.name: 'Windows 10', os.arch: 'amd64', os.version: '10.0', java.version: '18.0.2'
Driver info: org.openqa.selenium.chrome.ChromeDriver
Command: [4ddc79288a7eefc5fd95e170d546bf25, get {url=https://todomvc.com/examples/vue/}]
Capabilities {acceptInsecureCerts: false, browserName: chrome, browserVersion: 118.0.5993.89, chrome: {chromedriverVersion: 118.0.5993.70 (e52f33f30b91..., userDataDir: C:\Users\AIN126\AppData\Loc...}, fedcm:accounts: true, goog:chromeOptions: {debuggerAddress: localhost:49789}, networkConnectionEnabled: false, pageLoadStrategy: normal, platformName: windows, proxy: Proxy(), se:cdp: ws://localhost:49789/devtoo..., se:cdpVersion: 118.0.5993.89, setWindowRect: true, strictFileInteractability: false, timeouts: {implicit: 0, pageLoad: 300000, script: 30000}, unhandledPromptBehavior: dismiss and notify, webauthn:extension:credBlob: true, webauthn:extension:largeBlob: true, webauthn:extension:minPinLength: true, webauthn:extension:prf: true, webauthn:virtualAuthenticators: true}
Session ID: 4ddc79288a7eefc5fd95e170d546bf25</td>
</tr>

<tr>
<td>234</td>
<td title="main thread">main</td>
<td title="Level"><font color="#993300"><strong>ERROR</strong></font></td>
<td title="Tests.TestCase1 category">Tests.TestCase1</td>
<td>TestCase1.java:109</td>
<td title="Message">Test Case Status is Fail due org.openqa.selenium.NoSuchElementException: no such element: Unable to locate element: {&quot;method&quot;:&quot;xpath&quot;,&quot;selector&quot;:&quot;//h1[contains(text(),'todos')]&quot;}
  (Session info: chrome=118.0.5993.89)
For documentation on this error, please visit: https://www.selenium.dev/documentation/webdriver/troubleshooting/errors#no-such-element-exception
Build info: version: '4.14.1', revision: '03f8ede370'
System info: os.name: 'Windows 10', os.arch: 'amd64', os.version: '10.0', java.version: '18.0.2'
Driver info: org.openqa.selenium.chrome.ChromeDriver
Command: [4ddc79288a7eefc5fd95e170d546bf25, findElement {using=xpath, value=//h1[contains(text(),'todos')]}]
Capabilities {acceptInsecureCerts: false, browserName: chrome, browserVersion: 118.0.5993.89, chrome: {chromedriverVersion: 118.0.5993.70 (e52f33f30b91..., userDataDir: C:\Users\AIN126\AppData\Loc...}, fedcm:accounts: true, goog:chromeOptions: {debuggerAddress: localhost:49789}, networkConnectionEnabled: false, pageLoadStrategy: normal, platformName: windows, proxy: Proxy(), se:cdp: ws://localhost:49789/devtoo..., se:cdpVersion: 118.0.5993.89, setWindowRect: true, strictFileInteractability: false, timeouts: {implicit: 0, pageLoad: 300000, script: 30000}, unhandledPromptBehavior: dismiss and notify, webauthn:extension:credBlob: true, webauthn:extension:largeBlob: true, webauthn:extension:minPinLength: true, webauthn:extension:prf: true, webauthn:virtualAuthenticators: true}
Session ID: 4ddc79288a7eefc5fd95e170d546bf25</td>
</tr>
<!DOCTYPE HTML PUBLIC "-//W3C//DTD HTML 4.01 Transitional//EN" "http://www.w3.org/TR/html4/loose.dtd">
<html>
<head>
<title>Application log</title>
<style type="text/css">
<!--
body, table {font-family: arial,sans-serif; font-size: x-small;}
th {background: #336699; color: #FFFFFF; text-align: left;}
-->
</style>
</head>
<body bgcolor="#FFFFFF" topmargin="6" leftmargin="6">
<hr size="1" noshade>
Log session start time Wed Oct 25 10:59:50 IST 2023<br>
<br>
<table cellspacing="0" cellpadding="4" border="1" bordercolor="#224466" width="100%">
<tr>
<th>Time</th>
<th>Thread</th>
<th>Level</th>
<th>Category</th>
<th>File:Line</th>
<th>Message</th>
</tr>

<tr>
<td>0</td>
<td title="main thread">main</td>
<td title="Level">INFO</td>
<td title="Tests.TestCase1 category">Tests.TestCase1</td>
<td>TestCase1.java:58</td>
<td title="Message">Successfully Launched the TODO MVC</td>
</tr>

<tr>
<td>305</td>
<td title="main thread">main</td>
<td title="Level">INFO</td>
<td title="Tests.TestCase1 category">Tests.TestCase1</td>
<td>TestCase1.java:77</td>
<td title="Message">To Do Label is Displayed</td>
</tr>

<tr>
<td>306</td>
<td title="main thread">main</td>
<td title="Level">INFO</td>
<td title="Tests.TestCase1 category">Tests.TestCase1</td>
<td>TestCase1.java:79</td>
<td title="Message">Adding the Tasks</td>
</tr>

<tr>
<td>3828</td>
<td title="main thread">main</td>
<td title="Level">INFO</td>
<td title="Tests.TestCase1 category">Tests.TestCase1</td>
<td>TestCase1.java:87</td>
<td title="Message">Tasks Added Successfully</td>
</tr>

<tr>
<td>3863</td>
<td title="main thread">main</td>
<td title="Level">INFO</td>
<td title="Tests.TestCase1 category">Tests.TestCase1</td>
<td>TestCase1.java:98</td>
<td title="Message">Verifying the added Tasks</td>
</tr>

<tr>
<td>3995</td>
<td title="main thread">main</td>
<td title="Level">INFO</td>
<td title="Tests.TestCase1 category">Tests.TestCase1</td>
<td>TestCase1.java:102</td>
<td title="Message">Added Tasks are displayed successfully</td>
</tr>

<tr>
<td>4026</td>
<td title="main thread">main</td>
<td title="Level"><font color="#993300"><strong>ERROR</strong></font></td>
<td title="Tests.TestCase1 category">Tests.TestCase1</td>
<td>TestCase1.java:109</td>
<td title="Message">Test Case Status is Fail due org.openqa.selenium.InvalidSelectorException: invalid selector: Unable to locate an element with the xpath expression //label[contains(text(), 'T2']/following-sibling ::button) because of the following error:
SyntaxError: Failed to execute 'evaluate' on 'Document': The string '//label[contains(text(), 'T2']/following-sibling ::button)' is not a valid XPath expression.
  (Session info: chrome=118.0.5993.89)
For documentation on this error, please visit: https://www.selenium.dev/documentation/webdriver/troubleshooting/errors#invalid-selector-exception
Build info: version: '4.14.1', revision: '03f8ede370'
System info: os.name: 'Windows 10', os.arch: 'amd64', os.version: '10.0', java.version: '18.0.2'
Driver info: org.openqa.selenium.chrome.ChromeDriver
Command: [d422216e10896853aae328a82ee12a70, findElement {using=xpath, value=//label[contains(text(), 'T2']/following-sibling ::button)}]
Capabilities {acceptInsecureCerts: false, browserName: chrome, browserVersion: 118.0.5993.89, chrome: {chromedriverVersion: 118.0.5993.70 (e52f33f30b91..., userDataDir: C:\Users\AIN126\AppData\Loc...}, fedcm:accounts: true, goog:chromeOptions: {debuggerAddress: localhost:50525}, networkConnectionEnabled: false, pageLoadStrategy: normal, platformName: windows, proxy: Proxy(), se:cdp: ws://localhost:50525/devtoo..., se:cdpVersion: 118.0.5993.89, setWindowRect: true, strictFileInteractability: false, timeouts: {implicit: 0, pageLoad: 300000, script: 30000}, unhandledPromptBehavior: dismiss and notify, webauthn:extension:credBlob: true, webauthn:extension:largeBlob: true, webauthn:extension:minPinLength: true, webauthn:extension:prf: true, webauthn:virtualAuthenticators: true}
Session ID: d422216e10896853aae328a82ee12a70</td>
</tr>
<!DOCTYPE HTML PUBLIC "-//W3C//DTD HTML 4.01 Transitional//EN" "http://www.w3.org/TR/html4/loose.dtd">
<html>
<head>
<title>Application log</title>
<style type="text/css">
<!--
body, table {font-family: arial,sans-serif; font-size: x-small;}
th {background: #336699; color: #FFFFFF; text-align: left;}
-->
</style>
</head>
<body bgcolor="#FFFFFF" topmargin="6" leftmargin="6">
<hr size="1" noshade>
Log session start time Wed Oct 25 11:16:22 IST 2023<br>
<br>
<table cellspacing="0" cellpadding="4" border="1" bordercolor="#224466" width="100%">
<tr>
<th>Time</th>
<th>Thread</th>
<th>Level</th>
<th>Category</th>
<th>File:Line</th>
<th>Message</th>
</tr>

<tr>
<td>0</td>
<td title="main thread">main</td>
<td title="Level">INFO</td>
<td title="Tests.TestCase1 category">Tests.TestCase1</td>
<td>TestCase1.java:58</td>
<td title="Message">Successfully Launched the TODO MVC</td>
</tr>

<tr>
<td>294</td>
<td title="main thread">main</td>
<td title="Level">INFO</td>
<td title="Tests.TestCase1 category">Tests.TestCase1</td>
<td>TestCase1.java:77</td>
<td title="Message">To Do Label is Displayed</td>
</tr>

<tr>
<td>295</td>
<td title="main thread">main</td>
<td title="Level">INFO</td>
<td title="Tests.TestCase1 category">Tests.TestCase1</td>
<td>TestCase1.java:79</td>
<td title="Message">Adding the Tasks</td>
</tr>

<tr>
<td>3853</td>
<td title="main thread">main</td>
<td title="Level">INFO</td>
<td title="Tests.TestCase1 category">Tests.TestCase1</td>
<td>TestCase1.java:87</td>
<td title="Message">Tasks Added Successfully</td>
</tr>

<tr>
<td>3882</td>
<td title="main thread">main</td>
<td title="Level">INFO</td>
<td title="Tests.TestCase1 category">Tests.TestCase1</td>
<td>TestCase1.java:98</td>
<td title="Message">Verifying the added Tasks</td>
</tr>

<tr>
<td>3965</td>
<td title="main thread">main</td>
<td title="Level">INFO</td>
<td title="Tests.TestCase1 category">Tests.TestCase1</td>
<td>TestCase1.java:102</td>
<td title="Message">Added Tasks are displayed successfully</td>
</tr>

<tr>
<td>3992</td>
<td title="main thread">main</td>
<td title="Level"><font color="#993300"><strong>ERROR</strong></font></td>
<td title="Tests.TestCase1 category">Tests.TestCase1</td>
<td>TestCase1.java:109</td>
<td title="Message">Test Case Status is Fail due org.openqa.selenium.InvalidSelectorException: invalid selector: Unable to locate an element with the xpath expression //label[text(), 'T2']/following-sibling ::button) because of the following error:
SyntaxError: Failed to execute 'evaluate' on 'Document': The string '//label[text(), 'T2']/following-sibling ::button)' is not a valid XPath expression.
  (Session info: chrome=118.0.5993.89)
For documentation on this error, please visit: https://www.selenium.dev/documentation/webdriver/troubleshooting/errors#invalid-selector-exception
Build info: version: '4.14.1', revision: '03f8ede370'
System info: os.name: 'Windows 10', os.arch: 'amd64', os.version: '10.0', java.version: '18.0.2'
Driver info: org.openqa.selenium.chrome.ChromeDriver
Command: [4c3f11a11f92127eb8bb3a2f6887d900, findElement {using=xpath, value=//label[text(), 'T2']/following-sibling ::button)}]
Capabilities {acceptInsecureCerts: false, browserName: chrome, browserVersion: 118.0.5993.89, chrome: {chromedriverVersion: 118.0.5993.70 (e52f33f30b91..., userDataDir: C:\Users\AIN126\AppData\Loc...}, fedcm:accounts: true, goog:chromeOptions: {debuggerAddress: localhost:51188}, networkConnectionEnabled: false, pageLoadStrategy: normal, platformName: windows, proxy: Proxy(), se:cdp: ws://localhost:51188/devtoo..., se:cdpVersion: 118.0.5993.89, setWindowRect: true, strictFileInteractability: false, timeouts: {implicit: 0, pageLoad: 300000, script: 30000}, unhandledPromptBehavior: dismiss and notify, webauthn:extension:credBlob: true, webauthn:extension:largeBlob: true, webauthn:extension:minPinLength: true, webauthn:extension:prf: true, webauthn:virtualAuthenticators: true}
Session ID: 4c3f11a11f92127eb8bb3a2f6887d900</td>
</tr>
<!DOCTYPE HTML PUBLIC "-//W3C//DTD HTML 4.01 Transitional//EN" "http://www.w3.org/TR/html4/loose.dtd">
<html>
<head>
<title>Application log</title>
<style type="text/css">
<!--
body, table {font-family: arial,sans-serif; font-size: x-small;}
th {background: #336699; color: #FFFFFF; text-align: left;}
-->
</style>
</head>
<body bgcolor="#FFFFFF" topmargin="6" leftmargin="6">
<hr size="1" noshade>
Log session start time Wed Oct 25 11:17:26 IST 2023<br>
<br>
<table cellspacing="0" cellpadding="4" border="1" bordercolor="#224466" width="100%">
<tr>
<th>Time</th>
<th>Thread</th>
<th>Level</th>
<th>Category</th>
<th>File:Line</th>
<th>Message</th>
</tr>

<tr>
<td>0</td>
<td title="main thread">main</td>
<td title="Level">INFO</td>
<td title="Tests.TestCase1 category">Tests.TestCase1</td>
<td>TestCase1.java:58</td>
<td title="Message">Successfully Launched the TODO MVC</td>
</tr>

<tr>
<td>355</td>
<td title="main thread">main</td>
<td title="Level">INFO</td>
<td title="Tests.TestCase1 category">Tests.TestCase1</td>
<td>TestCase1.java:77</td>
<td title="Message">To Do Label is Displayed</td>
</tr>

<tr>
<td>355</td>
<td title="main thread">main</td>
<td title="Level">INFO</td>
<td title="Tests.TestCase1 category">Tests.TestCase1</td>
<td>TestCase1.java:79</td>
<td title="Message">Adding the Tasks</td>
</tr>

<tr>
<td>3894</td>
<td title="main thread">main</td>
<td title="Level">INFO</td>
<td title="Tests.TestCase1 category">Tests.TestCase1</td>
<td>TestCase1.java:87</td>
<td title="Message">Tasks Added Successfully</td>
</tr>

<tr>
<td>3923</td>
<td title="main thread">main</td>
<td title="Level">INFO</td>
<td title="Tests.TestCase1 category">Tests.TestCase1</td>
<td>TestCase1.java:98</td>
<td title="Message">Verifying the added Tasks</td>
</tr>

<tr>
<td>4003</td>
<td title="main thread">main</td>
<td title="Level">INFO</td>
<td title="Tests.TestCase1 category">Tests.TestCase1</td>
<td>TestCase1.java:102</td>
<td title="Message">Added Tasks are displayed successfully</td>
</tr>

<tr>
<td>4029</td>
<td title="main thread">main</td>
<td title="Level"><font color="#993300"><strong>ERROR</strong></font></td>
<td title="Tests.TestCase1 category">Tests.TestCase1</td>
<td>TestCase1.java:109</td>
<td title="Message">Test Case Status is Fail due org.openqa.selenium.InvalidSelectorException: invalid selector: Unable to locate an element with the xpath expression //label[text(),'T2']/following-sibling::button) because of the following error:
SyntaxError: Failed to execute 'evaluate' on 'Document': The string '//label[text(),'T2']/following-sibling::button)' is not a valid XPath expression.
  (Session info: chrome=118.0.5993.89)
For documentation on this error, please visit: https://www.selenium.dev/documentation/webdriver/troubleshooting/errors#invalid-selector-exception
Build info: version: '4.14.1', revision: '03f8ede370'
System info: os.name: 'Windows 10', os.arch: 'amd64', os.version: '10.0', java.version: '18.0.2'
Driver info: org.openqa.selenium.chrome.ChromeDriver
Command: [07a793e8ec9361e5973294b968b2c312, findElement {using=xpath, value=//label[text(),'T2']/following-sibling::button)}]
Capabilities {acceptInsecureCerts: false, browserName: chrome, browserVersion: 118.0.5993.89, chrome: {chromedriverVersion: 118.0.5993.70 (e52f33f30b91..., userDataDir: C:\Users\AIN126\AppData\Loc...}, fedcm:accounts: true, goog:chromeOptions: {debuggerAddress: localhost:51249}, networkConnectionEnabled: false, pageLoadStrategy: normal, platformName: windows, proxy: Proxy(), se:cdp: ws://localhost:51249/devtoo..., se:cdpVersion: 118.0.5993.89, setWindowRect: true, strictFileInteractability: false, timeouts: {implicit: 0, pageLoad: 300000, script: 30000}, unhandledPromptBehavior: dismiss and notify, webauthn:extension:credBlob: true, webauthn:extension:largeBlob: true, webauthn:extension:minPinLength: true, webauthn:extension:prf: true, webauthn:virtualAuthenticators: true}
Session ID: 07a793e8ec9361e5973294b968b2c312</td>
</tr>
<!DOCTYPE HTML PUBLIC "-//W3C//DTD HTML 4.01 Transitional//EN" "http://www.w3.org/TR/html4/loose.dtd">
<html>
<head>
<title>Application log</title>
<style type="text/css">
<!--
body, table {font-family: arial,sans-serif; font-size: x-small;}
th {background: #336699; color: #FFFFFF; text-align: left;}
-->
</style>
</head>
<body bgcolor="#FFFFFF" topmargin="6" leftmargin="6">
<hr size="1" noshade>
Log session start time Wed Oct 25 11:22:27 IST 2023<br>
<br>
<table cellspacing="0" cellpadding="4" border="1" bordercolor="#224466" width="100%">
<tr>
<th>Time</th>
<th>Thread</th>
<th>Level</th>
<th>Category</th>
<th>File:Line</th>
<th>Message</th>
</tr>

<tr>
<td>0</td>
<td title="main thread">main</td>
<td title="Level">INFO</td>
<td title="Tests.TestCase1 category">Tests.TestCase1</td>
<td>TestCase1.java:58</td>
<td title="Message">Successfully Launched the TODO MVC</td>
</tr>

<tr>
<td>404</td>
<td title="main thread">main</td>
<td title="Level">INFO</td>
<td title="Tests.TestCase1 category">Tests.TestCase1</td>
<td>TestCase1.java:77</td>
<td title="Message">To Do Label is Displayed</td>
</tr>

<tr>
<td>404</td>
<td title="main thread">main</td>
<td title="Level">INFO</td>
<td title="Tests.TestCase1 category">Tests.TestCase1</td>
<td>TestCase1.java:79</td>
<td title="Message">Adding the Tasks</td>
</tr>

<tr>
<td>3921</td>
<td title="main thread">main</td>
<td title="Level">INFO</td>
<td title="Tests.TestCase1 category">Tests.TestCase1</td>
<td>TestCase1.java:87</td>
<td title="Message">Tasks Added Successfully</td>
</tr>

<tr>
<td>3950</td>
<td title="main thread">main</td>
<td title="Level">INFO</td>
<td title="Tests.TestCase1 category">Tests.TestCase1</td>
<td>TestCase1.java:98</td>
<td title="Message">Verifying the added Tasks</td>
</tr>

<tr>
<td>4025</td>
<td title="main thread">main</td>
<td title="Level">INFO</td>
<td title="Tests.TestCase1 category">Tests.TestCase1</td>
<td>TestCase1.java:102</td>
<td title="Message">Added Tasks are displayed successfully</td>
</tr>
<!DOCTYPE HTML PUBLIC "-//W3C//DTD HTML 4.01 Transitional//EN" "http://www.w3.org/TR/html4/loose.dtd">
<html>
<head>
<title>Application log</title>
<style type="text/css">
<!--
body, table {font-family: arial,sans-serif; font-size: x-small;}
th {background: #336699; color: #FFFFFF; text-align: left;}
-->
</style>
</head>
<body bgcolor="#FFFFFF" topmargin="6" leftmargin="6">
<hr size="1" noshade>
Log session start time Wed Oct 25 11:26:38 IST 2023<br>
<br>
<table cellspacing="0" cellpadding="4" border="1" bordercolor="#224466" width="100%">
<tr>
<th>Time</th>
<th>Thread</th>
<th>Level</th>
<th>Category</th>
<th>File:Line</th>
<th>Message</th>
</tr>

<tr>
<td>0</td>
<td title="main thread">main</td>
<td title="Level">INFO</td>
<td title="Tests.TestCase1 category">Tests.TestCase1</td>
<td>TestCase1.java:58</td>
<td title="Message">Successfully Launched the TODO MVC</td>
</tr>

<tr>
<td>295</td>
<td title="main thread">main</td>
<td title="Level">INFO</td>
<td title="Tests.TestCase1 category">Tests.TestCase1</td>
<td>TestCase1.java:77</td>
<td title="Message">To Do Label is Displayed</td>
</tr>

<tr>
<td>296</td>
<td title="main thread">main</td>
<td title="Level">INFO</td>
<td title="Tests.TestCase1 category">Tests.TestCase1</td>
<td>TestCase1.java:79</td>
<td title="Message">Adding the Tasks</td>
</tr>

<tr>
<td>4320</td>
<td title="main thread">main</td>
<td title="Level">INFO</td>
<td title="Tests.TestCase1 category">Tests.TestCase1</td>
<td>TestCase1.java:87</td>
<td title="Message">Tasks Added Successfully</td>
</tr>

<tr>
<td>4348</td>
<td title="main thread">main</td>
<td title="Level">INFO</td>
<td title="Tests.TestCase1 category">Tests.TestCase1</td>
<td>TestCase1.java:98</td>
<td title="Message">Verifying the added Tasks</td>
</tr>

<tr>
<td>4441</td>
<td title="main thread">main</td>
<td title="Level">INFO</td>
<td title="Tests.TestCase1 category">Tests.TestCase1</td>
<td>TestCase1.java:102</td>
<td title="Message">Added Tasks are displayed successfully</td>
</tr>
<!DOCTYPE HTML PUBLIC "-//W3C//DTD HTML 4.01 Transitional//EN" "http://www.w3.org/TR/html4/loose.dtd">
<html>
<head>
<title>Application log</title>
<style type="text/css">
<!--
body, table {font-family: arial,sans-serif; font-size: x-small;}
th {background: #336699; color: #FFFFFF; text-align: left;}
-->
</style>
</head>
<body bgcolor="#FFFFFF" topmargin="6" leftmargin="6">
<hr size="1" noshade>
Log session start time Wed Oct 25 11:28:16 IST 2023<br>
<br>
<table cellspacing="0" cellpadding="4" border="1" bordercolor="#224466" width="100%">
<tr>
<th>Time</th>
<th>Thread</th>
<th>Level</th>
<th>Category</th>
<th>File:Line</th>
<th>Message</th>
</tr>

<tr>
<td>0</td>
<td title="main thread">main</td>
<td title="Level">INFO</td>
<td title="Tests.TestCase1 category">Tests.TestCase1</td>
<td>TestCase1.java:58</td>
<td title="Message">Successfully Launched the TODO MVC</td>
</tr>

<tr>
<td>909</td>
<td title="main thread">main</td>
<td title="Level">INFO</td>
<td title="Tests.TestCase1 category">Tests.TestCase1</td>
<td>TestCase1.java:77</td>
<td title="Message">To Do Label is Displayed</td>
</tr>

<tr>
<td>910</td>
<td title="main thread">main</td>
<td title="Level">INFO</td>
<td title="Tests.TestCase1 category">Tests.TestCase1</td>
<td>TestCase1.java:79</td>
<td title="Message">Adding the Tasks</td>
</tr>

<tr>
<td>4428</td>
<td title="main thread">main</td>
<td title="Level">INFO</td>
<td title="Tests.TestCase1 category">Tests.TestCase1</td>
<td>TestCase1.java:87</td>
<td title="Message">Tasks Added Successfully</td>
</tr>

<tr>
<td>4458</td>
<td title="main thread">main</td>
<td title="Level">INFO</td>
<td title="Tests.TestCase1 category">Tests.TestCase1</td>
<td>TestCase1.java:98</td>
<td title="Message">Verifying the added Tasks</td>
</tr>

<tr>
<td>4550</td>
<td title="main thread">main</td>
<td title="Level">INFO</td>
<td title="Tests.TestCase1 category">Tests.TestCase1</td>
<td>TestCase1.java:102</td>
<td title="Message">Added Tasks are displayed successfully</td>
</tr>

<tr>
<td>4576</td>
<td title="main thread">main</td>
<td title="Level"><font color="#993300"><strong>ERROR</strong></font></td>
<td title="Tests.TestCase1 category">Tests.TestCase1</td>
<td>TestCase1.java:109</td>
<td title="Message">Test Case Status is Fail due org.openqa.selenium.InvalidSelectorException: invalid selector: Unable to locate an element with the xpath expression //label[text(),'T2']/preceding-sibling:: input) because of the following error:
SyntaxError: Failed to execute 'evaluate' on 'Document': The string '//label[text(),'T2']/preceding-sibling:: input)' is not a valid XPath expression.
  (Session info: chrome=118.0.5993.89)
For documentation on this error, please visit: https://www.selenium.dev/documentation/webdriver/troubleshooting/errors#invalid-selector-exception
Build info: version: '4.14.1', revision: '03f8ede370'
System info: os.name: 'Windows 10', os.arch: 'amd64', os.version: '10.0', java.version: '18.0.2'
Driver info: org.openqa.selenium.chrome.ChromeDriver
Command: [04d40b2f0a30318ee8178b43e420347b, findElement {using=xpath, value=//label[text(),'T2']/preceding-sibling:: input)}]
Capabilities {acceptInsecureCerts: false, browserName: chrome, browserVersion: 118.0.5993.89, chrome: {chromedriverVersion: 118.0.5993.70 (e52f33f30b91..., userDataDir: C:\Users\AIN126\AppData\Loc...}, fedcm:accounts: true, goog:chromeOptions: {debuggerAddress: localhost:51698}, networkConnectionEnabled: false, pageLoadStrategy: normal, platformName: windows, proxy: Proxy(), se:cdp: ws://localhost:51698/devtoo..., se:cdpVersion: 118.0.5993.89, setWindowRect: true, strictFileInteractability: false, timeouts: {implicit: 0, pageLoad: 300000, script: 30000}, unhandledPromptBehavior: dismiss and notify, webauthn:extension:credBlob: true, webauthn:extension:largeBlob: true, webauthn:extension:minPinLength: true, webauthn:extension:prf: true, webauthn:virtualAuthenticators: true}
Session ID: 04d40b2f0a30318ee8178b43e420347b</td>
</tr>
<!DOCTYPE HTML PUBLIC "-//W3C//DTD HTML 4.01 Transitional//EN" "http://www.w3.org/TR/html4/loose.dtd">
<html>
<head>
<title>Application log</title>
<style type="text/css">
<!--
body, table {font-family: arial,sans-serif; font-size: x-small;}
th {background: #336699; color: #FFFFFF; text-align: left;}
-->
</style>
</head>
<body bgcolor="#FFFFFF" topmargin="6" leftmargin="6">
<hr size="1" noshade>
Log session start time Wed Oct 25 11:36:56 IST 2023<br>
<br>
<table cellspacing="0" cellpadding="4" border="1" bordercolor="#224466" width="100%">
<tr>
<th>Time</th>
<th>Thread</th>
<th>Level</th>
<th>Category</th>
<th>File:Line</th>
<th>Message</th>
</tr>

<tr>
<td>0</td>
<td title="main thread">main</td>
<td title="Level">INFO</td>
<td title="Tests.TestCase1 category">Tests.TestCase1</td>
<td>TestCase1.java:58</td>
<td title="Message">Successfully Launched the TODO MVC</td>
</tr>

<tr>
<td>290</td>
<td title="main thread">main</td>
<td title="Level">INFO</td>
<td title="Tests.TestCase1 category">Tests.TestCase1</td>
<td>TestCase1.java:77</td>
<td title="Message">To Do Label is Displayed</td>
</tr>

<tr>
<td>291</td>
<td title="main thread">main</td>
<td title="Level">INFO</td>
<td title="Tests.TestCase1 category">Tests.TestCase1</td>
<td>TestCase1.java:79</td>
<td title="Message">Adding the Tasks</td>
</tr>

<tr>
<td>3755</td>
<td title="main thread">main</td>
<td title="Level">INFO</td>
<td title="Tests.TestCase1 category">Tests.TestCase1</td>
<td>TestCase1.java:87</td>
<td title="Message">Tasks Added Successfully</td>
</tr>

<tr>
<td>3783</td>
<td title="main thread">main</td>
<td title="Level">INFO</td>
<td title="Tests.TestCase1 category">Tests.TestCase1</td>
<td>TestCase1.java:98</td>
<td title="Message">Verifying the added Tasks</td>
</tr>

<tr>
<td>3868</td>
<td title="main thread">main</td>
<td title="Level">INFO</td>
<td title="Tests.TestCase1 category">Tests.TestCase1</td>
<td>TestCase1.java:102</td>
<td title="Message">Added Tasks are displayed successfully</td>
</tr>

<tr>
<td>3897</td>
<td title="main thread">main</td>
<td title="Level"><font color="#993300"><strong>ERROR</strong></font></td>
<td title="Tests.TestCase1 category">Tests.TestCase1</td>
<td>TestCase1.java:109</td>
<td title="Message">Test Case Status is Fail due org.openqa.selenium.InvalidSelectorException: invalid selector: Unable to locate an element with the xpath expression //label[text(),'T2']/preceding-sibling::input) because of the following error:
SyntaxError: Failed to execute 'evaluate' on 'Document': The string '//label[text(),'T2']/preceding-sibling::input)' is not a valid XPath expression.
  (Session info: chrome=118.0.5993.89)
For documentation on this error, please visit: https://www.selenium.dev/documentation/webdriver/troubleshooting/errors#invalid-selector-exception
Build info: version: '4.14.1', revision: '03f8ede370'
System info: os.name: 'Windows 10', os.arch: 'amd64', os.version: '10.0', java.version: '18.0.2'
Driver info: org.openqa.selenium.chrome.ChromeDriver
Command: [0e79f8cdd120f73f4223ce60c89a9076, findElement {using=xpath, value=//label[text(),'T2']/preceding-sibling::input)}]
Capabilities {acceptInsecureCerts: false, browserName: chrome, browserVersion: 118.0.5993.89, chrome: {chromedriverVersion: 118.0.5993.70 (e52f33f30b91..., userDataDir: C:\Users\AIN126\AppData\Loc...}, fedcm:accounts: true, goog:chromeOptions: {debuggerAddress: localhost:51980}, networkConnectionEnabled: false, pageLoadStrategy: normal, platformName: windows, proxy: Proxy(), se:cdp: ws://localhost:51980/devtoo..., se:cdpVersion: 118.0.5993.89, setWindowRect: true, strictFileInteractability: false, timeouts: {implicit: 0, pageLoad: 300000, script: 30000}, unhandledPromptBehavior: dismiss and notify, webauthn:extension:credBlob: true, webauthn:extension:largeBlob: true, webauthn:extension:minPinLength: true, webauthn:extension:prf: true, webauthn:virtualAuthenticators: true}
Session ID: 0e79f8cdd120f73f4223ce60c89a9076</td>
</tr>
<!DOCTYPE HTML PUBLIC "-//W3C//DTD HTML 4.01 Transitional//EN" "http://www.w3.org/TR/html4/loose.dtd">
<html>
<head>
<title>Application log</title>
<style type="text/css">
<!--
body, table {font-family: arial,sans-serif; font-size: x-small;}
th {background: #336699; color: #FFFFFF; text-align: left;}
-->
</style>
</head>
<body bgcolor="#FFFFFF" topmargin="6" leftmargin="6">
<hr size="1" noshade>
Log session start time Wed Oct 25 11:38:10 IST 2023<br>
<br>
<table cellspacing="0" cellpadding="4" border="1" bordercolor="#224466" width="100%">
<tr>
<th>Time</th>
<th>Thread</th>
<th>Level</th>
<th>Category</th>
<th>File:Line</th>
<th>Message</th>
</tr>

<tr>
<td>0</td>
<td title="main thread">main</td>
<td title="Level">INFO</td>
<td title="Tests.TestCase1 category">Tests.TestCase1</td>
<td>TestCase1.java:58</td>
<td title="Message">Successfully Launched the TODO MVC</td>
</tr>

<tr>
<td>372</td>
<td title="main thread">main</td>
<td title="Level">INFO</td>
<td title="Tests.TestCase1 category">Tests.TestCase1</td>
<td>TestCase1.java:77</td>
<td title="Message">To Do Label is Displayed</td>
</tr>

<tr>
<td>373</td>
<td title="main thread">main</td>
<td title="Level">INFO</td>
<td title="Tests.TestCase1 category">Tests.TestCase1</td>
<td>TestCase1.java:79</td>
<td title="Message">Adding the Tasks</td>
</tr>

<tr>
<td>3865</td>
<td title="main thread">main</td>
<td title="Level">INFO</td>
<td title="Tests.TestCase1 category">Tests.TestCase1</td>
<td>TestCase1.java:87</td>
<td title="Message">Tasks Added Successfully</td>
</tr>

<tr>
<td>3894</td>
<td title="main thread">main</td>
<td title="Level">INFO</td>
<td title="Tests.TestCase1 category">Tests.TestCase1</td>
<td>TestCase1.java:98</td>
<td title="Message">Verifying the added Tasks</td>
</tr>

<tr>
<td>3981</td>
<td title="main thread">main</td>
<td title="Level">INFO</td>
<td title="Tests.TestCase1 category">Tests.TestCase1</td>
<td>TestCase1.java:102</td>
<td title="Message">Added Tasks are displayed successfully</td>
</tr>

<tr>
<td>4009</td>
<td title="main thread">main</td>
<td title="Level"><font color="#993300"><strong>ERROR</strong></font></td>
<td title="Tests.TestCase1 category">Tests.TestCase1</td>
<td>TestCase1.java:109</td>
<td title="Message">Test Case Status is Fail due org.openqa.selenium.InvalidSelectorException: invalid selector: Unable to locate an element with the xpath expression //label[text()='T2']/preceding-sibling::input) because of the following error:
SyntaxError: Failed to execute 'evaluate' on 'Document': The string '//label[text()='T2']/preceding-sibling::input)' is not a valid XPath expression.
  (Session info: chrome=118.0.5993.89)
For documentation on this error, please visit: https://www.selenium.dev/documentation/webdriver/troubleshooting/errors#invalid-selector-exception
Build info: version: '4.14.1', revision: '03f8ede370'
System info: os.name: 'Windows 10', os.arch: 'amd64', os.version: '10.0', java.version: '18.0.2'
Driver info: org.openqa.selenium.chrome.ChromeDriver
Command: [306897b92c0f8cc29cc571b30e04792e, findElement {using=xpath, value=//label[text()='T2']/preceding-sibling::input)}]
Capabilities {acceptInsecureCerts: false, browserName: chrome, browserVersion: 118.0.5993.89, chrome: {chromedriverVersion: 118.0.5993.70 (e52f33f30b91..., userDataDir: C:\Users\AIN126\AppData\Loc...}, fedcm:accounts: true, goog:chromeOptions: {debuggerAddress: localhost:52053}, networkConnectionEnabled: false, pageLoadStrategy: normal, platformName: windows, proxy: Proxy(), se:cdp: ws://localhost:52053/devtoo..., se:cdpVersion: 118.0.5993.89, setWindowRect: true, strictFileInteractability: false, timeouts: {implicit: 0, pageLoad: 300000, script: 30000}, unhandledPromptBehavior: dismiss and notify, webauthn:extension:credBlob: true, webauthn:extension:largeBlob: true, webauthn:extension:minPinLength: true, webauthn:extension:prf: true, webauthn:virtualAuthenticators: true}
Session ID: 306897b92c0f8cc29cc571b30e04792e</td>
</tr>
<!DOCTYPE HTML PUBLIC "-//W3C//DTD HTML 4.01 Transitional//EN" "http://www.w3.org/TR/html4/loose.dtd">
<html>
<head>
<title>Application log</title>
<style type="text/css">
<!--
body, table {font-family: arial,sans-serif; font-size: x-small;}
th {background: #336699; color: #FFFFFF; text-align: left;}
-->
</style>
</head>
<body bgcolor="#FFFFFF" topmargin="6" leftmargin="6">
<hr size="1" noshade>
Log session start time Wed Oct 25 11:46:33 IST 2023<br>
<br>
<table cellspacing="0" cellpadding="4" border="1" bordercolor="#224466" width="100%">
<tr>
<th>Time</th>
<th>Thread</th>
<th>Level</th>
<th>Category</th>
<th>File:Line</th>
<th>Message</th>
</tr>

<tr>
<td>0</td>
<td title="main thread">main</td>
<td title="Level">INFO</td>
<td title="Tests.TestCase1 category">Tests.TestCase1</td>
<td>TestCase1.java:58</td>
<td title="Message">Successfully Launched the TODO MVC</td>
</tr>

<tr>
<td>367</td>
<td title="main thread">main</td>
<td title="Level">INFO</td>
<td title="Tests.TestCase1 category">Tests.TestCase1</td>
<td>TestCase1.java:77</td>
<td title="Message">To Do Label is Displayed</td>
</tr>

<tr>
<td>368</td>
<td title="main thread">main</td>
<td title="Level">INFO</td>
<td title="Tests.TestCase1 category">Tests.TestCase1</td>
<td>TestCase1.java:79</td>
<td title="Message">Adding the Tasks</td>
</tr>

<tr>
<td>3881</td>
<td title="main thread">main</td>
<td title="Level">INFO</td>
<td title="Tests.TestCase1 category">Tests.TestCase1</td>
<td>TestCase1.java:87</td>
<td title="Message">Tasks Added Successfully</td>
</tr>

<tr>
<td>3907</td>
<td title="main thread">main</td>
<td title="Level">INFO</td>
<td title="Tests.TestCase1 category">Tests.TestCase1</td>
<td>TestCase1.java:98</td>
<td title="Message">Verifying the added Tasks</td>
</tr>

<tr>
<td>3991</td>
<td title="main thread">main</td>
<td title="Level">INFO</td>
<td title="Tests.TestCase1 category">Tests.TestCase1</td>
<td>TestCase1.java:102</td>
<td title="Message">Added Tasks are displayed successfully</td>
</tr>

<tr>
<td>4018</td>
<td title="main thread">main</td>
<td title="Level"><font color="#993300"><strong>ERROR</strong></font></td>
<td title="Tests.TestCase1 category">Tests.TestCase1</td>
<td>TestCase1.java:109</td>
<td title="Message">Test Case Status is Fail due org.openqa.selenium.InvalidSelectorException: invalid selector: Unable to locate an element with the xpath expression //label[text()='T2']/preceding-sibling::input) because of the following error:
SyntaxError: Failed to execute 'evaluate' on 'Document': The string '//label[text()='T2']/preceding-sibling::input)' is not a valid XPath expression.
  (Session info: chrome=118.0.5993.89)
For documentation on this error, please visit: https://www.selenium.dev/documentation/webdriver/troubleshooting/errors#invalid-selector-exception
Build info: version: '4.14.1', revision: '03f8ede370'
System info: os.name: 'Windows 10', os.arch: 'amd64', os.version: '10.0', java.version: '18.0.2'
Driver info: org.openqa.selenium.chrome.ChromeDriver
Command: [448ae368642662ca57cd8599663831e9, findElement {using=xpath, value=//label[text()='T2']/preceding-sibling::input)}]
Capabilities {acceptInsecureCerts: false, browserName: chrome, browserVersion: 118.0.5993.89, chrome: {chromedriverVersion: 118.0.5993.70 (e52f33f30b91..., userDataDir: C:\Users\AIN126\AppData\Loc...}, fedcm:accounts: true, goog:chromeOptions: {debuggerAddress: localhost:52364}, networkConnectionEnabled: false, pageLoadStrategy: normal, platformName: windows, proxy: Proxy(), se:cdp: ws://localhost:52364/devtoo..., se:cdpVersion: 118.0.5993.89, setWindowRect: true, strictFileInteractability: false, timeouts: {implicit: 0, pageLoad: 300000, script: 30000}, unhandledPromptBehavior: dismiss and notify, webauthn:extension:credBlob: true, webauthn:extension:largeBlob: true, webauthn:extension:minPinLength: true, webauthn:extension:prf: true, webauthn:virtualAuthenticators: true}
Session ID: 448ae368642662ca57cd8599663831e9</td>
</tr>
<!DOCTYPE HTML PUBLIC "-//W3C//DTD HTML 4.01 Transitional//EN" "http://www.w3.org/TR/html4/loose.dtd">
<html>
<head>
<title>Application log</title>
<style type="text/css">
<!--
body, table {font-family: arial,sans-serif; font-size: x-small;}
th {background: #336699; color: #FFFFFF; text-align: left;}
-->
</style>
</head>
<body bgcolor="#FFFFFF" topmargin="6" leftmargin="6">
<hr size="1" noshade>
Log session start time Wed Oct 25 11:47:43 IST 2023<br>
<br>
<table cellspacing="0" cellpadding="4" border="1" bordercolor="#224466" width="100%">
<tr>
<th>Time</th>
<th>Thread</th>
<th>Level</th>
<th>Category</th>
<th>File:Line</th>
<th>Message</th>
</tr>

<tr>
<td>0</td>
<td title="main thread">main</td>
<td title="Level">INFO</td>
<td title="Tests.TestCase1 category">Tests.TestCase1</td>
<td>TestCase1.java:58</td>
<td title="Message">Successfully Launched the TODO MVC</td>
</tr>

<tr>
<td>279</td>
<td title="main thread">main</td>
<td title="Level">INFO</td>
<td title="Tests.TestCase1 category">Tests.TestCase1</td>
<td>TestCase1.java:77</td>
<td title="Message">To Do Label is Displayed</td>
</tr>

<tr>
<td>280</td>
<td title="main thread">main</td>
<td title="Level">INFO</td>
<td title="Tests.TestCase1 category">Tests.TestCase1</td>
<td>TestCase1.java:79</td>
<td title="Message">Adding the Tasks</td>
</tr>

<tr>
<td>3790</td>
<td title="main thread">main</td>
<td title="Level">INFO</td>
<td title="Tests.TestCase1 category">Tests.TestCase1</td>
<td>TestCase1.java:87</td>
<td title="Message">Tasks Added Successfully</td>
</tr>

<tr>
<td>3821</td>
<td title="main thread">main</td>
<td title="Level">INFO</td>
<td title="Tests.TestCase1 category">Tests.TestCase1</td>
<td>TestCase1.java:98</td>
<td title="Message">Verifying the added Tasks</td>
</tr>

<tr>
<td>3900</td>
<td title="main thread">main</td>
<td title="Level">INFO</td>
<td title="Tests.TestCase1 category">Tests.TestCase1</td>
<td>TestCase1.java:102</td>
<td title="Message">Added Tasks are displayed successfully</td>
</tr>

<tr>
<td>3928</td>
<td title="main thread">main</td>
<td title="Level"><font color="#993300"><strong>ERROR</strong></font></td>
<td title="Tests.TestCase1 category">Tests.TestCase1</td>
<td>TestCase1.java:109</td>
<td title="Message">Test Case Status is Fail due org.openqa.selenium.InvalidSelectorException: invalid selector: Unable to locate an element with the xpath expression //label[text()='T2']/preceding-sibling::input) because of the following error:
SyntaxError: Failed to execute 'evaluate' on 'Document': The string '//label[text()='T2']/preceding-sibling::input)' is not a valid XPath expression.
  (Session info: chrome=118.0.5993.89)
For documentation on this error, please visit: https://www.selenium.dev/documentation/webdriver/troubleshooting/errors#invalid-selector-exception
Build info: version: '4.14.1', revision: '03f8ede370'
System info: os.name: 'Windows 10', os.arch: 'amd64', os.version: '10.0', java.version: '18.0.2'
Driver info: org.openqa.selenium.chrome.ChromeDriver
Command: [267fff21699ba19bb7dcd358a2ba2cb2, findElement {using=xpath, value=//label[text()='T2']/preceding-sibling::input)}]
Capabilities {acceptInsecureCerts: false, browserName: chrome, browserVersion: 118.0.5993.89, chrome: {chromedriverVersion: 118.0.5993.70 (e52f33f30b91..., userDataDir: C:\Users\AIN126\AppData\Loc...}, fedcm:accounts: true, goog:chromeOptions: {debuggerAddress: localhost:52428}, networkConnectionEnabled: false, pageLoadStrategy: normal, platformName: windows, proxy: Proxy(), se:cdp: ws://localhost:52428/devtoo..., se:cdpVersion: 118.0.5993.89, setWindowRect: true, strictFileInteractability: false, timeouts: {implicit: 0, pageLoad: 300000, script: 30000}, unhandledPromptBehavior: dismiss and notify, webauthn:extension:credBlob: true, webauthn:extension:largeBlob: true, webauthn:extension:minPinLength: true, webauthn:extension:prf: true, webauthn:virtualAuthenticators: true}
Session ID: 267fff21699ba19bb7dcd358a2ba2cb2</td>
</tr>
<!DOCTYPE HTML PUBLIC "-//W3C//DTD HTML 4.01 Transitional//EN" "http://www.w3.org/TR/html4/loose.dtd">
<html>
<head>
<title>Application log</title>
<style type="text/css">
<!--
body, table {font-family: arial,sans-serif; font-size: x-small;}
th {background: #336699; color: #FFFFFF; text-align: left;}
-->
</style>
</head>
<body bgcolor="#FFFFFF" topmargin="6" leftmargin="6">
<hr size="1" noshade>
Log session start time Wed Oct 25 11:49:33 IST 2023<br>
<br>
<table cellspacing="0" cellpadding="4" border="1" bordercolor="#224466" width="100%">
<tr>
<th>Time</th>
<th>Thread</th>
<th>Level</th>
<th>Category</th>
<th>File:Line</th>
<th>Message</th>
</tr>

<tr>
<td>0</td>
<td title="main thread">main</td>
<td title="Level">INFO</td>
<td title="Tests.TestCase1 category">Tests.TestCase1</td>
<td>TestCase1.java:58</td>
<td title="Message">Successfully Launched the TODO MVC</td>
</tr>

<tr>
<td>309</td>
<td title="main thread">main</td>
<td title="Level">INFO</td>
<td title="Tests.TestCase1 category">Tests.TestCase1</td>
<td>TestCase1.java:77</td>
<td title="Message">To Do Label is Displayed</td>
</tr>

<tr>
<td>310</td>
<td title="main thread">main</td>
<td title="Level">INFO</td>
<td title="Tests.TestCase1 category">Tests.TestCase1</td>
<td>TestCase1.java:79</td>
<td title="Message">Adding the Tasks</td>
</tr>

<tr>
<td>3765</td>
<td title="main thread">main</td>
<td title="Level">INFO</td>
<td title="Tests.TestCase1 category">Tests.TestCase1</td>
<td>TestCase1.java:87</td>
<td title="Message">Tasks Added Successfully</td>
</tr>

<tr>
<td>3794</td>
<td title="main thread">main</td>
<td title="Level">INFO</td>
<td title="Tests.TestCase1 category">Tests.TestCase1</td>
<td>TestCase1.java:98</td>
<td title="Message">Verifying the added Tasks</td>
</tr>

<tr>
<td>3892</td>
<td title="main thread">main</td>
<td title="Level">INFO</td>
<td title="Tests.TestCase1 category">Tests.TestCase1</td>
<td>TestCase1.java:102</td>
<td title="Message">Added Tasks are displayed successfully</td>
</tr>

<tr>
<td>3920</td>
<td title="main thread">main</td>
<td title="Level"><font color="#993300"><strong>ERROR</strong></font></td>
<td title="Tests.TestCase1 category">Tests.TestCase1</td>
<td>TestCase1.java:109</td>
<td title="Message">Test Case Status is Fail due org.openqa.selenium.InvalidSelectorException: invalid selector: Unable to locate an element with the xpath expression //label[text()='T1']/preceding-sibling::input) because of the following error:
SyntaxError: Failed to execute 'evaluate' on 'Document': The string '//label[text()='T1']/preceding-sibling::input)' is not a valid XPath expression.
  (Session info: chrome=118.0.5993.89)
For documentation on this error, please visit: https://www.selenium.dev/documentation/webdriver/troubleshooting/errors#invalid-selector-exception
Build info: version: '4.14.1', revision: '03f8ede370'
System info: os.name: 'Windows 10', os.arch: 'amd64', os.version: '10.0', java.version: '18.0.2'
Driver info: org.openqa.selenium.chrome.ChromeDriver
Command: [026d468e3676d70f587bbacc06c9c1af, findElement {using=xpath, value=//label[text()='T1']/preceding-sibling::input)}]
Capabilities {acceptInsecureCerts: false, browserName: chrome, browserVersion: 118.0.5993.89, chrome: {chromedriverVersion: 118.0.5993.70 (e52f33f30b91..., userDataDir: C:\Users\AIN126\AppData\Loc...}, fedcm:accounts: true, goog:chromeOptions: {debuggerAddress: localhost:52508}, networkConnectionEnabled: false, pageLoadStrategy: normal, platformName: windows, proxy: Proxy(), se:cdp: ws://localhost:52508/devtoo..., se:cdpVersion: 118.0.5993.89, setWindowRect: true, strictFileInteractability: false, timeouts: {implicit: 0, pageLoad: 300000, script: 30000}, unhandledPromptBehavior: dismiss and notify, webauthn:extension:credBlob: true, webauthn:extension:largeBlob: true, webauthn:extension:minPinLength: true, webauthn:extension:prf: true, webauthn:virtualAuthenticators: true}
Session ID: 026d468e3676d70f587bbacc06c9c1af</td>
</tr>
<!DOCTYPE HTML PUBLIC "-//W3C//DTD HTML 4.01 Transitional//EN" "http://www.w3.org/TR/html4/loose.dtd">
<html>
<head>
<title>Application log</title>
<style type="text/css">
<!--
body, table {font-family: arial,sans-serif; font-size: x-small;}
th {background: #336699; color: #FFFFFF; text-align: left;}
-->
</style>
</head>
<body bgcolor="#FFFFFF" topmargin="6" leftmargin="6">
<hr size="1" noshade>
Log session start time Wed Oct 25 11:51:00 IST 2023<br>
<br>
<table cellspacing="0" cellpadding="4" border="1" bordercolor="#224466" width="100%">
<tr>
<th>Time</th>
<th>Thread</th>
<th>Level</th>
<th>Category</th>
<th>File:Line</th>
<th>Message</th>
</tr>

<tr>
<td>0</td>
<td title="main thread">main</td>
<td title="Level">INFO</td>
<td title="Tests.TestCase1 category">Tests.TestCase1</td>
<td>TestCase1.java:58</td>
<td title="Message">Successfully Launched the TODO MVC</td>
</tr>

<tr>
<td>355</td>
<td title="main thread">main</td>
<td title="Level">INFO</td>
<td title="Tests.TestCase1 category">Tests.TestCase1</td>
<td>TestCase1.java:77</td>
<td title="Message">To Do Label is Displayed</td>
</tr>

<tr>
<td>355</td>
<td title="main thread">main</td>
<td title="Level">INFO</td>
<td title="Tests.TestCase1 category">Tests.TestCase1</td>
<td>TestCase1.java:79</td>
<td title="Message">Adding the Tasks</td>
</tr>

<tr>
<td>3810</td>
<td title="main thread">main</td>
<td title="Level">INFO</td>
<td title="Tests.TestCase1 category">Tests.TestCase1</td>
<td>TestCase1.java:87</td>
<td title="Message">Tasks Added Successfully</td>
</tr>

<tr>
<td>3839</td>
<td title="main thread">main</td>
<td title="Level">INFO</td>
<td title="Tests.TestCase1 category">Tests.TestCase1</td>
<td>TestCase1.java:98</td>
<td title="Message">Verifying the added Tasks</td>
</tr>

<tr>
<td>3935</td>
<td title="main thread">main</td>
<td title="Level">INFO</td>
<td title="Tests.TestCase1 category">Tests.TestCase1</td>
<td>TestCase1.java:102</td>
<td title="Message">Added Tasks are displayed successfully</td>
</tr>

<tr>
<td>3962</td>
<td title="main thread">main</td>
<td title="Level"><font color="#993300"><strong>ERROR</strong></font></td>
<td title="Tests.TestCase1 category">Tests.TestCase1</td>
<td>TestCase1.java:109</td>
<td title="Message">Test Case Status is Fail due org.openqa.selenium.InvalidSelectorException: invalid selector: Unable to locate an element with the xpath expression //label[text()='T1']/preceding-sibling::input) because of the following error:
SyntaxError: Failed to execute 'evaluate' on 'Document': The string '//label[text()='T1']/preceding-sibling::input)' is not a valid XPath expression.
  (Session info: chrome=118.0.5993.89)
For documentation on this error, please visit: https://www.selenium.dev/documentation/webdriver/troubleshooting/errors#invalid-selector-exception
Build info: version: '4.14.1', revision: '03f8ede370'
System info: os.name: 'Windows 10', os.arch: 'amd64', os.version: '10.0', java.version: '18.0.2'
Driver info: org.openqa.selenium.chrome.ChromeDriver
Command: [5d21c4ab4f450bf8e443011b40de6652, findElement {using=xpath, value=//label[text()='T1']/preceding-sibling::input)}]
Capabilities {acceptInsecureCerts: false, browserName: chrome, browserVersion: 118.0.5993.89, chrome: {chromedriverVersion: 118.0.5993.70 (e52f33f30b91..., userDataDir: C:\Users\AIN126\AppData\Loc...}, fedcm:accounts: true, goog:chromeOptions: {debuggerAddress: localhost:52583}, networkConnectionEnabled: false, pageLoadStrategy: normal, platformName: windows, proxy: Proxy(), se:cdp: ws://localhost:52583/devtoo..., se:cdpVersion: 118.0.5993.89, setWindowRect: true, strictFileInteractability: false, timeouts: {implicit: 0, pageLoad: 300000, script: 30000}, unhandledPromptBehavior: dismiss and notify, webauthn:extension:credBlob: true, webauthn:extension:largeBlob: true, webauthn:extension:minPinLength: true, webauthn:extension:prf: true, webauthn:virtualAuthenticators: true}
Session ID: 5d21c4ab4f450bf8e443011b40de6652</td>
</tr>
<!DOCTYPE HTML PUBLIC "-//W3C//DTD HTML 4.01 Transitional//EN" "http://www.w3.org/TR/html4/loose.dtd">
<html>
<head>
<title>Application log</title>
<style type="text/css">
<!--
body, table {font-family: arial,sans-serif; font-size: x-small;}
th {background: #336699; color: #FFFFFF; text-align: left;}
-->
</style>
</head>
<body bgcolor="#FFFFFF" topmargin="6" leftmargin="6">
<hr size="1" noshade>
Log session start time Wed Oct 25 11:52:27 IST 2023<br>
<br>
<table cellspacing="0" cellpadding="4" border="1" bordercolor="#224466" width="100%">
<tr>
<th>Time</th>
<th>Thread</th>
<th>Level</th>
<th>Category</th>
<th>File:Line</th>
<th>Message</th>
</tr>

<tr>
<td>0</td>
<td title="main thread">main</td>
<td title="Level">INFO</td>
<td title="Tests.TestCase1 category">Tests.TestCase1</td>
<td>TestCase1.java:58</td>
<td title="Message">Successfully Launched the TODO MVC</td>
</tr>

<tr>
<td>478</td>
<td title="main thread">main</td>
<td title="Level">INFO</td>
<td title="Tests.TestCase1 category">Tests.TestCase1</td>
<td>TestCase1.java:77</td>
<td title="Message">To Do Label is Displayed</td>
</tr>

<tr>
<td>479</td>
<td title="main thread">main</td>
<td title="Level">INFO</td>
<td title="Tests.TestCase1 category">Tests.TestCase1</td>
<td>TestCase1.java:79</td>
<td title="Message">Adding the Tasks</td>
</tr>

<tr>
<td>4039</td>
<td title="main thread">main</td>
<td title="Level">INFO</td>
<td title="Tests.TestCase1 category">Tests.TestCase1</td>
<td>TestCase1.java:87</td>
<td title="Message">Tasks Added Successfully</td>
</tr>

<tr>
<td>4069</td>
<td title="main thread">main</td>
<td title="Level">INFO</td>
<td title="Tests.TestCase1 category">Tests.TestCase1</td>
<td>TestCase1.java:98</td>
<td title="Message">Verifying the added Tasks</td>
</tr>

<tr>
<td>4190</td>
<td title="main thread">main</td>
<td title="Level">INFO</td>
<td title="Tests.TestCase1 category">Tests.TestCase1</td>
<td>TestCase1.java:102</td>
<td title="Message">Added Tasks are displayed successfully</td>
</tr>
<!DOCTYPE HTML PUBLIC "-//W3C//DTD HTML 4.01 Transitional//EN" "http://www.w3.org/TR/html4/loose.dtd">
<html>
<head>
<title>Application log</title>
<style type="text/css">
<!--
body, table {font-family: arial,sans-serif; font-size: x-small;}
th {background: #336699; color: #FFFFFF; text-align: left;}
-->
</style>
</head>
<body bgcolor="#FFFFFF" topmargin="6" leftmargin="6">
<hr size="1" noshade>
Log session start time Wed Oct 25 11:59:00 IST 2023<br>
<br>
<table cellspacing="0" cellpadding="4" border="1" bordercolor="#224466" width="100%">
<tr>
<th>Time</th>
<th>Thread</th>
<th>Level</th>
<th>Category</th>
<th>File:Line</th>
<th>Message</th>
</tr>

<tr>
<td>0</td>
<td title="main thread">main</td>
<td title="Level">INFO</td>
<td title="Tests.TestCase1 category">Tests.TestCase1</td>
<td>TestCase1.java:58</td>
<td title="Message">Successfully Launched the TODO MVC</td>
</tr>

<tr>
<td>294</td>
<td title="main thread">main</td>
<td title="Level">INFO</td>
<td title="Tests.TestCase1 category">Tests.TestCase1</td>
<td>TestCase1.java:77</td>
<td title="Message">To Do Label is Displayed</td>
</tr>

<tr>
<td>295</td>
<td title="main thread">main</td>
<td title="Level">INFO</td>
<td title="Tests.TestCase1 category">Tests.TestCase1</td>
<td>TestCase1.java:79</td>
<td title="Message">Adding the Tasks</td>
</tr>

<tr>
<td>3791</td>
<td title="main thread">main</td>
<td title="Level">INFO</td>
<td title="Tests.TestCase1 category">Tests.TestCase1</td>
<td>TestCase1.java:87</td>
<td title="Message">Tasks Added Successfully</td>
</tr>

<tr>
<td>3819</td>
<td title="main thread">main</td>
<td title="Level">INFO</td>
<td title="Tests.TestCase1 category">Tests.TestCase1</td>
<td>TestCase1.java:98</td>
<td title="Message">Verifying the added Tasks</td>
</tr>

<tr>
<td>3892</td>
<td title="main thread">main</td>
<td title="Level">INFO</td>
<td title="Tests.TestCase1 category">Tests.TestCase1</td>
<td>TestCase1.java:102</td>
<td title="Message">Added Tasks are displayed successfully</td>
</tr>
<!DOCTYPE HTML PUBLIC "-//W3C//DTD HTML 4.01 Transitional//EN" "http://www.w3.org/TR/html4/loose.dtd">
<html>
<head>
<title>Application log</title>
<style type="text/css">
<!--
body, table {font-family: arial,sans-serif; font-size: x-small;}
th {background: #336699; color: #FFFFFF; text-align: left;}
-->
</style>
</head>
<body bgcolor="#FFFFFF" topmargin="6" leftmargin="6">
<hr size="1" noshade>
Log session start time Wed Oct 25 12:37:39 IST 2023<br>
<br>
<table cellspacing="0" cellpadding="4" border="1" bordercolor="#224466" width="100%">
<tr>
<th>Time</th>
<th>Thread</th>
<th>Level</th>
<th>Category</th>
<th>File:Line</th>
<th>Message</th>
</tr>

<tr>
<td>0</td>
<td title="main thread">main</td>
<td title="Level">INFO</td>
<td title="Tests.TestCase1 category">Tests.TestCase1</td>
<td>TestCase1.java:58</td>
<td title="Message">Successfully Launched the TODO MVC</td>
</tr>

<tr>
<td>293</td>
<td title="main thread">main</td>
<td title="Level">INFO</td>
<td title="Tests.TestCase1 category">Tests.TestCase1</td>
<td>TestCase1.java:77</td>
<td title="Message">To Do Label is Displayed</td>
</tr>

<tr>
<td>294</td>
<td title="main thread">main</td>
<td title="Level">INFO</td>
<td title="Tests.TestCase1 category">Tests.TestCase1</td>
<td>TestCase1.java:79</td>
<td title="Message">Adding the Tasks</td>
</tr>

<tr>
<td>3733</td>
<td title="main thread">main</td>
<td title="Level">INFO</td>
<td title="Tests.TestCase1 category">Tests.TestCase1</td>
<td>TestCase1.java:87</td>
<td title="Message">Tasks Added Successfully</td>
</tr>

<tr>
<td>3763</td>
<td title="main thread">main</td>
<td title="Level">INFO</td>
<td title="Tests.TestCase1 category">Tests.TestCase1</td>
<td>TestCase1.java:98</td>
<td title="Message">Verifying the added Tasks</td>
</tr>

<tr>
<td>3853</td>
<td title="main thread">main</td>
<td title="Level">INFO</td>
<td title="Tests.TestCase1 category">Tests.TestCase1</td>
<td>TestCase1.java:102</td>
<td title="Message">Added Tasks are displayed successfully</td>
</tr>
<!DOCTYPE HTML PUBLIC "-//W3C//DTD HTML 4.01 Transitional//EN" "http://www.w3.org/TR/html4/loose.dtd">
<html>
<head>
<title>Application log</title>
<style type="text/css">
<!--
body, table {font-family: arial,sans-serif; font-size: x-small;}
th {background: #336699; color: #FFFFFF; text-align: left;}
-->
</style>
</head>
<body bgcolor="#FFFFFF" topmargin="6" leftmargin="6">
<hr size="1" noshade>
Log session start time Wed Oct 25 12:48:38 IST 2023<br>
<br>
<table cellspacing="0" cellpadding="4" border="1" bordercolor="#224466" width="100%">
<tr>
<th>Time</th>
<th>Thread</th>
<th>Level</th>
<th>Category</th>
<th>File:Line</th>
<th>Message</th>
</tr>

<tr>
<td>0</td>
<td title="main thread">main</td>
<td title="Level">INFO</td>
<td title="Tests.TestCase1 category">Tests.TestCase1</td>
<td>TestCase1.java:58</td>
<td title="Message">Successfully Launched the TODO MVC</td>
</tr>

<tr>
<td>292</td>
<td title="main thread">main</td>
<td title="Level">INFO</td>
<td title="Tests.TestCase1 category">Tests.TestCase1</td>
<td>TestCase1.java:77</td>
<td title="Message">To Do Label is Displayed</td>
</tr>

<tr>
<td>293</td>
<td title="main thread">main</td>
<td title="Level">INFO</td>
<td title="Tests.TestCase1 category">Tests.TestCase1</td>
<td>TestCase1.java:79</td>
<td title="Message">Adding the Tasks</td>
</tr>

<tr>
<td>3760</td>
<td title="main thread">main</td>
<td title="Level">INFO</td>
<td title="Tests.TestCase1 category">Tests.TestCase1</td>
<td>TestCase1.java:87</td>
<td title="Message">Tasks Added Successfully</td>
</tr>

<tr>
<td>3790</td>
<td title="main thread">main</td>
<td title="Level">INFO</td>
<td title="Tests.TestCase1 category">Tests.TestCase1</td>
<td>TestCase1.java:98</td>
<td title="Message">Verifying the added Tasks</td>
</tr>

<tr>
<td>3888</td>
<td title="main thread">main</td>
<td title="Level">INFO</td>
<td title="Tests.TestCase1 category">Tests.TestCase1</td>
<td>TestCase1.java:102</td>
<td title="Message">Added Tasks are displayed successfully</td>
</tr>

<tr>
<td>4041</td>
<td title="main thread">main</td>
<td title="Level"><font color="#993300"><strong>ERROR</strong></font></td>
<td title="Tests.TestCase1 category">Tests.TestCase1</td>
<td>TestCase1.java:109</td>
<td title="Message">Test Case Status is Fail due org.openqa.selenium.InvalidSelectorException: invalid selector: Unable to locate an element with the xpath expression //label[text()='T1' because of the following error:
SyntaxError: Failed to execute 'evaluate' on 'Document': The string '//label[text()='T1'' is not a valid XPath expression.
  (Session info: chrome=118.0.5993.89)
For documentation on this error, please visit: https://www.selenium.dev/documentation/webdriver/troubleshooting/errors#invalid-selector-exception
Build info: version: '4.14.1', revision: '03f8ede370'
System info: os.name: 'Windows 10', os.arch: 'amd64', os.version: '10.0', java.version: '18.0.2'
Driver info: org.openqa.selenium.chrome.ChromeDriver
Command: [58dfb5da9aae11eb8ace3a2c5b9fc296, findElement {using=xpath, value=//label[text()='T1'}]
Capabilities {acceptInsecureCerts: false, browserName: chrome, browserVersion: 118.0.5993.89, chrome: {chromedriverVersion: 118.0.5993.70 (e52f33f30b91..., userDataDir: C:\Users\AIN126\AppData\Loc...}, fedcm:accounts: true, goog:chromeOptions: {debuggerAddress: localhost:55082}, networkConnectionEnabled: false, pageLoadStrategy: normal, platformName: windows, proxy: Proxy(), se:cdp: ws://localhost:55082/devtoo..., se:cdpVersion: 118.0.5993.89, setWindowRect: true, strictFileInteractability: false, timeouts: {implicit: 0, pageLoad: 300000, script: 30000}, unhandledPromptBehavior: dismiss and notify, webauthn:extension:credBlob: true, webauthn:extension:largeBlob: true, webauthn:extension:minPinLength: true, webauthn:extension:prf: true, webauthn:virtualAuthenticators: true}
Session ID: 58dfb5da9aae11eb8ace3a2c5b9fc296</td>
</tr>
<!DOCTYPE HTML PUBLIC "-//W3C//DTD HTML 4.01 Transitional//EN" "http://www.w3.org/TR/html4/loose.dtd">
<html>
<head>
<title>Application log</title>
<style type="text/css">
<!--
body, table {font-family: arial,sans-serif; font-size: x-small;}
th {background: #336699; color: #FFFFFF; text-align: left;}
-->
</style>
</head>
<body bgcolor="#FFFFFF" topmargin="6" leftmargin="6">
<hr size="1" noshade>
Log session start time Wed Oct 25 14:01:02 IST 2023<br>
<br>
<table cellspacing="0" cellpadding="4" border="1" bordercolor="#224466" width="100%">
<tr>
<th>Time</th>
<th>Thread</th>
<th>Level</th>
<th>Category</th>
<th>File:Line</th>
<th>Message</th>
</tr>

<tr>
<td>0</td>
<td title="main thread">main</td>
<td title="Level">INFO</td>
<td title="Tests.TestCase1 category">Tests.TestCase1</td>
<td>TestCase1.java:58</td>
<td title="Message">Successfully Launched the TODO MVC</td>
</tr>

<tr>
<td>292</td>
<td title="main thread">main</td>
<td title="Level">INFO</td>
<td title="Tests.TestCase1 category">Tests.TestCase1</td>
<td>TestCase1.java:77</td>
<td title="Message">To Do Label is Displayed</td>
</tr>

<tr>
<td>293</td>
<td title="main thread">main</td>
<td title="Level">INFO</td>
<td title="Tests.TestCase1 category">Tests.TestCase1</td>
<td>TestCase1.java:79</td>
<td title="Message">Adding the Tasks</td>
</tr>

<tr>
<td>3801</td>
<td title="main thread">main</td>
<td title="Level">INFO</td>
<td title="Tests.TestCase1 category">Tests.TestCase1</td>
<td>TestCase1.java:87</td>
<td title="Message">Tasks Added Successfully</td>
</tr>

<tr>
<td>3830</td>
<td title="main thread">main</td>
<td title="Level">INFO</td>
<td title="Tests.TestCase1 category">Tests.TestCase1</td>
<td>TestCase1.java:97</td>
<td title="Message">Verifying the added Tasks</td>
</tr>

<tr>
<td>3913</td>
<td title="main thread">main</td>
<td title="Level">INFO</td>
<td title="Tests.TestCase1 category">Tests.TestCase1</td>
<td>TestCase1.java:101</td>
<td title="Message">Added Tasks are displayed successfully</td>
</tr>

<tr>
<td>4069</td>
<td title="main thread">main</td>
<td title="Level"><font color="#993300"><strong>ERROR</strong></font></td>
<td title="Tests.TestCase1 category">Tests.TestCase1</td>
<td>TestCase1.java:107</td>
<td title="Message">Test Case Status is Fail due org.openqa.selenium.InvalidSelectorException: invalid selector: Unable to locate an element with the xpath expression //label[text()='T1' because of the following error:
SyntaxError: Failed to execute 'evaluate' on 'Document': The string '//label[text()='T1'' is not a valid XPath expression.
  (Session info: chrome=118.0.5993.89)
For documentation on this error, please visit: https://www.selenium.dev/documentation/webdriver/troubleshooting/errors#invalid-selector-exception
Build info: version: '4.14.1', revision: '03f8ede370'
System info: os.name: 'Windows 10', os.arch: 'amd64', os.version: '10.0', java.version: '18.0.2'
Driver info: org.openqa.selenium.chrome.ChromeDriver
Command: [361c19d3360b4a37f4bc3ea547d7508f, findElement {using=xpath, value=//label[text()='T1'}]
Capabilities {acceptInsecureCerts: false, browserName: chrome, browserVersion: 118.0.5993.89, chrome: {chromedriverVersion: 118.0.5993.70 (e52f33f30b91..., userDataDir: C:\Users\AIN126\AppData\Loc...}, fedcm:accounts: true, goog:chromeOptions: {debuggerAddress: localhost:59765}, networkConnectionEnabled: false, pageLoadStrategy: normal, platformName: windows, proxy: Proxy(), se:cdp: ws://localhost:59765/devtoo..., se:cdpVersion: 118.0.5993.89, setWindowRect: true, strictFileInteractability: false, timeouts: {implicit: 0, pageLoad: 300000, script: 30000}, unhandledPromptBehavior: dismiss and notify, webauthn:extension:credBlob: true, webauthn:extension:largeBlob: true, webauthn:extension:minPinLength: true, webauthn:extension:prf: true, webauthn:virtualAuthenticators: true}
Session ID: 361c19d3360b4a37f4bc3ea547d7508f</td>
</tr>
<!DOCTYPE HTML PUBLIC "-//W3C//DTD HTML 4.01 Transitional//EN" "http://www.w3.org/TR/html4/loose.dtd">
<html>
<head>
<title>Application log</title>
<style type="text/css">
<!--
body, table {font-family: arial,sans-serif; font-size: x-small;}
th {background: #336699; color: #FFFFFF; text-align: left;}
-->
</style>
</head>
<body bgcolor="#FFFFFF" topmargin="6" leftmargin="6">
<hr size="1" noshade>
Log session start time Wed Oct 25 14:08:48 IST 2023<br>
<br>
<table cellspacing="0" cellpadding="4" border="1" bordercolor="#224466" width="100%">
<tr>
<th>Time</th>
<th>Thread</th>
<th>Level</th>
<th>Category</th>
<th>File:Line</th>
<th>Message</th>
</tr>

<tr>
<td>0</td>
<td title="main thread">main</td>
<td title="Level">INFO</td>
<td title="Tests.TestCase1 category">Tests.TestCase1</td>
<td>TestCase1.java:58</td>
<td title="Message">Successfully Launched the TODO MVC</td>
</tr>

<tr>
<td>312</td>
<td title="main thread">main</td>
<td title="Level">INFO</td>
<td title="Tests.TestCase1 category">Tests.TestCase1</td>
<td>TestCase1.java:77</td>
<td title="Message">To Do Label is Displayed</td>
</tr>

<tr>
<td>312</td>
<td title="main thread">main</td>
<td title="Level">INFO</td>
<td title="Tests.TestCase1 category">Tests.TestCase1</td>
<td>TestCase1.java:79</td>
<td title="Message">Adding the Tasks</td>
</tr>

<tr>
<td>3834</td>
<td title="main thread">main</td>
<td title="Level">INFO</td>
<td title="Tests.TestCase1 category">Tests.TestCase1</td>
<td>TestCase1.java:87</td>
<td title="Message">Tasks Added Successfully</td>
</tr>

<tr>
<td>3863</td>
<td title="main thread">main</td>
<td title="Level">INFO</td>
<td title="Tests.TestCase1 category">Tests.TestCase1</td>
<td>TestCase1.java:97</td>
<td title="Message">Verifying the added Tasks</td>
</tr>

<tr>
<td>3955</td>
<td title="main thread">main</td>
<td title="Level">INFO</td>
<td title="Tests.TestCase1 category">Tests.TestCase1</td>
<td>TestCase1.java:101</td>
<td title="Message">Added Tasks are displayed successfully</td>
</tr>

<tr>
<td>4039</td>
<td title="main thread">main</td>
<td title="Level"><font color="#993300"><strong>ERROR</strong></font></td>
<td title="Tests.TestCase1 category">Tests.TestCase1</td>
<td>TestCase1.java:107</td>
<td title="Message">Test Case Status is Fail due org.openqa.selenium.NoSuchElementException: no such element: Unable to locate element: {&quot;method&quot;:&quot;css selector&quot;,&quot;selector&quot;:&quot;a[href='#/Completed']&quot;}
  (Session info: chrome=118.0.5993.89)
For documentation on this error, please visit: https://www.selenium.dev/documentation/webdriver/troubleshooting/errors#no-such-element-exception
Build info: version: '4.14.1', revision: '03f8ede370'
System info: os.name: 'Windows 10', os.arch: 'amd64', os.version: '10.0', java.version: '18.0.2'
Driver info: org.openqa.selenium.chrome.ChromeDriver
Command: [4e468182956f467035c302410b680088, findElement {using=css selector, value=a[href='#/Completed']}]
Capabilities {acceptInsecureCerts: false, browserName: chrome, browserVersion: 118.0.5993.89, chrome: {chromedriverVersion: 118.0.5993.70 (e52f33f30b91..., userDataDir: C:\Users\AIN126\AppData\Loc...}, fedcm:accounts: true, goog:chromeOptions: {debuggerAddress: localhost:60050}, networkConnectionEnabled: false, pageLoadStrategy: normal, platformName: windows, proxy: Proxy(), se:cdp: ws://localhost:60050/devtoo..., se:cdpVersion: 118.0.5993.89, setWindowRect: true, strictFileInteractability: false, timeouts: {implicit: 0, pageLoad: 300000, script: 30000}, unhandledPromptBehavior: dismiss and notify, webauthn:extension:credBlob: true, webauthn:extension:largeBlob: true, webauthn:extension:minPinLength: true, webauthn:extension:prf: true, webauthn:virtualAuthenticators: true}
Session ID: 4e468182956f467035c302410b680088</td>
</tr>
<!DOCTYPE HTML PUBLIC "-//W3C//DTD HTML 4.01 Transitional//EN" "http://www.w3.org/TR/html4/loose.dtd">
<html>
<head>
<title>Application log</title>
<style type="text/css">
<!--
body, table {font-family: arial,sans-serif; font-size: x-small;}
th {background: #336699; color: #FFFFFF; text-align: left;}
-->
</style>
</head>
<body bgcolor="#FFFFFF" topmargin="6" leftmargin="6">
<hr size="1" noshade>
Log session start time Wed Oct 25 14:10:51 IST 2023<br>
<br>
<table cellspacing="0" cellpadding="4" border="1" bordercolor="#224466" width="100%">
<tr>
<th>Time</th>
<th>Thread</th>
<th>Level</th>
<th>Category</th>
<th>File:Line</th>
<th>Message</th>
</tr>

<tr>
<td>0</td>
<td title="main thread">main</td>
<td title="Level">INFO</td>
<td title="Tests.TestCase1 category">Tests.TestCase1</td>
<td>TestCase1.java:58</td>
<td title="Message">Successfully Launched the TODO MVC</td>
</tr>

<tr>
<td>279</td>
<td title="main thread">main</td>
<td title="Level">INFO</td>
<td title="Tests.TestCase1 category">Tests.TestCase1</td>
<td>TestCase1.java:77</td>
<td title="Message">To Do Label is Displayed</td>
</tr>

<tr>
<td>279</td>
<td title="main thread">main</td>
<td title="Level">INFO</td>
<td title="Tests.TestCase1 category">Tests.TestCase1</td>
<td>TestCase1.java:79</td>
<td title="Message">Adding the Tasks</td>
</tr>

<tr>
<td>3724</td>
<td title="main thread">main</td>
<td title="Level">INFO</td>
<td title="Tests.TestCase1 category">Tests.TestCase1</td>
<td>TestCase1.java:87</td>
<td title="Message">Tasks Added Successfully</td>
</tr>

<tr>
<td>3753</td>
<td title="main thread">main</td>
<td title="Level">INFO</td>
<td title="Tests.TestCase1 category">Tests.TestCase1</td>
<td>TestCase1.java:97</td>
<td title="Message">Verifying the added Tasks</td>
</tr>

<tr>
<td>3834</td>
<td title="main thread">main</td>
<td title="Level">INFO</td>
<td title="Tests.TestCase1 category">Tests.TestCase1</td>
<td>TestCase1.java:101</td>
<td title="Message">Added Tasks are displayed successfully</td>
</tr>

<tr>
<td>3989</td>
<td title="main thread">main</td>
<td title="Level"><font color="#993300"><strong>ERROR</strong></font></td>
<td title="Tests.TestCase1 category">Tests.TestCase1</td>
<td>TestCase1.java:107</td>
<td title="Message">Test Case Status is Fail due org.openqa.selenium.InvalidSelectorException: invalid selector: Unable to locate an element with the xpath expression //label[text()='T1' because of the following error:
SyntaxError: Failed to execute 'evaluate' on 'Document': The string '//label[text()='T1'' is not a valid XPath expression.
  (Session info: chrome=118.0.5993.89)
For documentation on this error, please visit: https://www.selenium.dev/documentation/webdriver/troubleshooting/errors#invalid-selector-exception
Build info: version: '4.14.1', revision: '03f8ede370'
System info: os.name: 'Windows 10', os.arch: 'amd64', os.version: '10.0', java.version: '18.0.2'
Driver info: org.openqa.selenium.chrome.ChromeDriver
Command: [6a1231f40a48d26b4e8f8348c90eb709, findElement {using=xpath, value=//label[text()='T1'}]
Capabilities {acceptInsecureCerts: false, browserName: chrome, browserVersion: 118.0.5993.89, chrome: {chromedriverVersion: 118.0.5993.70 (e52f33f30b91..., userDataDir: C:\Users\AIN126\AppData\Loc...}, fedcm:accounts: true, goog:chromeOptions: {debuggerAddress: localhost:60146}, networkConnectionEnabled: false, pageLoadStrategy: normal, platformName: windows, proxy: Proxy(), se:cdp: ws://localhost:60146/devtoo..., se:cdpVersion: 118.0.5993.89, setWindowRect: true, strictFileInteractability: false, timeouts: {implicit: 0, pageLoad: 300000, script: 30000}, unhandledPromptBehavior: dismiss and notify, webauthn:extension:credBlob: true, webauthn:extension:largeBlob: true, webauthn:extension:minPinLength: true, webauthn:extension:prf: true, webauthn:virtualAuthenticators: true}
Session ID: 6a1231f40a48d26b4e8f8348c90eb709</td>
</tr>
<!DOCTYPE HTML PUBLIC "-//W3C//DTD HTML 4.01 Transitional//EN" "http://www.w3.org/TR/html4/loose.dtd">
<html>
<head>
<title>Application log</title>
<style type="text/css">
<!--
body, table {font-family: arial,sans-serif; font-size: x-small;}
th {background: #336699; color: #FFFFFF; text-align: left;}
-->
</style>
</head>
<body bgcolor="#FFFFFF" topmargin="6" leftmargin="6">
<hr size="1" noshade>
Log session start time Wed Oct 25 14:14:58 IST 2023<br>
<br>
<table cellspacing="0" cellpadding="4" border="1" bordercolor="#224466" width="100%">
<tr>
<th>Time</th>
<th>Thread</th>
<th>Level</th>
<th>Category</th>
<th>File:Line</th>
<th>Message</th>
</tr>

<tr>
<td>0</td>
<td title="main thread">main</td>
<td title="Level">INFO</td>
<td title="Tests.TestCase1 category">Tests.TestCase1</td>
<td>TestCase1.java:58</td>
<td title="Message">Successfully Launched the TODO MVC</td>
</tr>

<tr>
<td>353</td>
<td title="main thread">main</td>
<td title="Level">INFO</td>
<td title="Tests.TestCase1 category">Tests.TestCase1</td>
<td>TestCase1.java:77</td>
<td title="Message">To Do Label is Displayed</td>
</tr>

<tr>
<td>353</td>
<td title="main thread">main</td>
<td title="Level">INFO</td>
<td title="Tests.TestCase1 category">Tests.TestCase1</td>
<td>TestCase1.java:79</td>
<td title="Message">Adding the Tasks</td>
</tr>

<tr>
<td>3837</td>
<td title="main thread">main</td>
<td title="Level">INFO</td>
<td title="Tests.TestCase1 category">Tests.TestCase1</td>
<td>TestCase1.java:87</td>
<td title="Message">Tasks Added Successfully</td>
</tr>

<tr>
<td>3869</td>
<td title="main thread">main</td>
<td title="Level">INFO</td>
<td title="Tests.TestCase1 category">Tests.TestCase1</td>
<td>TestCase1.java:97</td>
<td title="Message">Verifying the added Tasks</td>
</tr>

<tr>
<td>3947</td>
<td title="main thread">main</td>
<td title="Level">INFO</td>
<td title="Tests.TestCase1 category">Tests.TestCase1</td>
<td>TestCase1.java:101</td>
<td title="Message">Added Tasks are displayed successfully</td>
</tr>
<!DOCTYPE HTML PUBLIC "-//W3C//DTD HTML 4.01 Transitional//EN" "http://www.w3.org/TR/html4/loose.dtd">
<html>
<head>
<title>Application log</title>
<style type="text/css">
<!--
body, table {font-family: arial,sans-serif; font-size: x-small;}
th {background: #336699; color: #FFFFFF; text-align: left;}
-->
</style>
</head>
<body bgcolor="#FFFFFF" topmargin="6" leftmargin="6">
<hr size="1" noshade>
Log session start time Wed Oct 25 15:24:15 IST 2023<br>
<br>
<table cellspacing="0" cellpadding="4" border="1" bordercolor="#224466" width="100%">
<tr>
<th>Time</th>
<th>Thread</th>
<th>Level</th>
<th>Category</th>
<th>File:Line</th>
<th>Message</th>
</tr>

<tr>
<td>0</td>
<td title="main thread">main</td>
<td title="Level">INFO</td>
<td title="Tests.TestCase1 category">Tests.TestCase1</td>
<td>TestCase1.java:58</td>
<td title="Message">Successfully Launched the TODO MVC</td>
</tr>

<tr>
<td>418</td>
<td title="main thread">main</td>
<td title="Level">INFO</td>
<td title="Tests.TestCase1 category">Tests.TestCase1</td>
<td>TestCase1.java:77</td>
<td title="Message">To Do Label is Displayed</td>
</tr>

<tr>
<td>419</td>
<td title="main thread">main</td>
<td title="Level">INFO</td>
<td title="Tests.TestCase1 category">Tests.TestCase1</td>
<td>TestCase1.java:79</td>
<td title="Message">Adding the Tasks</td>
</tr>

<tr>
<td>4262</td>
<td title="main thread">main</td>
<td title="Level">INFO</td>
<td title="Tests.TestCase1 category">Tests.TestCase1</td>
<td>TestCase1.java:87</td>
<td title="Message">Tasks Added Successfully</td>
</tr>

<tr>
<td>4315</td>
<td title="main thread">main</td>
<td title="Level">INFO</td>
<td title="Tests.TestCase1 category">Tests.TestCase1</td>
<td>TestCase1.java:97</td>
<td title="Message">Verifying the added Tasks</td>
</tr>

<tr>
<td>4451</td>
<td title="main thread">main</td>
<td title="Level">INFO</td>
<td title="Tests.TestCase1 category">Tests.TestCase1</td>
<td>TestCase1.java:101</td>
<td title="Message">Added Tasks are displayed successfully</td>
</tr>

<tr>
<td>4568</td>
<td title="main thread">main</td>
<td title="Level">INFO</td>
<td title="Tests.TestCase1 category">Tests.TestCase1</td>
<td>TestCase1.java:58</td>
<td title="Message">Successfully Launched the TODO MVC</td>
</tr>

<tr>
<td>4731</td>
<td title="main thread">main</td>
<td title="Level">INFO</td>
<td title="Tests.TestCase1 category">Tests.TestCase1</td>
<td>TestCase1.java:119</td>
<td title="Message">Verfying the Task Completion</td>
</tr>

<tr>
<td>5161</td>
<td title="main thread">main</td>
<td title="Level">INFO</td>
<td title="Tests.TestCase1 category">Tests.TestCase1</td>
<td>TestCase1.java:126</td>
<td title="Message">Able to complete task T1 successfully</td>
</tr>

<tr>
<td>5276</td>
<td title="main thread">main</td>
<td title="Level">INFO</td>
<td title="Tests.TestCase1 category">Tests.TestCase1</td>
<td>TestCase1.java:137</td>
<td title="Message">Verifying the clear complete functionality</td>
</tr>

<tr>
<td>5425</td>
<td title="main thread">main</td>
<td title="Level">INFO</td>
<td title="Tests.TestCase1 category">Tests.TestCase1</td>
<td>TestCase1.java:141</td>
<td title="Message">Clear Complete tasks is successful</td>
</tr>
<!DOCTYPE HTML PUBLIC "-//W3C//DTD HTML 4.01 Transitional//EN" "http://www.w3.org/TR/html4/loose.dtd">
<html>
<head>
<title>Application log</title>
<style type="text/css">
<!--
body, table {font-family: arial,sans-serif; font-size: x-small;}
th {background: #336699; color: #FFFFFF; text-align: left;}
-->
</style>
</head>
<body bgcolor="#FFFFFF" topmargin="6" leftmargin="6">
<hr size="1" noshade>
Log session start time Wed Oct 25 15:47:26 IST 2023<br>
<br>
<table cellspacing="0" cellpadding="4" border="1" bordercolor="#224466" width="100%">
<tr>
<th>Time</th>
<th>Thread</th>
<th>Level</th>
<th>Category</th>
<th>File:Line</th>
<th>Message</th>
</tr>

<tr>
<td>0</td>
<td title="main thread">main</td>
<td title="Level">INFO</td>
<td title="Tests.TestCase2 category">Tests.TestCase2</td>
<td>TestCase2.java:57</td>
<td title="Message">Successfully Launched the TODO MVC</td>
</tr>

<tr>
<td>197</td>
<td title="main thread">main</td>
<td title="Level"><font color="#993300"><strong>ERROR</strong></font></td>
<td title="Tests.TestCase2 category">Tests.TestCase2</td>
<td>TestCase2.java:90</td>
<td title="Message">Test Case Status is Fail due org.openqa.selenium.NoSuchElementException: no such element: Unable to locate element: {&quot;method&quot;:&quot;xpath&quot;,&quot;selector&quot;:&quot;//h3[contains(text(),'Vue.js')]&quot;}
  (Session info: chrome=118.0.5993.89)
For documentation on this error, please visit: https://www.selenium.dev/documentation/webdriver/troubleshooting/errors#no-such-element-exception
Build info: version: '4.14.1', revision: '03f8ede370'
System info: os.name: 'Windows 10', os.arch: 'amd64', os.version: '10.0', java.version: '18.0.2'
Driver info: org.openqa.selenium.chrome.ChromeDriver
Command: [53952a09f1cb79f68e6d6d270446d9c3, findElement {using=xpath, value=//h3[contains(text(),'Vue.js')]}]
Capabilities {acceptInsecureCerts: false, browserName: chrome, browserVersion: 118.0.5993.89, chrome: {chromedriverVersion: 118.0.5993.70 (e52f33f30b91..., userDataDir: C:\Users\AIN126\AppData\Loc...}, fedcm:accounts: true, goog:chromeOptions: {debuggerAddress: localhost:63269}, networkConnectionEnabled: false, pageLoadStrategy: normal, platformName: windows, proxy: Proxy(), se:cdp: ws://localhost:63269/devtoo..., se:cdpVersion: 118.0.5993.89, setWindowRect: true, strictFileInteractability: false, timeouts: {implicit: 0, pageLoad: 300000, script: 30000}, unhandledPromptBehavior: dismiss and notify, webauthn:extension:credBlob: true, webauthn:extension:largeBlob: true, webauthn:extension:minPinLength: true, webauthn:extension:prf: true, webauthn:virtualAuthenticators: true}
Session ID: 53952a09f1cb79f68e6d6d270446d9c3</td>
</tr>
<!DOCTYPE HTML PUBLIC "-//W3C//DTD HTML 4.01 Transitional//EN" "http://www.w3.org/TR/html4/loose.dtd">
<html>
<head>
<title>Application log</title>
<style type="text/css">
<!--
body, table {font-family: arial,sans-serif; font-size: x-small;}
th {background: #336699; color: #FFFFFF; text-align: left;}
-->
</style>
</head>
<body bgcolor="#FFFFFF" topmargin="6" leftmargin="6">
<hr size="1" noshade>
Log session start time Wed Oct 25 15:49:14 IST 2023<br>
<br>
<table cellspacing="0" cellpadding="4" border="1" bordercolor="#224466" width="100%">
<tr>
<th>Time</th>
<th>Thread</th>
<th>Level</th>
<th>Category</th>
<th>File:Line</th>
<th>Message</th>
</tr>

<tr>
<td>0</td>
<td title="main thread">main</td>
<td title="Level">INFO</td>
<td title="Tests.TestCase2 category">Tests.TestCase2</td>
<td>TestCase2.java:57</td>
<td title="Message">Successfully Launched the TODO MVC</td>
</tr>

<tr>
<td>251</td>
<td title="main thread">main</td>
<td title="Level">INFO</td>
<td title="Tests.TestCase2 category">Tests.TestCase2</td>
<td>TestCase2.java:76</td>
<td title="Message">Verifying the Header Title</td>
</tr>

<tr>
<td>402</td>
<td title="main thread">main</td>
<td title="Level">INFO</td>
<td title="Tests.TestCase2 category">Tests.TestCase2</td>
<td>TestCase2.java:80</td>
<td title="Message">Header Title is displaying</td>
</tr>
<!DOCTYPE HTML PUBLIC "-//W3C//DTD HTML 4.01 Transitional//EN" "http://www.w3.org/TR/html4/loose.dtd">
<html>
<head>
<title>Application log</title>
<style type="text/css">
<!--
body, table {font-family: arial,sans-serif; font-size: x-small;}
th {background: #336699; color: #FFFFFF; text-align: left;}
-->
</style>
</head>
<body bgcolor="#FFFFFF" topmargin="6" leftmargin="6">
<hr size="1" noshade>
Log session start time Wed Oct 25 15:52:03 IST 2023<br>
<br>
<table cellspacing="0" cellpadding="4" border="1" bordercolor="#224466" width="100%">
<tr>
<th>Time</th>
<th>Thread</th>
<th>Level</th>
<th>Category</th>
<th>File:Line</th>
<th>Message</th>
</tr>

<tr>
<td>0</td>
<td title="main thread">main</td>
<td title="Level">INFO</td>
<td title="Tests.TestCase2 category">Tests.TestCase2</td>
<td>TestCase2.java:57</td>
<td title="Message">Successfully Launched the TODO MVC</td>
</tr>

<tr>
<td>386</td>
<td title="main thread">main</td>
<td title="Level">INFO</td>
<td title="Tests.TestCase2 category">Tests.TestCase2</td>
<td>TestCase2.java:76</td>
<td title="Message">Verifying the Header Title</td>
</tr>

<tr>
<td>551</td>
<td title="main thread">main</td>
<td title="Level">INFO</td>
<td title="Tests.TestCase2 category">Tests.TestCase2</td>
<td>TestCase2.java:80</td>
<td title="Message">Header Title is displaying</td>
</tr>

<tr>
<td>767</td>
<td title="main thread">main</td>
<td title="Level">INFO</td>
<td title="Tests.TestCase2 category">Tests.TestCase2</td>
<td>TestCase2.java:59</td>
<td title="Message">Exception is : Please check URL entered org.openqa.selenium.NoSuchSessionException: Session ID is null. Using WebDriver after calling quit()?
Build info: version: '4.14.1', revision: '03f8ede370'
System info: os.name: 'Windows 10', os.arch: 'amd64', os.version: '10.0', java.version: '18.0.2'
Driver info: org.openqa.selenium.chrome.ChromeDriver
Command: [null, get {url=https://todomvc.com/examples/vue/}]
Capabilities {acceptInsecureCerts: false, browserName: chrome, browserVersion: 118.0.5993.89, chrome: {chromedriverVersion: 118.0.5993.70 (e52f33f30b91..., userDataDir: C:\Users\AIN126\AppData\Loc...}, fedcm:accounts: true, goog:chromeOptions: {debuggerAddress: localhost:63450}, networkConnectionEnabled: false, pageLoadStrategy: normal, platformName: windows, proxy: Proxy(), se:cdp: ws://localhost:63450/devtoo..., se:cdpVersion: 118.0.5993.89, setWindowRect: true, strictFileInteractability: false, timeouts: {implicit: 0, pageLoad: 300000, script: 30000}, unhandledPromptBehavior: dismiss and notify, webauthn:extension:credBlob: true, webauthn:extension:largeBlob: true, webauthn:extension:minPinLength: true, webauthn:extension:prf: true, webauthn:virtualAuthenticators: true}</td>
</tr>

<tr>
<td>771</td>
<td title="main thread">main</td>
<td title="Level"><font color="#993300"><strong>ERROR</strong></font></td>
<td title="Tests.TestCase2 category">Tests.TestCase2</td>
<td>TestCase2.java:119</td>
<td title="Message">Test Case Status is Fail due org.openqa.selenium.NoSuchSessionException: Session ID is null. Using WebDriver after calling quit()?
Build info: version: '4.14.1', revision: '03f8ede370'
System info: os.name: 'Windows 10', os.arch: 'amd64', os.version: '10.0', java.version: '18.0.2'
Driver info: org.openqa.selenium.chrome.ChromeDriver
Command: [null, screenshot {}]
Capabilities {acceptInsecureCerts: false, browserName: chrome, browserVersion: 118.0.5993.89, chrome: {chromedriverVersion: 118.0.5993.70 (e52f33f30b91..., userDataDir: C:\Users\AIN126\AppData\Loc...}, fedcm:accounts: true, goog:chromeOptions: {debuggerAddress: localhost:63450}, networkConnectionEnabled: false, pageLoadStrategy: normal, platformName: windows, proxy: Proxy(), se:cdp: ws://localhost:63450/devtoo..., se:cdpVersion: 118.0.5993.89, setWindowRect: true, strictFileInteractability: false, timeouts: {implicit: 0, pageLoad: 300000, script: 30000}, unhandledPromptBehavior: dismiss and notify, webauthn:extension:credBlob: true, webauthn:extension:largeBlob: true, webauthn:extension:minPinLength: true, webauthn:extension:prf: true, webauthn:virtualAuthenticators: true}</td>
</tr>
<!DOCTYPE HTML PUBLIC "-//W3C//DTD HTML 4.01 Transitional//EN" "http://www.w3.org/TR/html4/loose.dtd">
<html>
<head>
<title>Application log</title>
<style type="text/css">
<!--
body, table {font-family: arial,sans-serif; font-size: x-small;}
th {background: #336699; color: #FFFFFF; text-align: left;}
-->
</style>
</head>
<body bgcolor="#FFFFFF" topmargin="6" leftmargin="6">
<hr size="1" noshade>
Log session start time Wed Oct 25 15:55:15 IST 2023<br>
<br>
<table cellspacing="0" cellpadding="4" border="1" bordercolor="#224466" width="100%">
<tr>
<th>Time</th>
<th>Thread</th>
<th>Level</th>
<th>Category</th>
<th>File:Line</th>
<th>Message</th>
</tr>

<tr>
<td>0</td>
<td title="main thread">main</td>
<td title="Level">INFO</td>
<td title="Tests.TestCase2 category">Tests.TestCase2</td>
<td>TestCase2.java:57</td>
<td title="Message">Successfully Launched the TODO MVC</td>
</tr>

<tr>
<td>409</td>
<td title="main thread">main</td>
<td title="Level">INFO</td>
<td title="Tests.TestCase2 category">Tests.TestCase2</td>
<td>TestCase2.java:76</td>
<td title="Message">Verifying the Header Title</td>
</tr>

<tr>
<td>581</td>
<td title="main thread">main</td>
<td title="Level">INFO</td>
<td title="Tests.TestCase2 category">Tests.TestCase2</td>
<td>TestCase2.java:80</td>
<td title="Message">Header Title is displaying</td>
</tr>

<tr>
<td>826</td>
<td title="main thread">main</td>
<td title="Level">INFO</td>
<td title="Tests.TestCase2 category">Tests.TestCase2</td>
<td>TestCase2.java:59</td>
<td title="Message">Exception is : Please check URL entered org.openqa.selenium.NoSuchSessionException: Session ID is null. Using WebDriver after calling quit()?
Build info: version: '4.14.1', revision: '03f8ede370'
System info: os.name: 'Windows 10', os.arch: 'amd64', os.version: '10.0', java.version: '18.0.2'
Driver info: org.openqa.selenium.chrome.ChromeDriver
Command: [null, get {url=https://todomvc.com/examples/vue/}]
Capabilities {acceptInsecureCerts: false, browserName: chrome, browserVersion: 118.0.5993.89, chrome: {chromedriverVersion: 118.0.5993.70 (e52f33f30b91..., userDataDir: C:\Users\AIN126\AppData\Loc...}, fedcm:accounts: true, goog:chromeOptions: {debuggerAddress: localhost:63573}, networkConnectionEnabled: false, pageLoadStrategy: normal, platformName: windows, proxy: Proxy(), se:cdp: ws://localhost:63573/devtoo..., se:cdpVersion: 118.0.5993.89, setWindowRect: true, strictFileInteractability: false, timeouts: {implicit: 0, pageLoad: 300000, script: 30000}, unhandledPromptBehavior: dismiss and notify, webauthn:extension:credBlob: true, webauthn:extension:largeBlob: true, webauthn:extension:minPinLength: true, webauthn:extension:prf: true, webauthn:virtualAuthenticators: true}</td>
</tr>

<tr>
<td>832</td>
<td title="main thread">main</td>
<td title="Level"><font color="#993300"><strong>ERROR</strong></font></td>
<td title="Tests.TestCase2 category">Tests.TestCase2</td>
<td>TestCase2.java:119</td>
<td title="Message">Test Case Status is Fail due org.openqa.selenium.NoSuchSessionException: Session ID is null. Using WebDriver after calling quit()?
Build info: version: '4.14.1', revision: '03f8ede370'
System info: os.name: 'Windows 10', os.arch: 'amd64', os.version: '10.0', java.version: '18.0.2'
Driver info: org.openqa.selenium.chrome.ChromeDriver
Command: [null, screenshot {}]
Capabilities {acceptInsecureCerts: false, browserName: chrome, browserVersion: 118.0.5993.89, chrome: {chromedriverVersion: 118.0.5993.70 (e52f33f30b91..., userDataDir: C:\Users\AIN126\AppData\Loc...}, fedcm:accounts: true, goog:chromeOptions: {debuggerAddress: localhost:63573}, networkConnectionEnabled: false, pageLoadStrategy: normal, platformName: windows, proxy: Proxy(), se:cdp: ws://localhost:63573/devtoo..., se:cdpVersion: 118.0.5993.89, setWindowRect: true, strictFileInteractability: false, timeouts: {implicit: 0, pageLoad: 300000, script: 30000}, unhandledPromptBehavior: dismiss and notify, webauthn:extension:credBlob: true, webauthn:extension:largeBlob: true, webauthn:extension:minPinLength: true, webauthn:extension:prf: true, webauthn:virtualAuthenticators: true}</td>
</tr>
<!DOCTYPE HTML PUBLIC "-//W3C//DTD HTML 4.01 Transitional//EN" "http://www.w3.org/TR/html4/loose.dtd">
<html>
<head>
<title>Application log</title>
<style type="text/css">
<!--
body, table {font-family: arial,sans-serif; font-size: x-small;}
th {background: #336699; color: #FFFFFF; text-align: left;}
-->
</style>
</head>
<body bgcolor="#FFFFFF" topmargin="6" leftmargin="6">
<hr size="1" noshade>
Log session start time Wed Oct 25 15:57:40 IST 2023<br>
<br>
<table cellspacing="0" cellpadding="4" border="1" bordercolor="#224466" width="100%">
<tr>
<th>Time</th>
<th>Thread</th>
<th>Level</th>
<th>Category</th>
<th>File:Line</th>
<th>Message</th>
</tr>

<tr>
<td>0</td>
<td title="main thread">main</td>
<td title="Level">INFO</td>
<td title="Tests.TestCase2 category">Tests.TestCase2</td>
<td>TestCase2.java:57</td>
<td title="Message">Successfully Launched the TODO MVC</td>
</tr>

<tr>
<td>241</td>
<td title="main thread">main</td>
<td title="Level"><font color="#993300"><strong>ERROR</strong></font></td>
<td title="Tests.TestCase2 category">Tests.TestCase2</td>
<td>TestCase2.java:90</td>
<td title="Message">Test Case Status is Fail due org.openqa.selenium.NoSuchElementException: no such element: Unable to locate element: {&quot;method&quot;:&quot;xpath&quot;,&quot;selector&quot;:&quot;//h3[text()='Vue.js']&quot;}
  (Session info: chrome=118.0.5993.89)
For documentation on this error, please visit: https://www.selenium.dev/documentation/webdriver/troubleshooting/errors#no-such-element-exception
Build info: version: '4.14.1', revision: '03f8ede370'
System info: os.name: 'Windows 10', os.arch: 'amd64', os.version: '10.0', java.version: '18.0.2'
Driver info: org.openqa.selenium.chrome.ChromeDriver
Command: [49c3a1c2a660aab29c449fcd724fd076, findElement {using=xpath, value=//h3[text()='Vue.js']}]
Capabilities {acceptInsecureCerts: false, browserName: chrome, browserVersion: 118.0.5993.89, chrome: {chromedriverVersion: 118.0.5993.70 (e52f33f30b91..., userDataDir: C:\Users\AIN126\AppData\Loc...}, fedcm:accounts: true, goog:chromeOptions: {debuggerAddress: localhost:63667}, networkConnectionEnabled: false, pageLoadStrategy: normal, platformName: windows, proxy: Proxy(), se:cdp: ws://localhost:63667/devtoo..., se:cdpVersion: 118.0.5993.89, setWindowRect: true, strictFileInteractability: false, timeouts: {implicit: 0, pageLoad: 300000, script: 30000}, unhandledPromptBehavior: dismiss and notify, webauthn:extension:credBlob: true, webauthn:extension:largeBlob: true, webauthn:extension:minPinLength: true, webauthn:extension:prf: true, webauthn:virtualAuthenticators: true}
Session ID: 49c3a1c2a660aab29c449fcd724fd076</td>
</tr>

<tr>
<td>469</td>
<td title="main thread">main</td>
<td title="Level">INFO</td>
<td title="Tests.TestCase2 category">Tests.TestCase2</td>
<td>TestCase2.java:57</td>
<td title="Message">Successfully Launched the TODO MVC</td>
</tr>

<tr>
<td>828</td>
<td title="main thread">main</td>
<td title="Level"><font color="#993300"><strong>ERROR</strong></font></td>
<td title="Tests.TestCase2 category">Tests.TestCase2</td>
<td>TestCase2.java:119</td>
<td title="Message">Test Case Status is Fail due org.openqa.selenium.InvalidSelectorException: invalid selector: Unable to locate an element with the xpath expression //span[className='source-links')]/following-sibling::h5 because of the following error:
SyntaxError: Failed to execute 'evaluate' on 'Document': The string '//span[className='source-links')]/following-sibling::h5' is not a valid XPath expression.
  (Session info: chrome=118.0.5993.89)
For documentation on this error, please visit: https://www.selenium.dev/documentation/webdriver/troubleshooting/errors#invalid-selector-exception
Build info: version: '4.14.1', revision: '03f8ede370'
System info: os.name: 'Windows 10', os.arch: 'amd64', os.version: '10.0', java.version: '18.0.2'
Driver info: org.openqa.selenium.chrome.ChromeDriver
Command: [49c3a1c2a660aab29c449fcd724fd076, findElement {using=xpath, value=//span[className='source-links')]/following-sibling::h5}]
Capabilities {acceptInsecureCerts: false, browserName: chrome, browserVersion: 118.0.5993.89, chrome: {chromedriverVersion: 118.0.5993.70 (e52f33f30b91..., userDataDir: C:\Users\AIN126\AppData\Loc...}, fedcm:accounts: true, goog:chromeOptions: {debuggerAddress: localhost:63667}, networkConnectionEnabled: false, pageLoadStrategy: normal, platformName: windows, proxy: Proxy(), se:cdp: ws://localhost:63667/devtoo..., se:cdpVersion: 118.0.5993.89, setWindowRect: true, strictFileInteractability: false, timeouts: {implicit: 0, pageLoad: 300000, script: 30000}, unhandledPromptBehavior: dismiss and notify, webauthn:extension:credBlob: true, webauthn:extension:largeBlob: true, webauthn:extension:minPinLength: true, webauthn:extension:prf: true, webauthn:virtualAuthenticators: true}
Session ID: 49c3a1c2a660aab29c449fcd724fd076</td>
</tr>
<!DOCTYPE HTML PUBLIC "-//W3C//DTD HTML 4.01 Transitional//EN" "http://www.w3.org/TR/html4/loose.dtd">
<html>
<head>
<title>Application log</title>
<style type="text/css">
<!--
body, table {font-family: arial,sans-serif; font-size: x-small;}
th {background: #336699; color: #FFFFFF; text-align: left;}
-->
</style>
</head>
<body bgcolor="#FFFFFF" topmargin="6" leftmargin="6">
<hr size="1" noshade>
Log session start time Wed Oct 25 16:04:57 IST 2023<br>
<br>
<table cellspacing="0" cellpadding="4" border="1" bordercolor="#224466" width="100%">
<tr>
<th>Time</th>
<th>Thread</th>
<th>Level</th>
<th>Category</th>
<th>File:Line</th>
<th>Message</th>
</tr>

<tr>
<td>0</td>
<td title="main thread">main</td>
<td title="Level">INFO</td>
<td title="Tests.TestCase2 category">Tests.TestCase2</td>
<td>TestCase2.java:57</td>
<td title="Message">Successfully Launched the TODO MVC</td>
</tr>

<tr>
<td>458</td>
<td title="main thread">main</td>
<td title="Level">INFO</td>
<td title="Tests.TestCase2 category">Tests.TestCase2</td>
<td>TestCase2.java:76</td>
<td title="Message">Verifying the Header Title</td>
</tr>

<tr>
<td>625</td>
<td title="main thread">main</td>
<td title="Level">INFO</td>
<td title="Tests.TestCase2 category">Tests.TestCase2</td>
<td>TestCase2.java:80</td>
<td title="Message">Header Title is displaying</td>
</tr>

<tr>
<td>746</td>
<td title="main thread">main</td>
<td title="Level">INFO</td>
<td title="Tests.TestCase2 category">Tests.TestCase2</td>
<td>TestCase2.java:57</td>
<td title="Message">Successfully Launched the TODO MVC</td>
</tr>

<tr>
<td>947</td>
<td title="main thread">main</td>
<td title="Level"><font color="#993300"><strong>ERROR</strong></font></td>
<td title="Tests.TestCase2 category">Tests.TestCase2</td>
<td>TestCase2.java:119</td>
<td title="Message">Test Case Status is Fail due org.openqa.selenium.NoSuchElementException: no such element: Unable to locate element: {&quot;method&quot;:&quot;xpath&quot;,&quot;selector&quot;:&quot;//span[class='source-links']/following-sibling::h5&quot;}
  (Session info: chrome=118.0.5993.89)
For documentation on this error, please visit: https://www.selenium.dev/documentation/webdriver/troubleshooting/errors#no-such-element-exception
Build info: version: '4.14.1', revision: '03f8ede370'
System info: os.name: 'Windows 10', os.arch: 'amd64', os.version: '10.0', java.version: '18.0.2'
Driver info: org.openqa.selenium.chrome.ChromeDriver
Command: [5c10822bfda04ede282142945bfec920, findElement {using=xpath, value=//span[class='source-links']/following-sibling::h5}]
Capabilities {acceptInsecureCerts: false, browserName: chrome, browserVersion: 118.0.5993.89, chrome: {chromedriverVersion: 118.0.5993.70 (e52f33f30b91..., userDataDir: C:\Users\AIN126\AppData\Loc...}, fedcm:accounts: true, goog:chromeOptions: {debuggerAddress: localhost:63934}, networkConnectionEnabled: false, pageLoadStrategy: normal, platformName: windows, proxy: Proxy(), se:cdp: ws://localhost:63934/devtoo..., se:cdpVersion: 118.0.5993.89, setWindowRect: true, strictFileInteractability: false, timeouts: {implicit: 0, pageLoad: 300000, script: 30000}, unhandledPromptBehavior: dismiss and notify, webauthn:extension:credBlob: true, webauthn:extension:largeBlob: true, webauthn:extension:minPinLength: true, webauthn:extension:prf: true, webauthn:virtualAuthenticators: true}
Session ID: 5c10822bfda04ede282142945bfec920</td>
</tr>
<!DOCTYPE HTML PUBLIC "-//W3C//DTD HTML 4.01 Transitional//EN" "http://www.w3.org/TR/html4/loose.dtd">
<html>
<head>
<title>Application log</title>
<style type="text/css">
<!--
body, table {font-family: arial,sans-serif; font-size: x-small;}
th {background: #336699; color: #FFFFFF; text-align: left;}
-->
</style>
</head>
<body bgcolor="#FFFFFF" topmargin="6" leftmargin="6">
<hr size="1" noshade>
Log session start time Thu Oct 26 11:43:03 IST 2023<br>
<br>
<table cellspacing="0" cellpadding="4" border="1" bordercolor="#224466" width="100%">
<tr>
<th>Time</th>
<th>Thread</th>
<th>Level</th>
<th>Category</th>
<th>File:Line</th>
<th>Message</th>
</tr>

<tr>
<td>0</td>
<td title="main thread">main</td>
<td title="Level">INFO</td>
<td title="Tests.VerifyLeftMenuUI category">Tests.VerifyLeftMenuUI</td>
<td>VerifyLeftMenuUI.java:57</td>
<td title="Message">Successfully Launched the TODO MVC</td>
</tr>

<tr>
<td>40</td>
<td title="main thread">main</td>
<td title="Level"><font color="#993300"><strong>ERROR</strong></font></td>
<td title="Tests.VerifyLeftMenuUI category">Tests.VerifyLeftMenuUI</td>
<td>VerifyLeftMenuUI.java:184</td>
<td title="Message">Test Case Status is Fail due org.openqa.selenium.NoSuchElementException: no such element: Unable to locate element: {&quot;method&quot;:&quot;xpath&quot;,&quot;selector&quot;:&quot;//a[@href='http://vuejs.org/guide/']&quot;}
  (Session info: chrome=118.0.5993.89)
For documentation on this error, please visit: https://www.selenium.dev/documentation/webdriver/troubleshooting/errors#no-such-element-exception
Build info: version: '4.14.1', revision: '03f8ede370'
System info: os.name: 'Windows 10', os.arch: 'amd64', os.version: '10.0', java.version: '18.0.2'
Driver info: org.openqa.selenium.chrome.ChromeDriver
Command: [0c6d8e61e9b596d74cfc613cb41d3284, findElement {using=xpath, value=//a[@href='http://vuejs.org/guide/']}]
Capabilities {acceptInsecureCerts: false, browserName: chrome, browserVersion: 118.0.5993.89, chrome: {chromedriverVersion: 118.0.5993.70 (e52f33f30b91..., userDataDir: C:\Users\AIN126\AppData\Loc...}, fedcm:accounts: true, goog:chromeOptions: {debuggerAddress: localhost:55616}, networkConnectionEnabled: false, pageLoadStrategy: normal, platformName: windows, proxy: Proxy(), se:cdp: ws://localhost:55616/devtoo..., se:cdpVersion: 118.0.5993.89, setWindowRect: true, strictFileInteractability: false, timeouts: {implicit: 0, pageLoad: 300000, script: 30000}, unhandledPromptBehavior: dismiss and notify, webauthn:extension:credBlob: true, webauthn:extension:largeBlob: true, webauthn:extension:minPinLength: true, webauthn:extension:prf: true, webauthn:virtualAuthenticators: true}
Session ID: 0c6d8e61e9b596d74cfc613cb41d3284</td>
</tr>
<!DOCTYPE HTML PUBLIC "-//W3C//DTD HTML 4.01 Transitional//EN" "http://www.w3.org/TR/html4/loose.dtd">
<html>
<head>
<title>Application log</title>
<style type="text/css">
<!--
body, table {font-family: arial,sans-serif; font-size: x-small;}
th {background: #336699; color: #FFFFFF; text-align: left;}
-->
</style>
</head>
<body bgcolor="#FFFFFF" topmargin="6" leftmargin="6">
<hr size="1" noshade>
Log session start time Thu Oct 26 12:41:12 IST 2023<br>
<br>
<table cellspacing="0" cellpadding="4" border="1" bordercolor="#224466" width="100%">
<tr>
<th>Time</th>
<th>Thread</th>
<th>Level</th>
<th>Category</th>
<th>File:Line</th>
<th>Message</th>
</tr>

<tr>
<td>0</td>
<td title="main thread">main</td>
<td title="Level">INFO</td>
<td title="Tests.VerifyLeftMenuUI category">Tests.VerifyLeftMenuUI</td>
<td>VerifyLeftMenuUI.java:57</td>
<td title="Message">Successfully Launched the TODO MVC</td>
</tr>

<tr>
<td>170</td>
<td title="main thread">main</td>
<td title="Level">INFO</td>
<td title="Tests.VerifyLeftMenuUI category">Tests.VerifyLeftMenuUI</td>
<td>VerifyLeftMenuUI.java:76</td>
<td title="Message">Verifying the Header Title</td>
</tr>

<tr>
<td>270</td>
<td title="main thread">main</td>
<td title="Level">INFO</td>
<td title="Tests.VerifyLeftMenuUI category">Tests.VerifyLeftMenuUI</td>
<td>VerifyLeftMenuUI.java:80</td>
<td title="Message">Header Title is displaying</td>
</tr>

<tr>
<td>343</td>
<td title="main thread">main</td>
<td title="Level">INFO</td>
<td title="Tests.VerifyLeftMenuUI category">Tests.VerifyLeftMenuUI</td>
<td>VerifyLeftMenuUI.java:57</td>
<td title="Message">Successfully Launched the TODO MVC</td>
</tr>

<tr>
<td>369</td>
<td title="main thread">main</td>
<td title="Level"><font color="#993300"><strong>ERROR</strong></font></td>
<td title="Tests.VerifyLeftMenuUI category">Tests.VerifyLeftMenuUI</td>
<td>VerifyLeftMenuUI.java:118</td>
<td title="Message">Test Case Status is Fail due org.openqa.selenium.NoSuchElementException: no such element: Unable to locate element: {&quot;method&quot;:&quot;xpath&quot;,&quot;selector&quot;:&quot;//span[class='source-links']/following-sibling::h5&quot;}
  (Session info: chrome=118.0.5993.89)
For documentation on this error, please visit: https://www.selenium.dev/documentation/webdriver/troubleshooting/errors#no-such-element-exception
Build info: version: '4.14.1', revision: '03f8ede370'
System info: os.name: 'Windows 10', os.arch: 'amd64', os.version: '10.0', java.version: '18.0.2'
Driver info: org.openqa.selenium.chrome.ChromeDriver
Command: [79838527a6f160e23fe2f8c9ded8f526, findElement {using=xpath, value=//span[class='source-links']/following-sibling::h5}]
Capabilities {acceptInsecureCerts: false, browserName: chrome, browserVersion: 118.0.5993.89, chrome: {chromedriverVersion: 118.0.5993.70 (e52f33f30b91..., userDataDir: C:\Users\AIN126\AppData\Loc...}, fedcm:accounts: true, goog:chromeOptions: {debuggerAddress: localhost:57446}, networkConnectionEnabled: false, pageLoadStrategy: normal, platformName: windows, proxy: Proxy(), se:cdp: ws://localhost:57446/devtoo..., se:cdpVersion: 118.0.5993.89, setWindowRect: true, strictFileInteractability: false, timeouts: {implicit: 0, pageLoad: 300000, script: 30000}, unhandledPromptBehavior: dismiss and notify, webauthn:extension:credBlob: true, webauthn:extension:largeBlob: true, webauthn:extension:minPinLength: true, webauthn:extension:prf: true, webauthn:virtualAuthenticators: true}
Session ID: 79838527a6f160e23fe2f8c9ded8f526</td>
</tr>

<tr>
<td>520</td>
<td title="main thread">main</td>
<td title="Level">INFO</td>
<td title="Tests.VerifyLeftMenuUI category">Tests.VerifyLeftMenuUI</td>
<td>VerifyLeftMenuUI.java:57</td>
<td title="Message">Successfully Launched the TODO MVC</td>
</tr>

<tr>
<td>553</td>
<td title="main thread">main</td>
<td title="Level">INFO</td>
<td title="Tests.VerifyLeftMenuUI category">Tests.VerifyLeftMenuUI</td>
<td>VerifyLeftMenuUI.java:131</td>
<td title="Message">Verifying the Official resources links</td>
</tr>

<tr>
<td>656</td>
<td title="main thread">main</td>
<td title="Level">INFO</td>
<td title="Tests.VerifyLeftMenuUI category">Tests.VerifyLeftMenuUI</td>
<td>VerifyLeftMenuUI.java:135</td>
<td title="Message">Documentation link is displaying properly</td>
</tr>

<tr>
<td>799</td>
<td title="main thread">main</td>
<td title="Level">INFO</td>
<td title="Tests.VerifyLeftMenuUI category">Tests.VerifyLeftMenuUI</td>
<td>VerifyLeftMenuUI.java:148</td>
<td title="Message">API Reference link is displaying properly</td>
</tr>

<tr>
<td>911</td>
<td title="main thread">main</td>
<td title="Level">INFO</td>
<td title="Tests.VerifyLeftMenuUI category">Tests.VerifyLeftMenuUI</td>
<td>VerifyLeftMenuUI.java:161</td>
<td title="Message">Examples link is displaying properly</td>
</tr>

<tr>
<td>1027</td>
<td title="main thread">main</td>
<td title="Level">INFO</td>
<td title="Tests.VerifyLeftMenuUI category">Tests.VerifyLeftMenuUI</td>
<td>VerifyLeftMenuUI.java:174</td>
<td title="Message">Vue on Github link is displaying properly</td>
</tr>
<!DOCTYPE HTML PUBLIC "-//W3C//DTD HTML 4.01 Transitional//EN" "http://www.w3.org/TR/html4/loose.dtd">
<html>
<head>
<title>Application log</title>
<style type="text/css">
<!--
body, table {font-family: arial,sans-serif; font-size: x-small;}
th {background: #336699; color: #FFFFFF; text-align: left;}
-->
</style>
</head>
<body bgcolor="#FFFFFF" topmargin="6" leftmargin="6">
<hr size="1" noshade>
Log session start time Thu Oct 26 13:28:21 IST 2023<br>
<br>
<table cellspacing="0" cellpadding="4" border="1" bordercolor="#224466" width="100%">
<tr>
<th>Time</th>
<th>Thread</th>
<th>Level</th>
<th>Category</th>
<th>File:Line</th>
<th>Message</th>
</tr>

<tr>
<td>0</td>
<td title="main thread">main</td>
<td title="Level">INFO</td>
<td title="Tests.VerifyLeftMenuUI category">Tests.VerifyLeftMenuUI</td>
<td>VerifyLeftMenuUI.java:57</td>
<td title="Message">Successfully Launched the TODO MVC</td>
</tr>

<tr>
<td>159</td>
<td title="main thread">main</td>
<td title="Level">INFO</td>
<td title="Tests.VerifyLeftMenuUI category">Tests.VerifyLeftMenuUI</td>
<td>VerifyLeftMenuUI.java:76</td>
<td title="Message">Verifying the Header Title</td>
</tr>

<tr>
<td>289</td>
<td title="main thread">main</td>
<td title="Level">INFO</td>
<td title="Tests.VerifyLeftMenuUI category">Tests.VerifyLeftMenuUI</td>
<td>VerifyLeftMenuUI.java:80</td>
<td title="Message">Header Title is displaying</td>
</tr>

<tr>
<td>356</td>
<td title="main thread">main</td>
<td title="Level">INFO</td>
<td title="Tests.VerifyLeftMenuUI category">Tests.VerifyLeftMenuUI</td>
<td>VerifyLeftMenuUI.java:57</td>
<td title="Message">Successfully Launched the TODO MVC</td>
</tr>

<tr>
<td>385</td>
<td title="main thread">main</td>
<td title="Level"><font color="#993300"><strong>ERROR</strong></font></td>
<td title="Tests.VerifyLeftMenuUI category">Tests.VerifyLeftMenuUI</td>
<td>VerifyLeftMenuUI.java:118</td>
<td title="Message">Test Case Status is Fail due org.openqa.selenium.NoSuchElementException: no such element: Unable to locate element: {&quot;method&quot;:&quot;xpath&quot;,&quot;selector&quot;:&quot;//span[class='source-links']/following-sibling::h5&quot;}
  (Session info: chrome=118.0.5993.89)
For documentation on this error, please visit: https://www.selenium.dev/documentation/webdriver/troubleshooting/errors#no-such-element-exception
Build info: version: '4.14.1', revision: '03f8ede370'
System info: os.name: 'Windows 10', os.arch: 'amd64', os.version: '10.0', java.version: '18.0.2'
Driver info: org.openqa.selenium.chrome.ChromeDriver
Command: [d6e7818159930ec4b3aa1ec7552b9f13, findElement {using=xpath, value=//span[class='source-links']/following-sibling::h5}]
Capabilities {acceptInsecureCerts: false, browserName: chrome, browserVersion: 118.0.5993.89, chrome: {chromedriverVersion: 118.0.5993.70 (e52f33f30b91..., userDataDir: C:\Users\AIN126\AppData\Loc...}, fedcm:accounts: true, goog:chromeOptions: {debuggerAddress: localhost:58889}, networkConnectionEnabled: false, pageLoadStrategy: normal, platformName: windows, proxy: Proxy(), se:cdp: ws://localhost:58889/devtoo..., se:cdpVersion: 118.0.5993.89, setWindowRect: true, strictFileInteractability: false, timeouts: {implicit: 0, pageLoad: 300000, script: 30000}, unhandledPromptBehavior: dismiss and notify, webauthn:extension:credBlob: true, webauthn:extension:largeBlob: true, webauthn:extension:minPinLength: true, webauthn:extension:prf: true, webauthn:virtualAuthenticators: true}
Session ID: d6e7818159930ec4b3aa1ec7552b9f13</td>
</tr>

<tr>
<td>531</td>
<td title="main thread">main</td>
<td title="Level">INFO</td>
<td title="Tests.VerifyLeftMenuUI category">Tests.VerifyLeftMenuUI</td>
<td>VerifyLeftMenuUI.java:57</td>
<td title="Message">Successfully Launched the TODO MVC</td>
</tr>

<tr>
<td>564</td>
<td title="main thread">main</td>
<td title="Level">INFO</td>
<td title="Tests.VerifyLeftMenuUI category">Tests.VerifyLeftMenuUI</td>
<td>VerifyLeftMenuUI.java:131</td>
<td title="Message">Verifying the Official Resources label</td>
</tr>

<tr>
<td>657</td>
<td title="main thread">main</td>
<td title="Level">INFO</td>
<td title="Tests.VerifyLeftMenuUI category">Tests.VerifyLeftMenuUI</td>
<td>VerifyLeftMenuUI.java:135</td>
<td title="Message">Official Resources label is displaying properly</td>
</tr>

<tr>
<td>684</td>
<td title="main thread">main</td>
<td title="Level">INFO</td>
<td title="Tests.VerifyLeftMenuUI category">Tests.VerifyLeftMenuUI</td>
<td>VerifyLeftMenuUI.java:145</td>
<td title="Message">Verifying the Official resources links</td>
</tr>

<tr>
<td>772</td>
<td title="main thread">main</td>
<td title="Level">INFO</td>
<td title="Tests.VerifyLeftMenuUI category">Tests.VerifyLeftMenuUI</td>
<td>VerifyLeftMenuUI.java:149</td>
<td title="Message">Documentation link is displaying properly</td>
</tr>

<tr>
<td>875</td>
<td title="main thread">main</td>
<td title="Level">INFO</td>
<td title="Tests.VerifyLeftMenuUI category">Tests.VerifyLeftMenuUI</td>
<td>VerifyLeftMenuUI.java:162</td>
<td title="Message">API Reference link is displaying properly</td>
</tr>

<tr>
<td>983</td>
<td title="main thread">main</td>
<td title="Level">INFO</td>
<td title="Tests.VerifyLeftMenuUI category">Tests.VerifyLeftMenuUI</td>
<td>VerifyLeftMenuUI.java:175</td>
<td title="Message">Examples link is displaying properly</td>
</tr>

<tr>
<td>1090</td>
<td title="main thread">main</td>
<td title="Level">INFO</td>
<td title="Tests.VerifyLeftMenuUI category">Tests.VerifyLeftMenuUI</td>
<td>VerifyLeftMenuUI.java:188</td>
<td title="Message">Vue on Github link is displaying properly</td>
</tr>

<tr>
<td>1140</td>
<td title="main thread">main</td>
<td title="Level">INFO</td>
<td title="Tests.VerifyLeftMenuUI category">Tests.VerifyLeftMenuUI</td>
<td>VerifyLeftMenuUI.java:57</td>
<td title="Message">Successfully Launched the TODO MVC</td>
</tr>

<tr>
<td>1171</td>
<td title="main thread">main</td>
<td title="Level">INFO</td>
<td title="Tests.VerifyLeftMenuUI category">Tests.VerifyLeftMenuUI</td>
<td>VerifyLeftMenuUI.java:211</td>
<td title="Message">Verifying the Community label</td>
</tr>

<tr>
<td>1277</td>
<td title="main thread">main</td>
<td title="Level">INFO</td>
<td title="Tests.VerifyLeftMenuUI category">Tests.VerifyLeftMenuUI</td>
<td>VerifyLeftMenuUI.java:215</td>
<td title="Message">Community label is displaying properly</td>
</tr>

<tr>
<td>1411</td>
<td title="main thread">main</td>
<td title="Level">INFO</td>
<td title="Tests.VerifyLeftMenuUI category">Tests.VerifyLeftMenuUI</td>
<td>VerifyLeftMenuUI.java:228</td>
<td title="Message">Twitter link is displaying properly</td>
</tr>

<tr>
<td>1542</td>
<td title="main thread">main</td>
<td title="Level">INFO</td>
<td title="Tests.VerifyLeftMenuUI category">Tests.VerifyLeftMenuUI</td>
<td>VerifyLeftMenuUI.java:241</td>
<td title="Message">Gitter link is displaying properly</td>
</tr>

<tr>
<td>1649</td>
<td title="main thread">main</td>
<td title="Level">INFO</td>
<td title="Tests.VerifyLeftMenuUI category">Tests.VerifyLeftMenuUI</td>
<td>VerifyLeftMenuUI.java:254</td>
<td title="Message">Discussions on Github  link is displaying properly</td>
</tr>
<!DOCTYPE HTML PUBLIC "-//W3C//DTD HTML 4.01 Transitional//EN" "http://www.w3.org/TR/html4/loose.dtd">
<html>
<head>
<title>Application log</title>
<style type="text/css">
<!--
body, table {font-family: arial,sans-serif; font-size: x-small;}
th {background: #336699; color: #FFFFFF; text-align: left;}
-->
</style>
</head>
<body bgcolor="#FFFFFF" topmargin="6" leftmargin="6">
<hr size="1" noshade>
Log session start time Thu Oct 26 13:29:43 IST 2023<br>
<br>
<table cellspacing="0" cellpadding="4" border="1" bordercolor="#224466" width="100%">
<tr>
<th>Time</th>
<th>Thread</th>
<th>Level</th>
<th>Category</th>
<th>File:Line</th>
<th>Message</th>
</tr>
</table>
<br>
</body></html><!DOCTYPE HTML PUBLIC "-//W3C//DTD HTML 4.01 Transitional//EN" "http://www.w3.org/TR/html4/loose.dtd">
<html>
<head>
<title>Application log</title>
<style type="text/css">
<!--
body, table {font-family: arial,sans-serif; font-size: x-small;}
th {background: #336699; color: #FFFFFF; text-align: left;}
-->
</style>
</head>
<body bgcolor="#FFFFFF" topmargin="6" leftmargin="6">
<hr size="1" noshade>
Log session start time Thu Oct 26 13:29:44 IST 2023<br>
<br>
<table cellspacing="0" cellpadding="4" border="1" bordercolor="#224466" width="100%">
<tr>
<th>Time</th>
<th>Thread</th>
<th>Level</th>
<th>Category</th>
<th>File:Line</th>
<th>Message</th>
</tr>

<tr>
<td>0</td>
<td title="main thread">main</td>
<td title="Level">INFO</td>
<td title="Tests.VerifyLeftMenuUI category">Tests.VerifyLeftMenuUI</td>
<td>VerifyLeftMenuUI.java:57</td>
<td title="Message">Successfully Launched the TODO MVC</td>
</tr>

<tr>
<td>259</td>
<td title="main thread">main</td>
<td title="Level">INFO</td>
<td title="Tests.VerifyLeftMenuUI category">Tests.VerifyLeftMenuUI</td>
<td>VerifyLeftMenuUI.java:76</td>
<td title="Message">Verifying the Header Title</td>
</tr>

<tr>
<td>368</td>
<td title="main thread">main</td>
<td title="Level">INFO</td>
<td title="Tests.VerifyLeftMenuUI category">Tests.VerifyLeftMenuUI</td>
<td>VerifyLeftMenuUI.java:80</td>
<td title="Message">Header Title is displaying</td>
</tr>

<tr>
<td>430</td>
<td title="main thread">main</td>
<td title="Level">INFO</td>
<td title="Tests.VerifyLeftMenuUI category">Tests.VerifyLeftMenuUI</td>
<td>VerifyLeftMenuUI.java:57</td>
<td title="Message">Successfully Launched the TODO MVC</td>
</tr>

<tr>
<td>456</td>
<td title="main thread">main</td>
<td title="Level"><font color="#993300"><strong>ERROR</strong></font></td>
<td title="Tests.VerifyLeftMenuUI category">Tests.VerifyLeftMenuUI</td>
<td>VerifyLeftMenuUI.java:118</td>
<td title="Message">Test Case Status is Fail due org.openqa.selenium.NoSuchElementException: no such element: Unable to locate element: {&quot;method&quot;:&quot;xpath&quot;,&quot;selector&quot;:&quot;//span[class='source-links']/following-sibling::h5&quot;}
  (Session info: chrome=118.0.5993.89)
For documentation on this error, please visit: https://www.selenium.dev/documentation/webdriver/troubleshooting/errors#no-such-element-exception
Build info: version: '4.14.1', revision: '03f8ede370'
System info: os.name: 'Windows 10', os.arch: 'amd64', os.version: '10.0', java.version: '18.0.2'
Driver info: org.openqa.selenium.chrome.ChromeDriver
Command: [846728e808e763f702f1a30104dcd7f1, findElement {using=xpath, value=//span[class='source-links']/following-sibling::h5}]
Capabilities {acceptInsecureCerts: false, browserName: chrome, browserVersion: 118.0.5993.89, chrome: {chromedriverVersion: 118.0.5993.70 (e52f33f30b91..., userDataDir: C:\Users\AIN126\AppData\Loc...}, fedcm:accounts: true, goog:chromeOptions: {debuggerAddress: localhost:58954}, networkConnectionEnabled: false, pageLoadStrategy: normal, platformName: windows, proxy: Proxy(), se:cdp: ws://localhost:58954/devtoo..., se:cdpVersion: 118.0.5993.89, setWindowRect: true, strictFileInteractability: false, timeouts: {implicit: 0, pageLoad: 300000, script: 30000}, unhandledPromptBehavior: dismiss and notify, webauthn:extension:credBlob: true, webauthn:extension:largeBlob: true, webauthn:extension:minPinLength: true, webauthn:extension:prf: true, webauthn:virtualAuthenticators: true}
Session ID: 846728e808e763f702f1a30104dcd7f1</td>
</tr>

<tr>
<td>596</td>
<td title="main thread">main</td>
<td title="Level">INFO</td>
<td title="Tests.VerifyLeftMenuUI category">Tests.VerifyLeftMenuUI</td>
<td>VerifyLeftMenuUI.java:57</td>
<td title="Message">Successfully Launched the TODO MVC</td>
</tr>

<tr>
<td>627</td>
<td title="main thread">main</td>
<td title="Level">INFO</td>
<td title="Tests.VerifyLeftMenuUI category">Tests.VerifyLeftMenuUI</td>
<td>VerifyLeftMenuUI.java:131</td>
<td title="Message">Verifying the Official Resources label</td>
</tr>

<tr>
<td>711</td>
<td title="main thread">main</td>
<td title="Level">INFO</td>
<td title="Tests.VerifyLeftMenuUI category">Tests.VerifyLeftMenuUI</td>
<td>VerifyLeftMenuUI.java:135</td>
<td title="Message">Official Resources label is displaying properly</td>
</tr>

<tr>
<td>740</td>
<td title="main thread">main</td>
<td title="Level">INFO</td>
<td title="Tests.VerifyLeftMenuUI category">Tests.VerifyLeftMenuUI</td>
<td>VerifyLeftMenuUI.java:145</td>
<td title="Message">Verifying the Official resources links</td>
</tr>

<tr>
<td>825</td>
<td title="main thread">main</td>
<td title="Level">INFO</td>
<td title="Tests.VerifyLeftMenuUI category">Tests.VerifyLeftMenuUI</td>
<td>VerifyLeftMenuUI.java:149</td>
<td title="Message">Documentation link is displaying properly</td>
</tr>

<tr>
<td>939</td>
<td title="main thread">main</td>
<td title="Level">INFO</td>
<td title="Tests.VerifyLeftMenuUI category">Tests.VerifyLeftMenuUI</td>
<td>VerifyLeftMenuUI.java:162</td>
<td title="Message">API Reference link is displaying properly</td>
</tr>

<tr>
<td>1080</td>
<td title="main thread">main</td>
<td title="Level">INFO</td>
<td title="Tests.VerifyLeftMenuUI category">Tests.VerifyLeftMenuUI</td>
<td>VerifyLeftMenuUI.java:175</td>
<td title="Message">Examples link is displaying properly</td>
</tr>

<tr>
<td>1196</td>
<td title="main thread">main</td>
<td title="Level">INFO</td>
<td title="Tests.VerifyLeftMenuUI category">Tests.VerifyLeftMenuUI</td>
<td>VerifyLeftMenuUI.java:188</td>
<td title="Message">Vue on Github link is displaying properly</td>
</tr>

<tr>
<td>1245</td>
<td title="main thread">main</td>
<td title="Level">INFO</td>
<td title="Tests.VerifyLeftMenuUI category">Tests.VerifyLeftMenuUI</td>
<td>VerifyLeftMenuUI.java:57</td>
<td title="Message">Successfully Launched the TODO MVC</td>
</tr>

<tr>
<td>1278</td>
<td title="main thread">main</td>
<td title="Level">INFO</td>
<td title="Tests.VerifyLeftMenuUI category">Tests.VerifyLeftMenuUI</td>
<td>VerifyLeftMenuUI.java:211</td>
<td title="Message">Verifying the Community label</td>
</tr>

<tr>
<td>1373</td>
<td title="main thread">main</td>
<td title="Level">INFO</td>
<td title="Tests.VerifyLeftMenuUI category">Tests.VerifyLeftMenuUI</td>
<td>VerifyLeftMenuUI.java:215</td>
<td title="Message">Community label is displaying properly</td>
</tr>

<tr>
<td>1472</td>
<td title="main thread">main</td>
<td title="Level">INFO</td>
<td title="Tests.VerifyLeftMenuUI category">Tests.VerifyLeftMenuUI</td>
<td>VerifyLeftMenuUI.java:228</td>
<td title="Message">Twitter link is displaying properly</td>
</tr>

<tr>
<td>1581</td>
<td title="main thread">main</td>
<td title="Level">INFO</td>
<td title="Tests.VerifyLeftMenuUI category">Tests.VerifyLeftMenuUI</td>
<td>VerifyLeftMenuUI.java:241</td>
<td title="Message">Gitter link is displaying properly</td>
</tr>

<tr>
<td>1689</td>
<td title="main thread">main</td>
<td title="Level">INFO</td>
<td title="Tests.VerifyLeftMenuUI category">Tests.VerifyLeftMenuUI</td>
<td>VerifyLeftMenuUI.java:254</td>
<td title="Message">Discussions on Github  link is displaying properly</td>
</tr>

<tr>
<td>2785</td>
<td title="main thread">main</td>
<td title="Level">INFO</td>
<td title="Tests.VerifyFunctionality category">Tests.VerifyFunctionality</td>
<td>VerifyFunctionality.java:58</td>
<td title="Message">Successfully Launched the TODO MVC</td>
</tr>

<tr>
<td>3142</td>
<td title="main thread">main</td>
<td title="Level">INFO</td>
<td title="Tests.VerifyFunctionality category">Tests.VerifyFunctionality</td>
<td>VerifyFunctionality.java:77</td>
<td title="Message">To Do Label is Displayed</td>
</tr>

<tr>
<td>3142</td>
<td title="main thread">main</td>
<td title="Level">INFO</td>
<td title="Tests.VerifyFunctionality category">Tests.VerifyFunctionality</td>
<td>VerifyFunctionality.java:79</td>
<td title="Message">Adding the Tasks</td>
</tr>

<tr>
<td>6632</td>
<td title="main thread">main</td>
<td title="Level">INFO</td>
<td title="Tests.VerifyFunctionality category">Tests.VerifyFunctionality</td>
<td>VerifyFunctionality.java:87</td>
<td title="Message">Tasks Added Successfully</td>
</tr>

<tr>
<td>6663</td>
<td title="main thread">main</td>
<td title="Level">INFO</td>
<td title="Tests.VerifyFunctionality category">Tests.VerifyFunctionality</td>
<td>VerifyFunctionality.java:97</td>
<td title="Message">Verifying the added Tasks</td>
</tr>

<tr>
<td>6741</td>
<td title="main thread">main</td>
<td title="Level">INFO</td>
<td title="Tests.VerifyFunctionality category">Tests.VerifyFunctionality</td>
<td>VerifyFunctionality.java:101</td>
<td title="Message">Added Tasks are displayed successfully</td>
</tr>

<tr>
<td>6810</td>
<td title="main thread">main</td>
<td title="Level">INFO</td>
<td title="Tests.VerifyFunctionality category">Tests.VerifyFunctionality</td>
<td>VerifyFunctionality.java:58</td>
<td title="Message">Successfully Launched the TODO MVC</td>
</tr>

<tr>
<td>6919</td>
<td title="main thread">main</td>
<td title="Level">INFO</td>
<td title="Tests.VerifyFunctionality category">Tests.VerifyFunctionality</td>
<td>VerifyFunctionality.java:119</td>
<td title="Message">Verifying the Task Completion</td>
</tr>

<tr>
<td>7162</td>
<td title="main thread">main</td>
<td title="Level">INFO</td>
<td title="Tests.VerifyFunctionality category">Tests.VerifyFunctionality</td>
<td>VerifyFunctionality.java:126</td>
<td title="Message">Able to complete task T1 successfully</td>
</tr>

<tr>
<td>7226</td>
<td title="main thread">main</td>
<td title="Level">INFO</td>
<td title="Tests.VerifyFunctionality category">Tests.VerifyFunctionality</td>
<td>VerifyFunctionality.java:137</td>
<td title="Message">Verifying the clear complete functionality</td>
</tr>

<tr>
<td>7337</td>
<td title="main thread">main</td>
<td title="Level">INFO</td>
<td title="Tests.VerifyFunctionality category">Tests.VerifyFunctionality</td>
<td>VerifyFunctionality.java:141</td>
<td title="Message">Clear Complete tasks is successful</td>
</tr>
<!DOCTYPE HTML PUBLIC "-//W3C//DTD HTML 4.01 Transitional//EN" "http://www.w3.org/TR/html4/loose.dtd">
<html>
<head>
<title>Application log</title>
<style type="text/css">
<!--
body, table {font-family: arial,sans-serif; font-size: x-small;}
th {background: #336699; color: #FFFFFF; text-align: left;}
-->
</style>
</head>
<body bgcolor="#FFFFFF" topmargin="6" leftmargin="6">
<hr size="1" noshade>
Log session start time Thu Oct 26 13:31:42 IST 2023<br>
<br>
<table cellspacing="0" cellpadding="4" border="1" bordercolor="#224466" width="100%">
<tr>
<th>Time</th>
<th>Thread</th>
<th>Level</th>
<th>Category</th>
<th>File:Line</th>
<th>Message</th>
</tr>
</table>
<br>
</body></html><!DOCTYPE HTML PUBLIC "-//W3C//DTD HTML 4.01 Transitional//EN" "http://www.w3.org/TR/html4/loose.dtd">
<html>
<head>
<title>Application log</title>
<style type="text/css">
<!--
body, table {font-family: arial,sans-serif; font-size: x-small;}
th {background: #336699; color: #FFFFFF; text-align: left;}
-->
</style>
</head>
<body bgcolor="#FFFFFF" topmargin="6" leftmargin="6">
<hr size="1" noshade>
Log session start time Thu Oct 26 13:31:44 IST 2023<br>
<br>
<table cellspacing="0" cellpadding="4" border="1" bordercolor="#224466" width="100%">
<tr>
<th>Time</th>
<th>Thread</th>
<th>Level</th>
<th>Category</th>
<th>File:Line</th>
<th>Message</th>
</tr>

<tr>
<td>0</td>
<td title="main thread">main</td>
<td title="Level">INFO</td>
<td title="Tests.VerifyLeftMenuUI category">Tests.VerifyLeftMenuUI</td>
<td>VerifyLeftMenuUI.java:57</td>
<td title="Message">Successfully Launched the TODO MVC</td>
</tr>

<tr>
<td>275</td>
<td title="main thread">main</td>
<td title="Level">INFO</td>
<td title="Tests.VerifyLeftMenuUI category">Tests.VerifyLeftMenuUI</td>
<td>VerifyLeftMenuUI.java:76</td>
<td title="Message">Verifying the Header Title</td>
</tr>

<tr>
<td>358</td>
<td title="main thread">main</td>
<td title="Level">INFO</td>
<td title="Tests.VerifyLeftMenuUI category">Tests.VerifyLeftMenuUI</td>
<td>VerifyLeftMenuUI.java:80</td>
<td title="Message">Header Title is displaying</td>
</tr>

<tr>
<td>426</td>
<td title="main thread">main</td>
<td title="Level">INFO</td>
<td title="Tests.VerifyLeftMenuUI category">Tests.VerifyLeftMenuUI</td>
<td>VerifyLeftMenuUI.java:57</td>
<td title="Message">Successfully Launched the TODO MVC</td>
</tr>

<tr>
<td>459</td>
<td title="main thread">main</td>
<td title="Level">INFO</td>
<td title="Tests.VerifyLeftMenuUI category">Tests.VerifyLeftMenuUI</td>
<td>VerifyLeftMenuUI.java:104</td>
<td title="Message">Verifying the Header fields</td>
</tr>

<tr>
<td>544</td>
<td title="main thread">main</td>
<td title="Level">INFO</td>
<td title="Tests.VerifyLeftMenuUI category">Tests.VerifyLeftMenuUI</td>
<td>VerifyLeftMenuUI.java:108</td>
<td title="Message">Header Child fields are displaying properly</td>
</tr>

<tr>
<td>584</td>
<td title="main thread">main</td>
<td title="Level">INFO</td>
<td title="Tests.VerifyLeftMenuUI category">Tests.VerifyLeftMenuUI</td>
<td>VerifyLeftMenuUI.java:57</td>
<td title="Message">Successfully Launched the TODO MVC</td>
</tr>

<tr>
<td>614</td>
<td title="main thread">main</td>
<td title="Level">INFO</td>
<td title="Tests.VerifyLeftMenuUI category">Tests.VerifyLeftMenuUI</td>
<td>VerifyLeftMenuUI.java:131</td>
<td title="Message">Verifying the Official Resources label</td>
</tr>

<tr>
<td>704</td>
<td title="main thread">main</td>
<td title="Level">INFO</td>
<td title="Tests.VerifyLeftMenuUI category">Tests.VerifyLeftMenuUI</td>
<td>VerifyLeftMenuUI.java:135</td>
<td title="Message">Official Resources label is displaying properly</td>
</tr>

<tr>
<td>729</td>
<td title="main thread">main</td>
<td title="Level">INFO</td>
<td title="Tests.VerifyLeftMenuUI category">Tests.VerifyLeftMenuUI</td>
<td>VerifyLeftMenuUI.java:145</td>
<td title="Message">Verifying the Official resources links</td>
</tr>

<tr>
<td>805</td>
<td title="main thread">main</td>
<td title="Level">INFO</td>
<td title="Tests.VerifyLeftMenuUI category">Tests.VerifyLeftMenuUI</td>
<td>VerifyLeftMenuUI.java:149</td>
<td title="Message">Documentation link is displaying properly</td>
</tr>

<tr>
<td>935</td>
<td title="main thread">main</td>
<td title="Level">INFO</td>
<td title="Tests.VerifyLeftMenuUI category">Tests.VerifyLeftMenuUI</td>
<td>VerifyLeftMenuUI.java:162</td>
<td title="Message">API Reference link is displaying properly</td>
</tr>

<tr>
<td>1037</td>
<td title="main thread">main</td>
<td title="Level">INFO</td>
<td title="Tests.VerifyLeftMenuUI category">Tests.VerifyLeftMenuUI</td>
<td>VerifyLeftMenuUI.java:175</td>
<td title="Message">Examples link is displaying properly</td>
</tr>

<tr>
<td>1174</td>
<td title="main thread">main</td>
<td title="Level">INFO</td>
<td title="Tests.VerifyLeftMenuUI category">Tests.VerifyLeftMenuUI</td>
<td>VerifyLeftMenuUI.java:188</td>
<td title="Message">Vue on Github link is displaying properly</td>
</tr>

<tr>
<td>1218</td>
<td title="main thread">main</td>
<td title="Level">INFO</td>
<td title="Tests.VerifyLeftMenuUI category">Tests.VerifyLeftMenuUI</td>
<td>VerifyLeftMenuUI.java:57</td>
<td title="Message">Successfully Launched the TODO MVC</td>
</tr>

<tr>
<td>1250</td>
<td title="main thread">main</td>
<td title="Level">INFO</td>
<td title="Tests.VerifyLeftMenuUI category">Tests.VerifyLeftMenuUI</td>
<td>VerifyLeftMenuUI.java:211</td>
<td title="Message">Verifying the Community label</td>
</tr>

<tr>
<td>1373</td>
<td title="main thread">main</td>
<td title="Level">INFO</td>
<td title="Tests.VerifyLeftMenuUI category">Tests.VerifyLeftMenuUI</td>
<td>VerifyLeftMenuUI.java:215</td>
<td title="Message">Community label is displaying properly</td>
</tr>

<tr>
<td>1489</td>
<td title="main thread">main</td>
<td title="Level">INFO</td>
<td title="Tests.VerifyLeftMenuUI category">Tests.VerifyLeftMenuUI</td>
<td>VerifyLeftMenuUI.java:228</td>
<td title="Message">Twitter link is displaying properly</td>
</tr>

<tr>
<td>1625</td>
<td title="main thread">main</td>
<td title="Level">INFO</td>
<td title="Tests.VerifyLeftMenuUI category">Tests.VerifyLeftMenuUI</td>
<td>VerifyLeftMenuUI.java:241</td>
<td title="Message">Gitter link is displaying properly</td>
</tr>

<tr>
<td>1736</td>
<td title="main thread">main</td>
<td title="Level">INFO</td>
<td title="Tests.VerifyLeftMenuUI category">Tests.VerifyLeftMenuUI</td>
<td>VerifyLeftMenuUI.java:254</td>
<td title="Message">Discussions on Github  link is displaying properly</td>
</tr>

<tr>
<td>2650</td>
<td title="main thread">main</td>
<td title="Level">INFO</td>
<td title="Tests.VerifyFunctionality category">Tests.VerifyFunctionality</td>
<td>VerifyFunctionality.java:58</td>
<td title="Message">Successfully Launched the TODO MVC</td>
</tr>

<tr>
<td>3015</td>
<td title="main thread">main</td>
<td title="Level">INFO</td>
<td title="Tests.VerifyFunctionality category">Tests.VerifyFunctionality</td>
<td>VerifyFunctionality.java:77</td>
<td title="Message">To Do Label is Displayed</td>
</tr>

<tr>
<td>3015</td>
<td title="main thread">main</td>
<td title="Level">INFO</td>
<td title="Tests.VerifyFunctionality category">Tests.VerifyFunctionality</td>
<td>VerifyFunctionality.java:79</td>
<td title="Message">Adding the Tasks</td>
</tr>

<tr>
<td>6400</td>
<td title="main thread">main</td>
<td title="Level">INFO</td>
<td title="Tests.VerifyFunctionality category">Tests.VerifyFunctionality</td>
<td>VerifyFunctionality.java:87</td>
<td title="Message">Tasks Added Successfully</td>
</tr>

<tr>
<td>6429</td>
<td title="main thread">main</td>
<td title="Level">INFO</td>
<td title="Tests.VerifyFunctionality category">Tests.VerifyFunctionality</td>
<td>VerifyFunctionality.java:97</td>
<td title="Message">Verifying the added Tasks</td>
</tr>

<tr>
<td>6541</td>
<td title="main thread">main</td>
<td title="Level">INFO</td>
<td title="Tests.VerifyFunctionality category">Tests.VerifyFunctionality</td>
<td>VerifyFunctionality.java:101</td>
<td title="Message">Added Tasks are displayed successfully</td>
</tr>

<tr>
<td>6613</td>
<td title="main thread">main</td>
<td title="Level">INFO</td>
<td title="Tests.VerifyFunctionality category">Tests.VerifyFunctionality</td>
<td>VerifyFunctionality.java:58</td>
<td title="Message">Successfully Launched the TODO MVC</td>
</tr>

<tr>
<td>6721</td>
<td title="main thread">main</td>
<td title="Level">INFO</td>
<td title="Tests.VerifyFunctionality category">Tests.VerifyFunctionality</td>
<td>VerifyFunctionality.java:119</td>
<td title="Message">Verifying the Task Completion</td>
</tr>

<tr>
<td>6955</td>
<td title="main thread">main</td>
<td title="Level">INFO</td>
<td title="Tests.VerifyFunctionality category">Tests.VerifyFunctionality</td>
<td>VerifyFunctionality.java:126</td>
<td title="Message">Able to complete task T1 successfully</td>
</tr>

<tr>
<td>7018</td>
<td title="main thread">main</td>
<td title="Level">INFO</td>
<td title="Tests.VerifyFunctionality category">Tests.VerifyFunctionality</td>
<td>VerifyFunctionality.java:137</td>
<td title="Message">Verifying the clear complete functionality</td>
</tr>

<tr>
<td>7130</td>
<td title="main thread">main</td>
<td title="Level">INFO</td>
<td title="Tests.VerifyFunctionality category">Tests.VerifyFunctionality</td>
<td>VerifyFunctionality.java:141</td>
<td title="Message">Clear Complete tasks is successful</td>
</tr>
<!DOCTYPE HTML PUBLIC "-//W3C//DTD HTML 4.01 Transitional//EN" "http://www.w3.org/TR/html4/loose.dtd">
<html>
<head>
<title>Application log</title>
<style type="text/css">
<!--
body, table {font-family: arial,sans-serif; font-size: x-small;}
th {background: #336699; color: #FFFFFF; text-align: left;}
-->
</style>
</head>
<body bgcolor="#FFFFFF" topmargin="6" leftmargin="6">
<hr size="1" noshade>
Log session start time Thu Oct 26 13:32:17 IST 2023<br>
<br>
<table cellspacing="0" cellpadding="4" border="1" bordercolor="#224466" width="100%">
<tr>
<th>Time</th>
<th>Thread</th>
<th>Level</th>
<th>Category</th>
<th>File:Line</th>
<th>Message</th>
</tr>
</table>
<br>
</body></html><!DOCTYPE HTML PUBLIC "-//W3C//DTD HTML 4.01 Transitional//EN" "http://www.w3.org/TR/html4/loose.dtd">
<html>
<head>
<title>Application log</title>
<style type="text/css">
<!--
body, table {font-family: arial,sans-serif; font-size: x-small;}
th {background: #336699; color: #FFFFFF; text-align: left;}
-->
</style>
</head>
<body bgcolor="#FFFFFF" topmargin="6" leftmargin="6">
<hr size="1" noshade>
Log session start time Thu Oct 26 13:32:18 IST 2023<br>
<br>
<table cellspacing="0" cellpadding="4" border="1" bordercolor="#224466" width="100%">
<tr>
<th>Time</th>
<th>Thread</th>
<th>Level</th>
<th>Category</th>
<th>File:Line</th>
<th>Message</th>
</tr>

<tr>
<td>0</td>
<td title="main thread">main</td>
<td title="Level">INFO</td>
<td title="Tests.VerifyLeftMenuUI category">Tests.VerifyLeftMenuUI</td>
<td>VerifyLeftMenuUI.java:57</td>
<td title="Message">Successfully Launched the TODO MVC</td>
</tr>

<tr>
<td>226</td>
<td title="main thread">main</td>
<td title="Level">INFO</td>
<td title="Tests.VerifyLeftMenuUI category">Tests.VerifyLeftMenuUI</td>
<td>VerifyLeftMenuUI.java:76</td>
<td title="Message">Verifying the Header Title</td>
</tr>

<tr>
<td>347</td>
<td title="main thread">main</td>
<td title="Level">INFO</td>
<td title="Tests.VerifyLeftMenuUI category">Tests.VerifyLeftMenuUI</td>
<td>VerifyLeftMenuUI.java:80</td>
<td title="Message">Header Title is displaying</td>
</tr>

<tr>
<td>431</td>
<td title="main thread">main</td>
<td title="Level">INFO</td>
<td title="Tests.VerifyLeftMenuUI category">Tests.VerifyLeftMenuUI</td>
<td>VerifyLeftMenuUI.java:57</td>
<td title="Message">Successfully Launched the TODO MVC</td>
</tr>

<tr>
<td>463</td>
<td title="main thread">main</td>
<td title="Level">INFO</td>
<td title="Tests.VerifyLeftMenuUI category">Tests.VerifyLeftMenuUI</td>
<td>VerifyLeftMenuUI.java:104</td>
<td title="Message">Verifying the Header fields</td>
</tr>

<tr>
<td>562</td>
<td title="main thread">main</td>
<td title="Level">INFO</td>
<td title="Tests.VerifyLeftMenuUI category">Tests.VerifyLeftMenuUI</td>
<td>VerifyLeftMenuUI.java:108</td>
<td title="Message">Header Child fields are displaying properly</td>
</tr>

<tr>
<td>601</td>
<td title="main thread">main</td>
<td title="Level">INFO</td>
<td title="Tests.VerifyLeftMenuUI category">Tests.VerifyLeftMenuUI</td>
<td>VerifyLeftMenuUI.java:57</td>
<td title="Message">Successfully Launched the TODO MVC</td>
</tr>

<tr>
<td>634</td>
<td title="main thread">main</td>
<td title="Level">INFO</td>
<td title="Tests.VerifyLeftMenuUI category">Tests.VerifyLeftMenuUI</td>
<td>VerifyLeftMenuUI.java:131</td>
<td title="Message">Verifying the Official Resources label</td>
</tr>

<tr>
<td>731</td>
<td title="main thread">main</td>
<td title="Level">INFO</td>
<td title="Tests.VerifyLeftMenuUI category">Tests.VerifyLeftMenuUI</td>
<td>VerifyLeftMenuUI.java:135</td>
<td title="Message">Official Resources label is displaying properly</td>
</tr>

<tr>
<td>756</td>
<td title="main thread">main</td>
<td title="Level">INFO</td>
<td title="Tests.VerifyLeftMenuUI category">Tests.VerifyLeftMenuUI</td>
<td>VerifyLeftMenuUI.java:145</td>
<td title="Message">Verifying the Official resources links</td>
</tr>

<tr>
<td>862</td>
<td title="main thread">main</td>
<td title="Level">INFO</td>
<td title="Tests.VerifyLeftMenuUI category">Tests.VerifyLeftMenuUI</td>
<td>VerifyLeftMenuUI.java:149</td>
<td title="Message">Documentation link is displaying properly</td>
</tr>

<tr>
<td>976</td>
<td title="main thread">main</td>
<td title="Level">INFO</td>
<td title="Tests.VerifyLeftMenuUI category">Tests.VerifyLeftMenuUI</td>
<td>VerifyLeftMenuUI.java:162</td>
<td title="Message">API Reference link is displaying properly</td>
</tr>

<tr>
<td>1090</td>
<td title="main thread">main</td>
<td title="Level">INFO</td>
<td title="Tests.VerifyLeftMenuUI category">Tests.VerifyLeftMenuUI</td>
<td>VerifyLeftMenuUI.java:175</td>
<td title="Message">Examples link is displaying properly</td>
</tr>

<tr>
<td>1207</td>
<td title="main thread">main</td>
<td title="Level">INFO</td>
<td title="Tests.VerifyLeftMenuUI category">Tests.VerifyLeftMenuUI</td>
<td>VerifyLeftMenuUI.java:188</td>
<td title="Message">Vue on Github link is displaying properly</td>
</tr>

<tr>
<td>1261</td>
<td title="main thread">main</td>
<td title="Level">INFO</td>
<td title="Tests.VerifyLeftMenuUI category">Tests.VerifyLeftMenuUI</td>
<td>VerifyLeftMenuUI.java:57</td>
<td title="Message">Successfully Launched the TODO MVC</td>
</tr>

<tr>
<td>1287</td>
<td title="main thread">main</td>
<td title="Level">INFO</td>
<td title="Tests.VerifyLeftMenuUI category">Tests.VerifyLeftMenuUI</td>
<td>VerifyLeftMenuUI.java:211</td>
<td title="Message">Verifying the Community label</td>
</tr>

<tr>
<td>1443</td>
<td title="main thread">main</td>
<td title="Level">INFO</td>
<td title="Tests.VerifyLeftMenuUI category">Tests.VerifyLeftMenuUI</td>
<td>VerifyLeftMenuUI.java:215</td>
<td title="Message">Community label is displaying properly</td>
</tr>

<tr>
<td>1549</td>
<td title="main thread">main</td>
<td title="Level">INFO</td>
<td title="Tests.VerifyLeftMenuUI category">Tests.VerifyLeftMenuUI</td>
<td>VerifyLeftMenuUI.java:228</td>
<td title="Message">Twitter link is displaying properly</td>
</tr>

<tr>
<td>1655</td>
<td title="main thread">main</td>
<td title="Level">INFO</td>
<td title="Tests.VerifyLeftMenuUI category">Tests.VerifyLeftMenuUI</td>
<td>VerifyLeftMenuUI.java:241</td>
<td title="Message">Gitter link is displaying properly</td>
</tr>

<tr>
<td>1782</td>
<td title="main thread">main</td>
<td title="Level">INFO</td>
<td title="Tests.VerifyLeftMenuUI category">Tests.VerifyLeftMenuUI</td>
<td>VerifyLeftMenuUI.java:254</td>
<td title="Message">Discussions on Github  link is displaying properly</td>
</tr>

<tr>
<td>2793</td>
<td title="main thread">main</td>
<td title="Level">INFO</td>
<td title="Tests.VerifyFunctionality category">Tests.VerifyFunctionality</td>
<td>VerifyFunctionality.java:58</td>
<td title="Message">Successfully Launched the TODO MVC</td>
</tr>

<tr>
<td>3102</td>
<td title="main thread">main</td>
<td title="Level">INFO</td>
<td title="Tests.VerifyFunctionality category">Tests.VerifyFunctionality</td>
<td>VerifyFunctionality.java:77</td>
<td title="Message">To Do Label is Displayed</td>
</tr>

<tr>
<td>3102</td>
<td title="main thread">main</td>
<td title="Level">INFO</td>
<td title="Tests.VerifyFunctionality category">Tests.VerifyFunctionality</td>
<td>VerifyFunctionality.java:79</td>
<td title="Message">Adding the Tasks</td>
</tr>

<tr>
<td>6521</td>
<td title="main thread">main</td>
<td title="Level">INFO</td>
<td title="Tests.VerifyFunctionality category">Tests.VerifyFunctionality</td>
<td>VerifyFunctionality.java:87</td>
<td title="Message">Tasks Added Successfully</td>
</tr>

<tr>
<td>6549</td>
<td title="main thread">main</td>
<td title="Level">INFO</td>
<td title="Tests.VerifyFunctionality category">Tests.VerifyFunctionality</td>
<td>VerifyFunctionality.java:97</td>
<td title="Message">Verifying the added Tasks</td>
</tr>

<tr>
<td>6628</td>
<td title="main thread">main</td>
<td title="Level">INFO</td>
<td title="Tests.VerifyFunctionality category">Tests.VerifyFunctionality</td>
<td>VerifyFunctionality.java:101</td>
<td title="Message">Added Tasks are displayed successfully</td>
</tr>

<tr>
<td>6697</td>
<td title="main thread">main</td>
<td title="Level">INFO</td>
<td title="Tests.VerifyFunctionality category">Tests.VerifyFunctionality</td>
<td>VerifyFunctionality.java:58</td>
<td title="Message">Successfully Launched the TODO MVC</td>
</tr>

<tr>
<td>6805</td>
<td title="main thread">main</td>
<td title="Level">INFO</td>
<td title="Tests.VerifyFunctionality category">Tests.VerifyFunctionality</td>
<td>VerifyFunctionality.java:119</td>
<td title="Message">Verifying the Task Completion</td>
</tr>

<tr>
<td>7060</td>
<td title="main thread">main</td>
<td title="Level">INFO</td>
<td title="Tests.VerifyFunctionality category">Tests.VerifyFunctionality</td>
<td>VerifyFunctionality.java:126</td>
<td title="Message">Able to complete task T1 successfully</td>
</tr>

<tr>
<td>7121</td>
<td title="main thread">main</td>
<td title="Level">INFO</td>
<td title="Tests.VerifyFunctionality category">Tests.VerifyFunctionality</td>
<td>VerifyFunctionality.java:137</td>
<td title="Message">Verifying the clear complete functionality</td>
</tr>

<tr>
<td>7225</td>
<td title="main thread">main</td>
<td title="Level">INFO</td>
<td title="Tests.VerifyFunctionality category">Tests.VerifyFunctionality</td>
<td>VerifyFunctionality.java:141</td>
<td title="Message">Clear Complete tasks is successful</td>
</tr>
