2023-10-20 13:26:32,647 - TestCase1.class -INFO - Successfully Launched the TODO MVC
2023-10-20 13:26:32,741 - TestCase1.class -INFO - Adding the Tasks
2023-10-20 13:26:36,134 - TestCase1.class -INFO - Verifying the added Tasks
2023-10-20 13:26:36,134 - TestCase1.class -INFO - Selecting the Task
2023-10-20 16:06:47,241 - TestCase1.class -INFO - Successfully Launched the TODO MVC
2023-10-20 16:06:47,360 - TestCase1.class -INFO - Adding the Tasks
2023-10-20 16:06:51,063 - TestCase1.class -INFO - Verifying the added Tasks
2023-10-20 16:06:51,064 - TestCase1.class -INFO - Selecting the Task
2023-10-20 16:07:31,588 - TestCase1.class -INFO - Successfully Launched the TODO MVC
2023-10-20 16:07:31,717 - TestCase1.class -INFO - Adding the Tasks
2023-10-20 16:07:35,366 - TestCase1.class -INFO - Verifying the added Tasks
2023-10-20 16:07:35,367 - TestCase1.class -INFO - Selecting the Task
2023-10-21 00:43:27,659 - Tests.TestCase1 -INFO - Successfully Launched the TODO MVC
2023-10-21 00:43:27,741 - Tests.TestCase1 -INFO - Adding the Tasks
2023-10-21 00:43:31,164 - Tests.TestCase1 -INFO - Verifying the added Tasks
2023-10-21 00:43:31,164 - Tests.TestCase1 -INFO - Selecting the Task
2023-10-21 00:51:17,768 - Tests.TestCase1 -INFO - Successfully Launched the TODO MVC
2023-10-21 00:51:17,974 - Tests.TestCase1 -ERROR - Test Case Status is Fail due java.io.FileNotFoundException: C:\Users\AIN126\eclipse-workspace1\Demo_Test\screenshots\20231021125117.png (The system cannot find the path specified)
2023-10-21 00:52:14,645 - Tests.TestCase1 -INFO - Successfully Launched the TODO MVC
2023-10-21 00:52:14,831 - Tests.TestCase1 -ERROR - Test Case Status is Fail due java.io.FileNotFoundException: C:\Users\AIN126\eclipse-workspace1\Demo_Test\screenshots\20231021125214.png (The system cannot find the path specified)
2023-10-21 00:54:15,631 - Tests.TestCase1 -INFO - Successfully Launched the TODO MVC
2023-10-21 00:54:15,747 - Tests.TestCase1 -ERROR - Test Case Status is Fail due java.io.FileNotFoundException: C:\Users\AIN126\eclipse-workspace1\Demo_Test\screenshots\20231021125415.png (The system cannot find the path specified)
2023-10-21 00:55:17,574 - Tests.TestCase1 -INFO - Successfully Launched the TODO MVC
2023-10-21 00:55:17,933 - Tests.TestCase1 -INFO - To Do Label is Displayed
2023-10-21 00:55:17,933 - Tests.TestCase1 -INFO - Adding the Tasks
2023-10-21 00:55:21,306 - Tests.TestCase1 -INFO - Verifying the added Tasks
2023-10-21 00:55:21,306 - Tests.TestCase1 -INFO - Selecting the Task
2023-10-21 01:17:52,694 - Tests.TestCase1 -INFO - Successfully Launched the TODO MVC
2023-10-21 01:17:52,964 - Tests.TestCase1 -INFO - To Do Label is Displayed
2023-10-21 01:17:52,964 - Tests.TestCase1 -INFO - Adding the Tasks
2023-10-21 01:17:56,352 - Tests.TestCase1 -INFO - Verifying the added Tasks
2023-10-21 01:17:56,352 - Tests.TestCase1 -INFO - Selecting the Task
2023-10-21 01:38:16,549 - Tests.TestCase1 -INFO - Successfully Launched the TODO MVC
2023-10-21 01:38:16,823 - Tests.TestCase1 -INFO - To Do Label is Displayed
2023-10-21 01:38:16,824 - Tests.TestCase1 -INFO - Adding the Tasks
2023-10-21 01:38:18,121 - Tests.TestCase1 -INFO - Tasks Added Successfully
2023-10-21 01:38:18,151 - Tests.TestCase1 -INFO - Verifying the added Tasks
2023-10-21 01:40:11,784 - Tests.TestCase1 -INFO - Successfully Launched the TODO MVC
2023-10-21 01:40:12,132 - Tests.TestCase1 -INFO - To Do Label is Displayed
2023-10-21 01:40:12,132 - Tests.TestCase1 -INFO - Adding the Tasks
2023-10-21 01:42:53,633 - Tests.TestCase1 -INFO - Successfully Launched the TODO MVC
2023-10-21 01:42:53,955 - Tests.TestCase1 -INFO - To Do Label is Displayed
2023-10-21 01:42:53,955 - Tests.TestCase1 -INFO - Adding the Tasks
2023-10-21 01:42:55,250 - Tests.TestCase1 -INFO - Tasks are not Added 
2023-10-21 01:42:55,281 - Tests.TestCase1 -INFO - Verifying the added Tasks
2023-10-21 01:44:26,606 - Tests.TestCase1 -INFO - Successfully Launched the TODO MVC
2023-10-21 01:44:26,901 - Tests.TestCase1 -INFO - To Do Label is Displayed
2023-10-21 01:44:26,901 - Tests.TestCase1 -INFO - Adding the Tasks
2023-10-21 01:44:28,162 - Tests.TestCase1 -ERROR - Tasks are not added 
2023-10-21 01:44:28,192 - Tests.TestCase1 -INFO - Verifying the added Tasks
2023-10-21 01:45:48,517 - Tests.TestCase1 -INFO - Successfully Launched the TODO MVC
2023-10-21 01:45:48,792 - Tests.TestCase1 -INFO - To Do Label is Displayed
2023-10-21 01:45:48,792 - Tests.TestCase1 -INFO - Adding the Tasks
2023-10-21 01:45:50,080 - Tests.TestCase1 -ERROR - Tasks are not added 
2023-10-21 01:45:50,225 - Tests.TestCase1 -ERROR - Test Case Status is Fail due org.openqa.selenium.NoSuchSessionException: Session ID is null. Using WebDriver after calling quit()?
Build info: version: '4.14.1', revision: '03f8ede370'
System info: os.name: 'Windows 10', os.arch: 'amd64', os.version: '10.0', java.version: '18.0.2'
Driver info: org.openqa.selenium.chrome.ChromeDriver
Command: [null, findElement {using=class name, value=todo-count}]
Capabilities {acceptInsecureCerts: false, browserName: chrome, browserVersion: 118.0.5993.89, chrome: {chromedriverVersion: 118.0.5993.70 (e52f33f30b91..., userDataDir: C:\Users\AIN126\AppData\Loc...}, fedcm:accounts: true, goog:chromeOptions: {debuggerAddress: localhost:61229}, networkConnectionEnabled: false, pageLoadStrategy: normal, platformName: windows, proxy: Proxy(), se:cdp: ws://localhost:61229/devtoo..., se:cdpVersion: 118.0.5993.89, setWindowRect: true, strictFileInteractability: false, timeouts: {implicit: 0, pageLoad: 300000, script: 30000}, unhandledPromptBehavior: dismiss and notify, webauthn:extension:credBlob: true, webauthn:extension:largeBlob: true, webauthn:extension:minPinLength: true, webauthn:extension:prf: true, webauthn:virtualAuthenticators: true}
2023-10-21 01:47:28,944 - Tests.TestCase1 -INFO - Successfully Launched the TODO MVC
2023-10-21 01:47:29,282 - Tests.TestCase1 -INFO - To Do Label is Displayed
2023-10-21 01:47:29,283 - Tests.TestCase1 -INFO - Adding the Tasks
2023-10-21 01:47:30,568 - Tests.TestCase1 -ERROR - Tasks are not added 
2023-10-21 01:47:30,599 - Tests.TestCase1 -INFO - Verifying the added Tasks
2023-10-21 01:50:01,487 - Tests.TestCase1 -INFO - Successfully Launched the TODO MVC
2023-10-21 01:50:01,780 - Tests.TestCase1 -INFO - To Do Label is Displayed
2023-10-21 01:50:01,781 - Tests.TestCase1 -INFO - Adding the Tasks
2023-10-21 01:50:03,072 - Tests.TestCase1 -ERROR - Tasks are not added 
2023-10-21 02:13:52,132 - Tests.TestCase1 -INFO - Successfully Launched the TODO MVC
2023-10-21 02:13:52,293 - Tests.TestCase1 -ERROR - Test Case Status is Fail due org.openqa.selenium.NoSuchElementException: no such element: Unable to locate element: {"method":"link text","selector":"#/active"}
  (Session info: chrome=118.0.5993.89)
For documentation on this error, please visit: https://www.selenium.dev/documentation/webdriver/troubleshooting/errors#no-such-element-exception
Build info: version: '4.14.1', revision: '03f8ede370'
System info: os.name: 'Windows 10', os.arch: 'amd64', os.version: '10.0', java.version: '18.0.2'
Driver info: org.openqa.selenium.chrome.ChromeDriver
Command: [a22354de93091fc50f6d7232e6768a1e, findElement {using=link text, value=#/active}]
Capabilities {acceptInsecureCerts: false, browserName: chrome, browserVersion: 118.0.5993.89, chrome: {chromedriverVersion: 118.0.5993.70 (e52f33f30b91..., userDataDir: C:\Users\AIN126\AppData\Loc...}, fedcm:accounts: true, goog:chromeOptions: {debuggerAddress: localhost:63036}, networkConnectionEnabled: false, pageLoadStrategy: normal, platformName: windows, proxy: Proxy(), se:cdp: ws://localhost:63036/devtoo..., se:cdpVersion: 118.0.5993.89, setWindowRect: true, strictFileInteractability: false, timeouts: {implicit: 0, pageLoad: 300000, script: 30000}, unhandledPromptBehavior: dismiss and notify, webauthn:extension:credBlob: true, webauthn:extension:largeBlob: true, webauthn:extension:minPinLength: true, webauthn:extension:prf: true, webauthn:virtualAuthenticators: true}
Session ID: a22354de93091fc50f6d7232e6768a1e
2023-10-21 02:14:36,416 - Tests.TestCase1 -INFO - Successfully Launched the TODO MVC
2023-10-21 02:14:36,784 - Tests.TestCase1 -INFO - To Do Label is Displayed
2023-10-21 02:14:36,785 - Tests.TestCase1 -INFO - Adding the Tasks
2023-10-21 02:14:38,087 - Tests.TestCase1 -INFO - Tasks Added Successfully
2023-10-21 02:14:38,116 - Tests.TestCase1 -INFO - Verifying the added Tasks
2023-10-21 02:14:38,899 - Tests.TestCase1 -INFO - Successfully Launched the TODO MVC
2023-10-21 02:14:39,225 - Tests.TestCase1 -INFO - To Do Label is Displayed
2023-10-21 02:14:39,225 - Tests.TestCase1 -INFO - Adding the Tasks
2023-10-21 02:14:40,500 - Tests.TestCase1 -INFO - Tasks Added Successfully
2023-10-21 02:14:40,529 - Tests.TestCase1 -INFO - Verifying the added Tasks
2023-10-21 02:15:17,751 - Tests.TestCase1 -INFO - Successfully Launched the TODO MVC
2023-10-21 02:15:18,128 - Tests.TestCase1 -INFO - To Do Label is Displayed
2023-10-21 02:15:18,129 - Tests.TestCase1 -INFO - Adding the Tasks
2023-10-21 02:15:19,398 - Tests.TestCase1 -INFO - Tasks Added Successfully
2023-10-21 02:15:19,427 - Tests.TestCase1 -INFO - Verifying the added Tasks
2023-10-21 02:15:20,139 - Tests.TestCase1 -INFO - Successfully Launched the TODO MVC
2023-10-21 02:15:20,350 - Tests.TestCase1 -ERROR - Test Case Status is Fail due org.openqa.selenium.NoSuchElementException: no such element: Unable to locate element: {"method":"link text","selector":"#/active"}
  (Session info: chrome=118.0.5993.89)
For documentation on this error, please visit: https://www.selenium.dev/documentation/webdriver/troubleshooting/errors#no-such-element-exception
Build info: version: '4.14.1', revision: '03f8ede370'
System info: os.name: 'Windows 10', os.arch: 'amd64', os.version: '10.0', java.version: '18.0.2'
Driver info: org.openqa.selenium.chrome.ChromeDriver
Command: [8394c56950917917d1295ffe1c4e993f, findElement {using=link text, value=#/active}]
Capabilities {acceptInsecureCerts: false, browserName: chrome, browserVersion: 118.0.5993.89, chrome: {chromedriverVersion: 118.0.5993.70 (e52f33f30b91..., userDataDir: C:\Users\AIN126\AppData\Loc...}, fedcm:accounts: true, goog:chromeOptions: {debuggerAddress: localhost:63177}, networkConnectionEnabled: false, pageLoadStrategy: normal, platformName: windows, proxy: Proxy(), se:cdp: ws://localhost:63177/devtoo..., se:cdpVersion: 118.0.5993.89, setWindowRect: true, strictFileInteractability: false, timeouts: {implicit: 0, pageLoad: 300000, script: 30000}, unhandledPromptBehavior: dismiss and notify, webauthn:extension:credBlob: true, webauthn:extension:largeBlob: true, webauthn:extension:minPinLength: true, webauthn:extension:prf: true, webauthn:virtualAuthenticators: true}
Session ID: 8394c56950917917d1295ffe1c4e993f
2023-10-21 02:16:14,923 - Tests.TestCase1 -INFO - Successfully Launched the TODO MVC
2023-10-21 02:16:15,276 - Tests.TestCase1 -INFO - To Do Label is Displayed
2023-10-21 02:16:15,276 - Tests.TestCase1 -INFO - Adding the Tasks
2023-10-21 02:16:16,550 - Tests.TestCase1 -INFO - Tasks Added Successfully
2023-10-21 02:16:16,580 - Tests.TestCase1 -INFO - Verifying the added Tasks
2023-10-21 02:16:17,290 - Tests.TestCase1 -INFO - Successfully Launched the TODO MVC
2023-10-21 02:16:17,504 - Tests.TestCase1 -ERROR - Test Case Status is Fail due org.openqa.selenium.ElementNotInteractableException: element not interactable
  (Session info: chrome=118.0.5993.89)
Build info: version: '4.14.1', revision: '03f8ede370'
System info: os.name: 'Windows 10', os.arch: 'amd64', os.version: '10.0', java.version: '18.0.2'
Driver info: org.openqa.selenium.chrome.ChromeDriver
Command: [853a60ba88f1660690ede4210a551289, clickElement {id=F7E2FDBF5956106FD087217369A746A2_element_6}]
Capabilities {acceptInsecureCerts: false, browserName: chrome, browserVersion: 118.0.5993.89, chrome: {chromedriverVersion: 118.0.5993.70 (e52f33f30b91..., userDataDir: C:\Users\AIN126\AppData\Loc...}, fedcm:accounts: true, goog:chromeOptions: {debuggerAddress: localhost:63262}, networkConnectionEnabled: false, pageLoadStrategy: normal, platformName: windows, proxy: Proxy(), se:cdp: ws://localhost:63262/devtoo..., se:cdpVersion: 118.0.5993.89, setWindowRect: true, strictFileInteractability: false, timeouts: {implicit: 0, pageLoad: 300000, script: 30000}, unhandledPromptBehavior: dismiss and notify, webauthn:extension:credBlob: true, webauthn:extension:largeBlob: true, webauthn:extension:minPinLength: true, webauthn:extension:prf: true, webauthn:virtualAuthenticators: true}
Element: [[ChromeDriver: chrome on windows (853a60ba88f1660690ede4210a551289)] -> class name: selected]
Session ID: 853a60ba88f1660690ede4210a551289
2023-10-21 02:25:10,940 - Tests.TestCase1 -INFO - Successfully Launched the TODO MVC
2023-10-21 02:25:11,269 - Tests.TestCase1 -INFO - To Do Label is Displayed
2023-10-21 02:25:11,269 - Tests.TestCase1 -INFO - Adding the Tasks
2023-10-21 02:25:12,558 - Tests.TestCase1 -INFO - Tasks Added Successfully
2023-10-21 02:25:12,595 - Tests.TestCase1 -INFO - Verifying the added Tasks
2023-10-21 02:25:13,406 - Tests.TestCase1 -INFO - Successfully Launched the TODO MVC
2023-10-21 02:25:13,632 - Tests.TestCase1 -ERROR - Test Case Status is Fail due org.openqa.selenium.ElementNotInteractableException: element not interactable
  (Session info: chrome=118.0.5993.89)
Build info: version: '4.14.1', revision: '03f8ede370'
System info: os.name: 'Windows 10', os.arch: 'amd64', os.version: '10.0', java.version: '18.0.2'
Driver info: org.openqa.selenium.chrome.ChromeDriver
Command: [1db7d4b9f05318a78ee6bc147ac8b28c, clickElement {id=9082FF1AD28A978C9D34525C1D9B4870_element_6}]
Capabilities {acceptInsecureCerts: false, browserName: chrome, browserVersion: 118.0.5993.89, chrome: {chromedriverVersion: 118.0.5993.70 (e52f33f30b91..., userDataDir: C:\Users\AIN126\AppData\Loc...}, fedcm:accounts: true, goog:chromeOptions: {debuggerAddress: localhost:63793}, networkConnectionEnabled: false, pageLoadStrategy: normal, platformName: windows, proxy: Proxy(), se:cdp: ws://localhost:63793/devtoo..., se:cdpVersion: 118.0.5993.89, setWindowRect: true, strictFileInteractability: false, timeouts: {implicit: 0, pageLoad: 300000, script: 30000}, unhandledPromptBehavior: dismiss and notify, webauthn:extension:credBlob: true, webauthn:extension:largeBlob: true, webauthn:extension:minPinLength: true, webauthn:extension:prf: true, webauthn:virtualAuthenticators: true}
Element: [[ChromeDriver: chrome on windows (1db7d4b9f05318a78ee6bc147ac8b28c)] -> class name: selected]
Session ID: 1db7d4b9f05318a78ee6bc147ac8b28c
2023-10-21 02:26:36,079 - Tests.TestCase1 -INFO - Successfully Launched the TODO MVC
2023-10-21 02:26:36,448 - Tests.TestCase1 -INFO - To Do Label is Displayed
2023-10-21 02:26:36,448 - Tests.TestCase1 -INFO - Adding the Tasks
2023-10-21 02:26:37,746 - Tests.TestCase1 -INFO - Tasks Added Successfully
2023-10-21 02:26:37,776 - Tests.TestCase1 -INFO - Verifying the added Tasks
2023-10-21 02:26:38,466 - Tests.TestCase1 -INFO - Successfully Launched the TODO MVC
2023-10-21 02:26:38,679 - Tests.TestCase1 -ERROR - Test Case Status is Fail due org.openqa.selenium.NoSuchElementException: no such element: Unable to locate element: {"method":"css selector","selector":"a[href='#/selected']"}
  (Session info: chrome=118.0.5993.89)
For documentation on this error, please visit: https://www.selenium.dev/documentation/webdriver/troubleshooting/errors#no-such-element-exception
Build info: version: '4.14.1', revision: '03f8ede370'
System info: os.name: 'Windows 10', os.arch: 'amd64', os.version: '10.0', java.version: '18.0.2'
Driver info: org.openqa.selenium.chrome.ChromeDriver
Command: [ef8997f9edfaae4a80446d33455b7b67, findElement {using=css selector, value=a[href='#/selected']}]
Capabilities {acceptInsecureCerts: false, browserName: chrome, browserVersion: 118.0.5993.89, chrome: {chromedriverVersion: 118.0.5993.70 (e52f33f30b91..., userDataDir: C:\Users\AIN126\AppData\Loc...}, fedcm:accounts: true, goog:chromeOptions: {debuggerAddress: localhost:63903}, networkConnectionEnabled: false, pageLoadStrategy: normal, platformName: windows, proxy: Proxy(), se:cdp: ws://localhost:63903/devtoo..., se:cdpVersion: 118.0.5993.89, setWindowRect: true, strictFileInteractability: false, timeouts: {implicit: 0, pageLoad: 300000, script: 30000}, unhandledPromptBehavior: dismiss and notify, webauthn:extension:credBlob: true, webauthn:extension:largeBlob: true, webauthn:extension:minPinLength: true, webauthn:extension:prf: true, webauthn:virtualAuthenticators: true}
Session ID: ef8997f9edfaae4a80446d33455b7b67
2023-10-21 02:27:49,349 - Tests.TestCase1 -INFO - Successfully Launched the TODO MVC
2023-10-21 02:27:49,630 - Tests.TestCase1 -INFO - To Do Label is Displayed
2023-10-21 02:27:49,631 - Tests.TestCase1 -INFO - Adding the Tasks
2023-10-21 02:27:53,113 - Tests.TestCase1 -INFO - Tasks Added Successfully
2023-10-21 02:27:53,144 - Tests.TestCase1 -INFO - Verifying the added Tasks
2023-10-21 02:27:53,239 - Tests.TestCase1 -INFO - Added Tasks are displayed successfully
2023-10-21 02:27:54,013 - Tests.TestCase1 -INFO - Successfully Launched the TODO MVC
2023-10-21 02:27:54,210 - Tests.TestCase1 -ERROR - Test Case Status is Fail due org.openqa.selenium.NoSuchElementException: no such element: Unable to locate element: {"method":"css selector","selector":"a[href='#/selected']"}
  (Session info: chrome=118.0.5993.89)
For documentation on this error, please visit: https://www.selenium.dev/documentation/webdriver/troubleshooting/errors#no-such-element-exception
Build info: version: '4.14.1', revision: '03f8ede370'
System info: os.name: 'Windows 10', os.arch: 'amd64', os.version: '10.0', java.version: '18.0.2'
Driver info: org.openqa.selenium.chrome.ChromeDriver
Command: [b735f635cb7ff55a56d393c974c2c8d1, findElement {using=css selector, value=a[href='#/selected']}]
Capabilities {acceptInsecureCerts: false, browserName: chrome, browserVersion: 118.0.5993.89, chrome: {chromedriverVersion: 118.0.5993.70 (e52f33f30b91..., userDataDir: C:\Users\AIN126\AppData\Loc...}, fedcm:accounts: true, goog:chromeOptions: {debuggerAddress: localhost:63992}, networkConnectionEnabled: false, pageLoadStrategy: normal, platformName: windows, proxy: Proxy(), se:cdp: ws://localhost:63992/devtoo..., se:cdpVersion: 118.0.5993.89, setWindowRect: true, strictFileInteractability: false, timeouts: {implicit: 0, pageLoad: 300000, script: 30000}, unhandledPromptBehavior: dismiss and notify, webauthn:extension:credBlob: true, webauthn:extension:largeBlob: true, webauthn:extension:minPinLength: true, webauthn:extension:prf: true, webauthn:virtualAuthenticators: true}
Session ID: b735f635cb7ff55a56d393c974c2c8d1
2023-10-24 15:38:24,516 - Tests.TestCase1 -INFO - Successfully Launched the TODO MVC
2023-10-24 15:38:25,094 - Tests.TestCase1 -INFO - To Do Label is Displayed
2023-10-24 15:38:25,095 - Tests.TestCase1 -INFO - Adding the Tasks
2023-10-24 15:38:28,886 - Tests.TestCase1 -INFO - Tasks Added Successfully
2023-10-24 15:38:28,953 - Tests.TestCase1 -INFO - Verifying the added Tasks
2023-10-24 15:38:29,134 - Tests.TestCase1 -INFO - Added Tasks are displayed successfully
2023-10-24 15:38:30,662 - Tests.TestCase1 -INFO - Successfully Launched the TODO MVC
2023-10-24 15:38:30,955 - Tests.TestCase1 -ERROR - Test Case Status is Fail due org.openqa.selenium.InvalidSelectorException: invalid selector: Unable to locate an element with the xpath expression [@class="toggle"]/following-sibling ::label because of the following error:
SyntaxError: Failed to execute 'evaluate' on 'Document': The string '[@class="toggle"]/following-sibling ::label' is not a valid XPath expression.
  (Session info: chrome=118.0.5993.89)
For documentation on this error, please visit: https://www.selenium.dev/documentation/webdriver/troubleshooting/errors#invalid-selector-exception
Build info: version: '4.14.1', revision: '03f8ede370'
System info: os.name: 'Windows 10', os.arch: 'amd64', os.version: '10.0', java.version: '18.0.2'
Driver info: org.openqa.selenium.chrome.ChromeDriver
Command: [f21de0e326f772e5b00e8ccb88de0093, findElement {using=xpath, value=[@class="toggle"]/following-sibling ::label}]
Capabilities {acceptInsecureCerts: false, browserName: chrome, browserVersion: 118.0.5993.89, chrome: {chromedriverVersion: 118.0.5993.70 (e52f33f30b91..., userDataDir: C:\Users\AIN126\AppData\Loc...}, fedcm:accounts: true, goog:chromeOptions: {debuggerAddress: localhost:64254}, networkConnectionEnabled: false, pageLoadStrategy: normal, platformName: windows, proxy: Proxy(), se:cdp: ws://localhost:64254/devtoo..., se:cdpVersion: 118.0.5993.89, setWindowRect: true, strictFileInteractability: false, timeouts: {implicit: 0, pageLoad: 300000, script: 30000}, unhandledPromptBehavior: dismiss and notify, webauthn:extension:credBlob: true, webauthn:extension:largeBlob: true, webauthn:extension:minPinLength: true, webauthn:extension:prf: true, webauthn:virtualAuthenticators: true}
Session ID: f21de0e326f772e5b00e8ccb88de0093
2023-10-24 21:34:27,567 - Tests.TestCase1 -INFO - Successfully Launched the TODO MVC
2023-10-24 21:34:28,077 - Tests.TestCase1 -INFO - To Do Label is Displayed
2023-10-24 21:34:28,079 - Tests.TestCase1 -INFO - Adding the Tasks
2023-10-24 21:34:31,987 - Tests.TestCase1 -INFO - Tasks Added Successfully
2023-10-24 21:34:32,057 - Tests.TestCase1 -INFO - Verifying the added Tasks
2023-10-24 21:34:32,260 - Tests.TestCase1 -INFO - Added Tasks are displayed successfully
2023-10-24 21:34:33,818 - Tests.TestCase1 -INFO - Successfully Launched the TODO MVC
2023-10-24 21:34:34,093 - Tests.TestCase1 -ERROR - Test Case Status is Fail due org.openqa.selenium.InvalidSelectorException: invalid selector: Unable to locate an element with the xpath expression [@class='toggle']/following-sibling ::label because of the following error:
SyntaxError: Failed to execute 'evaluate' on 'Document': The string '[@class='toggle']/following-sibling ::label' is not a valid XPath expression.
  (Session info: chrome=118.0.5993.89)
For documentation on this error, please visit: https://www.selenium.dev/documentation/webdriver/troubleshooting/errors#invalid-selector-exception
Build info: version: '4.14.1', revision: '03f8ede370'
System info: os.name: 'Windows 10', os.arch: 'amd64', os.version: '10.0', java.version: '18.0.2'
Driver info: org.openqa.selenium.chrome.ChromeDriver
Command: [65da9265df4d35eb65067c0874332a31, findElement {using=xpath, value=[@class='toggle']/following-sibling ::label}]
Capabilities {acceptInsecureCerts: false, browserName: chrome, browserVersion: 118.0.5993.89, chrome: {chromedriverVersion: 118.0.5993.70 (e52f33f30b91..., userDataDir: C:\Users\AIN126\AppData\Loc...}, fedcm:accounts: true, goog:chromeOptions: {debuggerAddress: localhost:62687}, networkConnectionEnabled: false, pageLoadStrategy: normal, platformName: windows, proxy: Proxy(), se:cdp: ws://localhost:62687/devtoo..., se:cdpVersion: 118.0.5993.89, setWindowRect: true, strictFileInteractability: false, timeouts: {implicit: 0, pageLoad: 300000, script: 30000}, unhandledPromptBehavior: dismiss and notify, webauthn:extension:credBlob: true, webauthn:extension:largeBlob: true, webauthn:extension:minPinLength: true, webauthn:extension:prf: true, webauthn:virtualAuthenticators: true}
Session ID: 65da9265df4d35eb65067c0874332a31
2023-10-24 21:43:08,838 - Tests.TestCase1 -INFO - Successfully Launched the TODO MVC
2023-10-24 21:43:09,121 - Tests.TestCase1 -ERROR - Test Case Status is Fail due org.openqa.selenium.NoSuchElementException: no such element: Unable to locate element: {"method":"xpath","selector":"input[@class='toggle']/following-sibling :: label"}
  (Session info: chrome=118.0.5993.89)
For documentation on this error, please visit: https://www.selenium.dev/documentation/webdriver/troubleshooting/errors#no-such-element-exception
Build info: version: '4.14.1', revision: '03f8ede370'
System info: os.name: 'Windows 10', os.arch: 'amd64', os.version: '10.0', java.version: '18.0.2'
Driver info: org.openqa.selenium.chrome.ChromeDriver
Command: [19f9b307aa9c0c1fc559f3d8c2d03de1, findElement {using=xpath, value=input[@class='toggle']/following-sibling :: label}]
Capabilities {acceptInsecureCerts: false, browserName: chrome, browserVersion: 118.0.5993.89, chrome: {chromedriverVersion: 118.0.5993.70 (e52f33f30b91..., userDataDir: C:\Users\AIN126\AppData\Loc...}, fedcm:accounts: true, goog:chromeOptions: {debuggerAddress: localhost:63065}, networkConnectionEnabled: false, pageLoadStrategy: normal, platformName: windows, proxy: Proxy(), se:cdp: ws://localhost:63065/devtoo..., se:cdpVersion: 118.0.5993.89, setWindowRect: true, strictFileInteractability: false, timeouts: {implicit: 0, pageLoad: 300000, script: 30000}, unhandledPromptBehavior: dismiss and notify, webauthn:extension:credBlob: true, webauthn:extension:largeBlob: true, webauthn:extension:minPinLength: true, webauthn:extension:prf: true, webauthn:virtualAuthenticators: true}
Session ID: 19f9b307aa9c0c1fc559f3d8c2d03de1
2023-10-24 21:43:27,537 - Tests.TestCase1 -INFO - Successfully Launched the TODO MVC
2023-10-24 21:43:28,123 - Tests.TestCase1 -INFO - To Do Label is Displayed
2023-10-24 21:43:28,124 - Tests.TestCase1 -INFO - Adding the Tasks
2023-10-24 21:43:31,913 - Tests.TestCase1 -INFO - Tasks Added Successfully
2023-10-24 21:43:31,970 - Tests.TestCase1 -INFO - Verifying the added Tasks
2023-10-24 21:43:32,115 - Tests.TestCase1 -INFO - Added Tasks are displayed successfully
2023-10-24 21:43:33,677 - Tests.TestCase1 -INFO - Successfully Launched the TODO MVC
2023-10-24 21:43:33,869 - Tests.TestCase1 -ERROR - Test Case Status is Fail due org.openqa.selenium.NoSuchElementException: no such element: Unable to locate element: {"method":"xpath","selector":"input[@class='toggle']/following-sibling :: label"}
  (Session info: chrome=118.0.5993.89)
For documentation on this error, please visit: https://www.selenium.dev/documentation/webdriver/troubleshooting/errors#no-such-element-exception
Build info: version: '4.14.1', revision: '03f8ede370'
System info: os.name: 'Windows 10', os.arch: 'amd64', os.version: '10.0', java.version: '18.0.2'
Driver info: org.openqa.selenium.chrome.ChromeDriver
Command: [d5c43370992f9e5ed177c8df9e565861, findElement {using=xpath, value=input[@class='toggle']/following-sibling :: label}]
Capabilities {acceptInsecureCerts: false, browserName: chrome, browserVersion: 118.0.5993.89, chrome: {chromedriverVersion: 118.0.5993.70 (e52f33f30b91..., userDataDir: C:\Users\AIN126\AppData\Loc...}, fedcm:accounts: true, goog:chromeOptions: {debuggerAddress: localhost:63120}, networkConnectionEnabled: false, pageLoadStrategy: normal, platformName: windows, proxy: Proxy(), se:cdp: ws://localhost:63120/devtoo..., se:cdpVersion: 118.0.5993.89, setWindowRect: true, strictFileInteractability: false, timeouts: {implicit: 0, pageLoad: 300000, script: 30000}, unhandledPromptBehavior: dismiss and notify, webauthn:extension:credBlob: true, webauthn:extension:largeBlob: true, webauthn:extension:minPinLength: true, webauthn:extension:prf: true, webauthn:virtualAuthenticators: true}
Session ID: d5c43370992f9e5ed177c8df9e565861
2023-10-24 21:44:53,509 - Tests.TestCase1 -INFO - Successfully Launched the TODO MVC
2023-10-24 21:44:53,968 - Tests.TestCase1 -INFO - To Do Label is Displayed
2023-10-24 21:44:53,969 - Tests.TestCase1 -INFO - Adding the Tasks
2023-10-24 21:44:57,842 - Tests.TestCase1 -INFO - Tasks Added Successfully
2023-10-24 21:44:57,890 - Tests.TestCase1 -INFO - Verifying the added Tasks
2023-10-24 21:44:58,014 - Tests.TestCase1 -INFO - Added Tasks are displayed successfully
2023-10-24 21:44:58,060 - Tests.TestCase1 -ERROR - Test Case Status is Fail due org.openqa.selenium.NoSuchElementException: no such element: Unable to locate element: {"method":"xpath","selector":"input[@class='toggle']/following-sibling :: label"}
  (Session info: chrome=118.0.5993.89)
For documentation on this error, please visit: https://www.selenium.dev/documentation/webdriver/troubleshooting/errors#no-such-element-exception
Build info: version: '4.14.1', revision: '03f8ede370'
System info: os.name: 'Windows 10', os.arch: 'amd64', os.version: '10.0', java.version: '18.0.2'
Driver info: org.openqa.selenium.chrome.ChromeDriver
Command: [b562af646e4b73f9ef063e8f9747a3db, findElement {using=xpath, value=input[@class='toggle']/following-sibling :: label}]
Capabilities {acceptInsecureCerts: false, browserName: chrome, browserVersion: 118.0.5993.89, chrome: {chromedriverVersion: 118.0.5993.70 (e52f33f30b91..., userDataDir: C:\Users\AIN126\AppData\Loc...}, fedcm:accounts: true, goog:chromeOptions: {debuggerAddress: localhost:63197}, networkConnectionEnabled: false, pageLoadStrategy: normal, platformName: windows, proxy: Proxy(), se:cdp: ws://localhost:63197/devtoo..., se:cdpVersion: 118.0.5993.89, setWindowRect: true, strictFileInteractability: false, timeouts: {implicit: 0, pageLoad: 300000, script: 30000}, unhandledPromptBehavior: dismiss and notify, webauthn:extension:credBlob: true, webauthn:extension:largeBlob: true, webauthn:extension:minPinLength: true, webauthn:extension:prf: true, webauthn:virtualAuthenticators: true}
Session ID: b562af646e4b73f9ef063e8f9747a3db
2023-10-24 22:00:01,388 - Tests.TestCase1 -INFO - Successfully Launched the TODO MVC
2023-10-24 22:00:01,913 - Tests.TestCase1 -INFO - To Do Label is Displayed
2023-10-24 22:00:01,914 - Tests.TestCase1 -INFO - Adding the Tasks
2023-10-24 22:00:05,647 - Tests.TestCase1 -INFO - Tasks Added Successfully
2023-10-24 22:00:05,709 - Tests.TestCase1 -INFO - Verifying the added Tasks
2023-10-24 22:00:05,847 - Tests.TestCase1 -INFO - Added Tasks are displayed successfully
2023-10-24 22:02:42,156 - Tests.TestCase1 -INFO - Successfully Launched the TODO MVC
2023-10-24 22:02:42,690 - Tests.TestCase1 -INFO - To Do Label is Displayed
2023-10-24 22:02:42,691 - Tests.TestCase1 -INFO - Adding the Tasks
2023-10-24 22:02:46,665 - Tests.TestCase1 -INFO - Tasks Added Successfully
2023-10-24 22:02:46,724 - Tests.TestCase1 -INFO - Verifying the added Tasks
2023-10-24 22:02:46,851 - Tests.TestCase1 -INFO - Added Tasks are displayed successfully
2023-10-24 22:09:49,969 - Tests.TestCase1 -INFO - Successfully Launched the TODO MVC
2023-10-24 22:09:50,541 - Tests.TestCase1 -INFO - To Do Label is Displayed
2023-10-24 22:09:50,543 - Tests.TestCase1 -INFO - Adding the Tasks
2023-10-24 22:09:54,331 - Tests.TestCase1 -INFO - Tasks Added Successfully
2023-10-24 22:09:54,391 - Tests.TestCase1 -INFO - Verifying the added Tasks
2023-10-24 22:09:54,519 - Tests.TestCase1 -INFO - Added Tasks are displayed successfully
2023-10-24 22:09:54,695 - Tests.TestCase1 -ERROR - Test Case Status is Fail due org.openqa.selenium.ElementNotInteractableException: element not interactable
  (Session info: chrome=118.0.5993.89)
Build info: version: '4.14.1', revision: '03f8ede370'
System info: os.name: 'Windows 10', os.arch: 'amd64', os.version: '10.0', java.version: '18.0.2'
Driver info: org.openqa.selenium.chrome.ChromeDriver
Command: [3bdd0268a8eee321da9bea2598d0e9e9, clickElement {id=C6E6FF7CE28118167A6F054E214BD6EC_element_22}]
Capabilities {acceptInsecureCerts: false, browserName: chrome, browserVersion: 118.0.5993.89, chrome: {chromedriverVersion: 118.0.5993.70 (e52f33f30b91..., userDataDir: C:\Users\AIN126\AppData\Loc...}, fedcm:accounts: true, goog:chromeOptions: {debuggerAddress: localhost:64090}, networkConnectionEnabled: false, pageLoadStrategy: normal, platformName: windows, proxy: Proxy(), se:cdp: ws://localhost:64090/devtoo..., se:cdpVersion: 118.0.5993.89, setWindowRect: true, strictFileInteractability: false, timeouts: {implicit: 0, pageLoad: 300000, script: 30000}, unhandledPromptBehavior: dismiss and notify, webauthn:extension:credBlob: true, webauthn:extension:largeBlob: true, webauthn:extension:minPinLength: true, webauthn:extension:prf: true, webauthn:virtualAuthenticators: true}
Element: [[[[ChromeDriver: chrome on windows (3bdd0268a8eee321da9bea2598d0e9e9)] -> xpath: //input[@class="toggle"]/following-sibling ::label]] -> xpath: //following-sibling::button]
Session ID: 3bdd0268a8eee321da9bea2598d0e9e9
2023-10-24 22:17:51,505 - Tests.TestCase1 -INFO - Successfully Launched the TODO MVC
2023-10-24 22:17:51,882 - Tests.TestCase1 -INFO - To Do Label is Displayed
2023-10-24 22:17:51,883 - Tests.TestCase1 -INFO - Adding the Tasks
2023-10-24 22:17:55,620 - Tests.TestCase1 -INFO - Tasks Added Successfully
2023-10-24 22:17:55,681 - Tests.TestCase1 -INFO - Verifying the added Tasks
2023-10-24 22:17:55,799 - Tests.TestCase1 -INFO - Added Tasks are displayed successfully
2023-10-24 22:18:38,462 - Tests.TestCase1 -INFO - Successfully Launched the TODO MVC
2023-10-24 22:18:38,828 - Tests.TestCase1 -INFO - To Do Label is Displayed
2023-10-24 22:18:38,829 - Tests.TestCase1 -INFO - Adding the Tasks
2023-10-24 22:18:42,735 - Tests.TestCase1 -INFO - Tasks Added Successfully
2023-10-24 22:18:42,794 - Tests.TestCase1 -INFO - Verifying the added Tasks
2023-10-24 22:18:42,925 - Tests.TestCase1 -INFO - Added Tasks are displayed successfully
2023-10-24 22:28:14,208 - Tests.TestCase1 -INFO - Successfully Launched the TODO MVC
2023-10-24 22:28:14,710 - Tests.TestCase1 -INFO - To Do Label is Displayed
2023-10-24 22:28:14,711 - Tests.TestCase1 -INFO - Adding the Tasks
2023-10-24 22:28:18,491 - Tests.TestCase1 -INFO - Tasks Added Successfully
2023-10-24 22:28:18,545 - Tests.TestCase1 -INFO - Verifying the added Tasks
2023-10-24 22:28:18,671 - Tests.TestCase1 -INFO - Added Tasks are displayed successfully
2023-10-24 22:28:18,734 - Tests.TestCase1 -ERROR - Test Case Status is Fail due org.openqa.selenium.InvalidSelectorException: invalid selector: Unable to locate an element with the xpath expression //label[@text()= 'T2']/following-sibling ::button) because of the following error:
SyntaxError: Failed to execute 'evaluate' on 'Document': The string '//label[@text()= 'T2']/following-sibling ::button)' is not a valid XPath expression.
  (Session info: chrome=118.0.5993.89)
For documentation on this error, please visit: https://www.selenium.dev/documentation/webdriver/troubleshooting/errors#invalid-selector-exception
Build info: version: '4.14.1', revision: '03f8ede370'
System info: os.name: 'Windows 10', os.arch: 'amd64', os.version: '10.0', java.version: '18.0.2'
Driver info: org.openqa.selenium.chrome.ChromeDriver
Command: [ff6792867542b24689c6f8895a4bc541, findElement {using=xpath, value=//label[@text()= 'T2']/following-sibling ::button)}]
Capabilities {acceptInsecureCerts: false, browserName: chrome, browserVersion: 118.0.5993.89, chrome: {chromedriverVersion: 118.0.5993.70 (e52f33f30b91..., userDataDir: C:\Users\AIN126\AppData\Loc...}, fedcm:accounts: true, goog:chromeOptions: {debuggerAddress: localhost:49216}, networkConnectionEnabled: false, pageLoadStrategy: normal, platformName: windows, proxy: Proxy(), se:cdp: ws://localhost:49216/devtoo..., se:cdpVersion: 118.0.5993.89, setWindowRect: true, strictFileInteractability: false, timeouts: {implicit: 0, pageLoad: 300000, script: 30000}, unhandledPromptBehavior: dismiss and notify, webauthn:extension:credBlob: true, webauthn:extension:largeBlob: true, webauthn:extension:minPinLength: true, webauthn:extension:prf: true, webauthn:virtualAuthenticators: true}
Session ID: ff6792867542b24689c6f8895a4bc541
2023-10-24 22:32:42,627 - Tests.TestCase1 -INFO - Exception is : Please check URL entered org.openqa.selenium.WebDriverException: unknown error: net::ERR_INTERNET_DISCONNECTED
  (Session info: chrome=118.0.5993.89)
Build info: version: '4.14.1', revision: '03f8ede370'
System info: os.name: 'Windows 10', os.arch: 'amd64', os.version: '10.0', java.version: '18.0.2'
Driver info: org.openqa.selenium.chrome.ChromeDriver
Command: [4ddc79288a7eefc5fd95e170d546bf25, get {url=https://todomvc.com/examples/vue/}]
Capabilities {acceptInsecureCerts: false, browserName: chrome, browserVersion: 118.0.5993.89, chrome: {chromedriverVersion: 118.0.5993.70 (e52f33f30b91..., userDataDir: C:\Users\AIN126\AppData\Loc...}, fedcm:accounts: true, goog:chromeOptions: {debuggerAddress: localhost:49789}, networkConnectionEnabled: false, pageLoadStrategy: normal, platformName: windows, proxy: Proxy(), se:cdp: ws://localhost:49789/devtoo..., se:cdpVersion: 118.0.5993.89, setWindowRect: true, strictFileInteractability: false, timeouts: {implicit: 0, pageLoad: 300000, script: 30000}, unhandledPromptBehavior: dismiss and notify, webauthn:extension:credBlob: true, webauthn:extension:largeBlob: true, webauthn:extension:minPinLength: true, webauthn:extension:prf: true, webauthn:virtualAuthenticators: true}
Session ID: 4ddc79288a7eefc5fd95e170d546bf25
2023-10-24 22:32:42,861 - Tests.TestCase1 -ERROR - Test Case Status is Fail due org.openqa.selenium.NoSuchElementException: no such element: Unable to locate element: {"method":"xpath","selector":"//h1[contains(text(),'todos')]"}
  (Session info: chrome=118.0.5993.89)
For documentation on this error, please visit: https://www.selenium.dev/documentation/webdriver/troubleshooting/errors#no-such-element-exception
Build info: version: '4.14.1', revision: '03f8ede370'
System info: os.name: 'Windows 10', os.arch: 'amd64', os.version: '10.0', java.version: '18.0.2'
Driver info: org.openqa.selenium.chrome.ChromeDriver
Command: [4ddc79288a7eefc5fd95e170d546bf25, findElement {using=xpath, value=//h1[contains(text(),'todos')]}]
Capabilities {acceptInsecureCerts: false, browserName: chrome, browserVersion: 118.0.5993.89, chrome: {chromedriverVersion: 118.0.5993.70 (e52f33f30b91..., userDataDir: C:\Users\AIN126\AppData\Loc...}, fedcm:accounts: true, goog:chromeOptions: {debuggerAddress: localhost:49789}, networkConnectionEnabled: false, pageLoadStrategy: normal, platformName: windows, proxy: Proxy(), se:cdp: ws://localhost:49789/devtoo..., se:cdpVersion: 118.0.5993.89, setWindowRect: true, strictFileInteractability: false, timeouts: {implicit: 0, pageLoad: 300000, script: 30000}, unhandledPromptBehavior: dismiss and notify, webauthn:extension:credBlob: true, webauthn:extension:largeBlob: true, webauthn:extension:minPinLength: true, webauthn:extension:prf: true, webauthn:virtualAuthenticators: true}
Session ID: 4ddc79288a7eefc5fd95e170d546bf25
2023-10-25 10:59:53,506 - Tests.TestCase1 -INFO - Successfully Launched the TODO MVC
2023-10-25 10:59:53,811 - Tests.TestCase1 -INFO - To Do Label is Displayed
2023-10-25 10:59:53,812 - Tests.TestCase1 -INFO - Adding the Tasks
2023-10-25 10:59:57,334 - Tests.TestCase1 -INFO - Tasks Added Successfully
2023-10-25 10:59:57,369 - Tests.TestCase1 -INFO - Verifying the added Tasks
2023-10-25 10:59:57,501 - Tests.TestCase1 -INFO - Added Tasks are displayed successfully
2023-10-25 10:59:57,532 - Tests.TestCase1 -ERROR - Test Case Status is Fail due org.openqa.selenium.InvalidSelectorException: invalid selector: Unable to locate an element with the xpath expression //label[contains(text(), 'T2']/following-sibling ::button) because of the following error:
SyntaxError: Failed to execute 'evaluate' on 'Document': The string '//label[contains(text(), 'T2']/following-sibling ::button)' is not a valid XPath expression.
  (Session info: chrome=118.0.5993.89)
For documentation on this error, please visit: https://www.selenium.dev/documentation/webdriver/troubleshooting/errors#invalid-selector-exception
Build info: version: '4.14.1', revision: '03f8ede370'
System info: os.name: 'Windows 10', os.arch: 'amd64', os.version: '10.0', java.version: '18.0.2'
Driver info: org.openqa.selenium.chrome.ChromeDriver
Command: [d422216e10896853aae328a82ee12a70, findElement {using=xpath, value=//label[contains(text(), 'T2']/following-sibling ::button)}]
Capabilities {acceptInsecureCerts: false, browserName: chrome, browserVersion: 118.0.5993.89, chrome: {chromedriverVersion: 118.0.5993.70 (e52f33f30b91..., userDataDir: C:\Users\AIN126\AppData\Loc...}, fedcm:accounts: true, goog:chromeOptions: {debuggerAddress: localhost:50525}, networkConnectionEnabled: false, pageLoadStrategy: normal, platformName: windows, proxy: Proxy(), se:cdp: ws://localhost:50525/devtoo..., se:cdpVersion: 118.0.5993.89, setWindowRect: true, strictFileInteractability: false, timeouts: {implicit: 0, pageLoad: 300000, script: 30000}, unhandledPromptBehavior: dismiss and notify, webauthn:extension:credBlob: true, webauthn:extension:largeBlob: true, webauthn:extension:minPinLength: true, webauthn:extension:prf: true, webauthn:virtualAuthenticators: true}
Session ID: d422216e10896853aae328a82ee12a70
2023-10-25 11:16:23,605 - Tests.TestCase1 -INFO - Successfully Launched the TODO MVC
2023-10-25 11:16:23,899 - Tests.TestCase1 -INFO - To Do Label is Displayed
2023-10-25 11:16:23,900 - Tests.TestCase1 -INFO - Adding the Tasks
2023-10-25 11:16:27,458 - Tests.TestCase1 -INFO - Tasks Added Successfully
2023-10-25 11:16:27,487 - Tests.TestCase1 -INFO - Verifying the added Tasks
2023-10-25 11:16:27,570 - Tests.TestCase1 -INFO - Added Tasks are displayed successfully
2023-10-25 11:16:27,597 - Tests.TestCase1 -ERROR - Test Case Status is Fail due org.openqa.selenium.InvalidSelectorException: invalid selector: Unable to locate an element with the xpath expression //label[text(), 'T2']/following-sibling ::button) because of the following error:
SyntaxError: Failed to execute 'evaluate' on 'Document': The string '//label[text(), 'T2']/following-sibling ::button)' is not a valid XPath expression.
  (Session info: chrome=118.0.5993.89)
For documentation on this error, please visit: https://www.selenium.dev/documentation/webdriver/troubleshooting/errors#invalid-selector-exception
Build info: version: '4.14.1', revision: '03f8ede370'
System info: os.name: 'Windows 10', os.arch: 'amd64', os.version: '10.0', java.version: '18.0.2'
Driver info: org.openqa.selenium.chrome.ChromeDriver
Command: [4c3f11a11f92127eb8bb3a2f6887d900, findElement {using=xpath, value=//label[text(), 'T2']/following-sibling ::button)}]
Capabilities {acceptInsecureCerts: false, browserName: chrome, browserVersion: 118.0.5993.89, chrome: {chromedriverVersion: 118.0.5993.70 (e52f33f30b91..., userDataDir: C:\Users\AIN126\AppData\Loc...}, fedcm:accounts: true, goog:chromeOptions: {debuggerAddress: localhost:51188}, networkConnectionEnabled: false, pageLoadStrategy: normal, platformName: windows, proxy: Proxy(), se:cdp: ws://localhost:51188/devtoo..., se:cdpVersion: 118.0.5993.89, setWindowRect: true, strictFileInteractability: false, timeouts: {implicit: 0, pageLoad: 300000, script: 30000}, unhandledPromptBehavior: dismiss and notify, webauthn:extension:credBlob: true, webauthn:extension:largeBlob: true, webauthn:extension:minPinLength: true, webauthn:extension:prf: true, webauthn:virtualAuthenticators: true}
Session ID: 4c3f11a11f92127eb8bb3a2f6887d900
2023-10-25 11:17:27,657 - Tests.TestCase1 -INFO - Successfully Launched the TODO MVC
2023-10-25 11:17:28,012 - Tests.TestCase1 -INFO - To Do Label is Displayed
2023-10-25 11:17:28,012 - Tests.TestCase1 -INFO - Adding the Tasks
2023-10-25 11:17:31,551 - Tests.TestCase1 -INFO - Tasks Added Successfully
2023-10-25 11:17:31,580 - Tests.TestCase1 -INFO - Verifying the added Tasks
2023-10-25 11:17:31,660 - Tests.TestCase1 -INFO - Added Tasks are displayed successfully
2023-10-25 11:17:31,686 - Tests.TestCase1 -ERROR - Test Case Status is Fail due org.openqa.selenium.InvalidSelectorException: invalid selector: Unable to locate an element with the xpath expression //label[text(),'T2']/following-sibling::button) because of the following error:
SyntaxError: Failed to execute 'evaluate' on 'Document': The string '//label[text(),'T2']/following-sibling::button)' is not a valid XPath expression.
  (Session info: chrome=118.0.5993.89)
For documentation on this error, please visit: https://www.selenium.dev/documentation/webdriver/troubleshooting/errors#invalid-selector-exception
Build info: version: '4.14.1', revision: '03f8ede370'
System info: os.name: 'Windows 10', os.arch: 'amd64', os.version: '10.0', java.version: '18.0.2'
Driver info: org.openqa.selenium.chrome.ChromeDriver
Command: [07a793e8ec9361e5973294b968b2c312, findElement {using=xpath, value=//label[text(),'T2']/following-sibling::button)}]
Capabilities {acceptInsecureCerts: false, browserName: chrome, browserVersion: 118.0.5993.89, chrome: {chromedriverVersion: 118.0.5993.70 (e52f33f30b91..., userDataDir: C:\Users\AIN126\AppData\Loc...}, fedcm:accounts: true, goog:chromeOptions: {debuggerAddress: localhost:51249}, networkConnectionEnabled: false, pageLoadStrategy: normal, platformName: windows, proxy: Proxy(), se:cdp: ws://localhost:51249/devtoo..., se:cdpVersion: 118.0.5993.89, setWindowRect: true, strictFileInteractability: false, timeouts: {implicit: 0, pageLoad: 300000, script: 30000}, unhandledPromptBehavior: dismiss and notify, webauthn:extension:credBlob: true, webauthn:extension:largeBlob: true, webauthn:extension:minPinLength: true, webauthn:extension:prf: true, webauthn:virtualAuthenticators: true}
Session ID: 07a793e8ec9361e5973294b968b2c312
2023-10-25 11:22:28,552 - Tests.TestCase1 -INFO - Successfully Launched the TODO MVC
2023-10-25 11:22:28,956 - Tests.TestCase1 -INFO - To Do Label is Displayed
2023-10-25 11:22:28,956 - Tests.TestCase1 -INFO - Adding the Tasks
2023-10-25 11:22:32,473 - Tests.TestCase1 -INFO - Tasks Added Successfully
2023-10-25 11:22:32,502 - Tests.TestCase1 -INFO - Verifying the added Tasks
2023-10-25 11:22:32,577 - Tests.TestCase1 -INFO - Added Tasks are displayed successfully
2023-10-25 11:26:40,003 - Tests.TestCase1 -INFO - Successfully Launched the TODO MVC
2023-10-25 11:26:40,298 - Tests.TestCase1 -INFO - To Do Label is Displayed
2023-10-25 11:26:40,299 - Tests.TestCase1 -INFO - Adding the Tasks
2023-10-25 11:26:44,323 - Tests.TestCase1 -INFO - Tasks Added Successfully
2023-10-25 11:26:44,351 - Tests.TestCase1 -INFO - Verifying the added Tasks
2023-10-25 11:26:44,444 - Tests.TestCase1 -INFO - Added Tasks are displayed successfully
2023-10-25 11:28:28,248 - Tests.TestCase1 -INFO - Successfully Launched the TODO MVC
2023-10-25 11:28:29,157 - Tests.TestCase1 -INFO - To Do Label is Displayed
2023-10-25 11:28:29,158 - Tests.TestCase1 -INFO - Adding the Tasks
2023-10-25 11:28:32,676 - Tests.TestCase1 -INFO - Tasks Added Successfully
2023-10-25 11:28:32,706 - Tests.TestCase1 -INFO - Verifying the added Tasks
2023-10-25 11:28:32,798 - Tests.TestCase1 -INFO - Added Tasks are displayed successfully
2023-10-25 11:28:32,824 - Tests.TestCase1 -ERROR - Test Case Status is Fail due org.openqa.selenium.InvalidSelectorException: invalid selector: Unable to locate an element with the xpath expression //label[text(),'T2']/preceding-sibling:: input) because of the following error:
SyntaxError: Failed to execute 'evaluate' on 'Document': The string '//label[text(),'T2']/preceding-sibling:: input)' is not a valid XPath expression.
  (Session info: chrome=118.0.5993.89)
For documentation on this error, please visit: https://www.selenium.dev/documentation/webdriver/troubleshooting/errors#invalid-selector-exception
Build info: version: '4.14.1', revision: '03f8ede370'
System info: os.name: 'Windows 10', os.arch: 'amd64', os.version: '10.0', java.version: '18.0.2'
Driver info: org.openqa.selenium.chrome.ChromeDriver
Command: [04d40b2f0a30318ee8178b43e420347b, findElement {using=xpath, value=//label[text(),'T2']/preceding-sibling:: input)}]
Capabilities {acceptInsecureCerts: false, browserName: chrome, browserVersion: 118.0.5993.89, chrome: {chromedriverVersion: 118.0.5993.70 (e52f33f30b91..., userDataDir: C:\Users\AIN126\AppData\Loc...}, fedcm:accounts: true, goog:chromeOptions: {debuggerAddress: localhost:51698}, networkConnectionEnabled: false, pageLoadStrategy: normal, platformName: windows, proxy: Proxy(), se:cdp: ws://localhost:51698/devtoo..., se:cdpVersion: 118.0.5993.89, setWindowRect: true, strictFileInteractability: false, timeouts: {implicit: 0, pageLoad: 300000, script: 30000}, unhandledPromptBehavior: dismiss and notify, webauthn:extension:credBlob: true, webauthn:extension:largeBlob: true, webauthn:extension:minPinLength: true, webauthn:extension:prf: true, webauthn:virtualAuthenticators: true}
Session ID: 04d40b2f0a30318ee8178b43e420347b
2023-10-25 11:36:57,626 - Tests.TestCase1 -INFO - Successfully Launched the TODO MVC
2023-10-25 11:36:57,916 - Tests.TestCase1 -INFO - To Do Label is Displayed
2023-10-25 11:36:57,917 - Tests.TestCase1 -INFO - Adding the Tasks
2023-10-25 11:37:01,381 - Tests.TestCase1 -INFO - Tasks Added Successfully
2023-10-25 11:37:01,409 - Tests.TestCase1 -INFO - Verifying the added Tasks
2023-10-25 11:37:01,494 - Tests.TestCase1 -INFO - Added Tasks are displayed successfully
2023-10-25 11:37:01,523 - Tests.TestCase1 -ERROR - Test Case Status is Fail due org.openqa.selenium.InvalidSelectorException: invalid selector: Unable to locate an element with the xpath expression //label[text(),'T2']/preceding-sibling::input) because of the following error:
SyntaxError: Failed to execute 'evaluate' on 'Document': The string '//label[text(),'T2']/preceding-sibling::input)' is not a valid XPath expression.
  (Session info: chrome=118.0.5993.89)
For documentation on this error, please visit: https://www.selenium.dev/documentation/webdriver/troubleshooting/errors#invalid-selector-exception
Build info: version: '4.14.1', revision: '03f8ede370'
System info: os.name: 'Windows 10', os.arch: 'amd64', os.version: '10.0', java.version: '18.0.2'
Driver info: org.openqa.selenium.chrome.ChromeDriver
Command: [0e79f8cdd120f73f4223ce60c89a9076, findElement {using=xpath, value=//label[text(),'T2']/preceding-sibling::input)}]
Capabilities {acceptInsecureCerts: false, browserName: chrome, browserVersion: 118.0.5993.89, chrome: {chromedriverVersion: 118.0.5993.70 (e52f33f30b91..., userDataDir: C:\Users\AIN126\AppData\Loc...}, fedcm:accounts: true, goog:chromeOptions: {debuggerAddress: localhost:51980}, networkConnectionEnabled: false, pageLoadStrategy: normal, platformName: windows, proxy: Proxy(), se:cdp: ws://localhost:51980/devtoo..., se:cdpVersion: 118.0.5993.89, setWindowRect: true, strictFileInteractability: false, timeouts: {implicit: 0, pageLoad: 300000, script: 30000}, unhandledPromptBehavior: dismiss and notify, webauthn:extension:credBlob: true, webauthn:extension:largeBlob: true, webauthn:extension:minPinLength: true, webauthn:extension:prf: true, webauthn:virtualAuthenticators: true}
Session ID: 0e79f8cdd120f73f4223ce60c89a9076
2023-10-25 11:38:10,909 - Tests.TestCase1 -INFO - Successfully Launched the TODO MVC
2023-10-25 11:38:11,281 - Tests.TestCase1 -INFO - To Do Label is Displayed
2023-10-25 11:38:11,282 - Tests.TestCase1 -INFO - Adding the Tasks
2023-10-25 11:38:14,774 - Tests.TestCase1 -INFO - Tasks Added Successfully
2023-10-25 11:38:14,803 - Tests.TestCase1 -INFO - Verifying the added Tasks
2023-10-25 11:38:14,890 - Tests.TestCase1 -INFO - Added Tasks are displayed successfully
2023-10-25 11:38:14,918 - Tests.TestCase1 -ERROR - Test Case Status is Fail due org.openqa.selenium.InvalidSelectorException: invalid selector: Unable to locate an element with the xpath expression //label[text()='T2']/preceding-sibling::input) because of the following error:
SyntaxError: Failed to execute 'evaluate' on 'Document': The string '//label[text()='T2']/preceding-sibling::input)' is not a valid XPath expression.
  (Session info: chrome=118.0.5993.89)
For documentation on this error, please visit: https://www.selenium.dev/documentation/webdriver/troubleshooting/errors#invalid-selector-exception
Build info: version: '4.14.1', revision: '03f8ede370'
System info: os.name: 'Windows 10', os.arch: 'amd64', os.version: '10.0', java.version: '18.0.2'
Driver info: org.openqa.selenium.chrome.ChromeDriver
Command: [306897b92c0f8cc29cc571b30e04792e, findElement {using=xpath, value=//label[text()='T2']/preceding-sibling::input)}]
Capabilities {acceptInsecureCerts: false, browserName: chrome, browserVersion: 118.0.5993.89, chrome: {chromedriverVersion: 118.0.5993.70 (e52f33f30b91..., userDataDir: C:\Users\AIN126\AppData\Loc...}, fedcm:accounts: true, goog:chromeOptions: {debuggerAddress: localhost:52053}, networkConnectionEnabled: false, pageLoadStrategy: normal, platformName: windows, proxy: Proxy(), se:cdp: ws://localhost:52053/devtoo..., se:cdpVersion: 118.0.5993.89, setWindowRect: true, strictFileInteractability: false, timeouts: {implicit: 0, pageLoad: 300000, script: 30000}, unhandledPromptBehavior: dismiss and notify, webauthn:extension:credBlob: true, webauthn:extension:largeBlob: true, webauthn:extension:minPinLength: true, webauthn:extension:prf: true, webauthn:virtualAuthenticators: true}
Session ID: 306897b92c0f8cc29cc571b30e04792e
2023-10-25 11:46:34,760 - Tests.TestCase1 -INFO - Successfully Launched the TODO MVC
2023-10-25 11:46:35,127 - Tests.TestCase1 -INFO - To Do Label is Displayed
2023-10-25 11:46:35,128 - Tests.TestCase1 -INFO - Adding the Tasks
2023-10-25 11:46:38,641 - Tests.TestCase1 -INFO - Tasks Added Successfully
2023-10-25 11:46:38,667 - Tests.TestCase1 -INFO - Verifying the added Tasks
2023-10-25 11:46:38,751 - Tests.TestCase1 -INFO - Added Tasks are displayed successfully
2023-10-25 11:46:38,778 - Tests.TestCase1 -ERROR - Test Case Status is Fail due org.openqa.selenium.InvalidSelectorException: invalid selector: Unable to locate an element with the xpath expression //label[text()='T2']/preceding-sibling::input) because of the following error:
SyntaxError: Failed to execute 'evaluate' on 'Document': The string '//label[text()='T2']/preceding-sibling::input)' is not a valid XPath expression.
  (Session info: chrome=118.0.5993.89)
For documentation on this error, please visit: https://www.selenium.dev/documentation/webdriver/troubleshooting/errors#invalid-selector-exception
Build info: version: '4.14.1', revision: '03f8ede370'
System info: os.name: 'Windows 10', os.arch: 'amd64', os.version: '10.0', java.version: '18.0.2'
Driver info: org.openqa.selenium.chrome.ChromeDriver
Command: [448ae368642662ca57cd8599663831e9, findElement {using=xpath, value=//label[text()='T2']/preceding-sibling::input)}]
Capabilities {acceptInsecureCerts: false, browserName: chrome, browserVersion: 118.0.5993.89, chrome: {chromedriverVersion: 118.0.5993.70 (e52f33f30b91..., userDataDir: C:\Users\AIN126\AppData\Loc...}, fedcm:accounts: true, goog:chromeOptions: {debuggerAddress: localhost:52364}, networkConnectionEnabled: false, pageLoadStrategy: normal, platformName: windows, proxy: Proxy(), se:cdp: ws://localhost:52364/devtoo..., se:cdpVersion: 118.0.5993.89, setWindowRect: true, strictFileInteractability: false, timeouts: {implicit: 0, pageLoad: 300000, script: 30000}, unhandledPromptBehavior: dismiss and notify, webauthn:extension:credBlob: true, webauthn:extension:largeBlob: true, webauthn:extension:minPinLength: true, webauthn:extension:prf: true, webauthn:virtualAuthenticators: true}
Session ID: 448ae368642662ca57cd8599663831e9
2023-10-25 11:47:44,805 - Tests.TestCase1 -INFO - Successfully Launched the TODO MVC
2023-10-25 11:47:45,084 - Tests.TestCase1 -INFO - To Do Label is Displayed
2023-10-25 11:47:45,085 - Tests.TestCase1 -INFO - Adding the Tasks
2023-10-25 11:47:48,595 - Tests.TestCase1 -INFO - Tasks Added Successfully
2023-10-25 11:47:48,626 - Tests.TestCase1 -INFO - Verifying the added Tasks
2023-10-25 11:47:48,705 - Tests.TestCase1 -INFO - Added Tasks are displayed successfully
2023-10-25 11:47:48,733 - Tests.TestCase1 -ERROR - Test Case Status is Fail due org.openqa.selenium.InvalidSelectorException: invalid selector: Unable to locate an element with the xpath expression //label[text()='T2']/preceding-sibling::input) because of the following error:
SyntaxError: Failed to execute 'evaluate' on 'Document': The string '//label[text()='T2']/preceding-sibling::input)' is not a valid XPath expression.
  (Session info: chrome=118.0.5993.89)
For documentation on this error, please visit: https://www.selenium.dev/documentation/webdriver/troubleshooting/errors#invalid-selector-exception
Build info: version: '4.14.1', revision: '03f8ede370'
System info: os.name: 'Windows 10', os.arch: 'amd64', os.version: '10.0', java.version: '18.0.2'
Driver info: org.openqa.selenium.chrome.ChromeDriver
Command: [267fff21699ba19bb7dcd358a2ba2cb2, findElement {using=xpath, value=//label[text()='T2']/preceding-sibling::input)}]
Capabilities {acceptInsecureCerts: false, browserName: chrome, browserVersion: 118.0.5993.89, chrome: {chromedriverVersion: 118.0.5993.70 (e52f33f30b91..., userDataDir: C:\Users\AIN126\AppData\Loc...}, fedcm:accounts: true, goog:chromeOptions: {debuggerAddress: localhost:52428}, networkConnectionEnabled: false, pageLoadStrategy: normal, platformName: windows, proxy: Proxy(), se:cdp: ws://localhost:52428/devtoo..., se:cdpVersion: 118.0.5993.89, setWindowRect: true, strictFileInteractability: false, timeouts: {implicit: 0, pageLoad: 300000, script: 30000}, unhandledPromptBehavior: dismiss and notify, webauthn:extension:credBlob: true, webauthn:extension:largeBlob: true, webauthn:extension:minPinLength: true, webauthn:extension:prf: true, webauthn:virtualAuthenticators: true}
Session ID: 267fff21699ba19bb7dcd358a2ba2cb2
2023-10-25 11:49:34,720 - Tests.TestCase1 -INFO - Successfully Launched the TODO MVC
2023-10-25 11:49:35,029 - Tests.TestCase1 -INFO - To Do Label is Displayed
2023-10-25 11:49:35,030 - Tests.TestCase1 -INFO - Adding the Tasks
2023-10-25 11:49:38,485 - Tests.TestCase1 -INFO - Tasks Added Successfully
2023-10-25 11:49:38,514 - Tests.TestCase1 -INFO - Verifying the added Tasks
2023-10-25 11:49:38,612 - Tests.TestCase1 -INFO - Added Tasks are displayed successfully
2023-10-25 11:49:38,640 - Tests.TestCase1 -ERROR - Test Case Status is Fail due org.openqa.selenium.InvalidSelectorException: invalid selector: Unable to locate an element with the xpath expression //label[text()='T1']/preceding-sibling::input) because of the following error:
SyntaxError: Failed to execute 'evaluate' on 'Document': The string '//label[text()='T1']/preceding-sibling::input)' is not a valid XPath expression.
  (Session info: chrome=118.0.5993.89)
For documentation on this error, please visit: https://www.selenium.dev/documentation/webdriver/troubleshooting/errors#invalid-selector-exception
Build info: version: '4.14.1', revision: '03f8ede370'
System info: os.name: 'Windows 10', os.arch: 'amd64', os.version: '10.0', java.version: '18.0.2'
Driver info: org.openqa.selenium.chrome.ChromeDriver
Command: [026d468e3676d70f587bbacc06c9c1af, findElement {using=xpath, value=//label[text()='T1']/preceding-sibling::input)}]
Capabilities {acceptInsecureCerts: false, browserName: chrome, browserVersion: 118.0.5993.89, chrome: {chromedriverVersion: 118.0.5993.70 (e52f33f30b91..., userDataDir: C:\Users\AIN126\AppData\Loc...}, fedcm:accounts: true, goog:chromeOptions: {debuggerAddress: localhost:52508}, networkConnectionEnabled: false, pageLoadStrategy: normal, platformName: windows, proxy: Proxy(), se:cdp: ws://localhost:52508/devtoo..., se:cdpVersion: 118.0.5993.89, setWindowRect: true, strictFileInteractability: false, timeouts: {implicit: 0, pageLoad: 300000, script: 30000}, unhandledPromptBehavior: dismiss and notify, webauthn:extension:credBlob: true, webauthn:extension:largeBlob: true, webauthn:extension:minPinLength: true, webauthn:extension:prf: true, webauthn:virtualAuthenticators: true}
Session ID: 026d468e3676d70f587bbacc06c9c1af
2023-10-25 11:51:01,729 - Tests.TestCase1 -INFO - Successfully Launched the TODO MVC
2023-10-25 11:51:02,084 - Tests.TestCase1 -INFO - To Do Label is Displayed
2023-10-25 11:51:02,084 - Tests.TestCase1 -INFO - Adding the Tasks
2023-10-25 11:51:05,539 - Tests.TestCase1 -INFO - Tasks Added Successfully
2023-10-25 11:51:05,568 - Tests.TestCase1 -INFO - Verifying the added Tasks
2023-10-25 11:51:05,664 - Tests.TestCase1 -INFO - Added Tasks are displayed successfully
2023-10-25 11:51:05,691 - Tests.TestCase1 -ERROR - Test Case Status is Fail due org.openqa.selenium.InvalidSelectorException: invalid selector: Unable to locate an element with the xpath expression //label[text()='T1']/preceding-sibling::input) because of the following error:
SyntaxError: Failed to execute 'evaluate' on 'Document': The string '//label[text()='T1']/preceding-sibling::input)' is not a valid XPath expression.
  (Session info: chrome=118.0.5993.89)
For documentation on this error, please visit: https://www.selenium.dev/documentation/webdriver/troubleshooting/errors#invalid-selector-exception
Build info: version: '4.14.1', revision: '03f8ede370'
System info: os.name: 'Windows 10', os.arch: 'amd64', os.version: '10.0', java.version: '18.0.2'
Driver info: org.openqa.selenium.chrome.ChromeDriver
Command: [5d21c4ab4f450bf8e443011b40de6652, findElement {using=xpath, value=//label[text()='T1']/preceding-sibling::input)}]
Capabilities {acceptInsecureCerts: false, browserName: chrome, browserVersion: 118.0.5993.89, chrome: {chromedriverVersion: 118.0.5993.70 (e52f33f30b91..., userDataDir: C:\Users\AIN126\AppData\Loc...}, fedcm:accounts: true, goog:chromeOptions: {debuggerAddress: localhost:52583}, networkConnectionEnabled: false, pageLoadStrategy: normal, platformName: windows, proxy: Proxy(), se:cdp: ws://localhost:52583/devtoo..., se:cdpVersion: 118.0.5993.89, setWindowRect: true, strictFileInteractability: false, timeouts: {implicit: 0, pageLoad: 300000, script: 30000}, unhandledPromptBehavior: dismiss and notify, webauthn:extension:credBlob: true, webauthn:extension:largeBlob: true, webauthn:extension:minPinLength: true, webauthn:extension:prf: true, webauthn:virtualAuthenticators: true}
Session ID: 5d21c4ab4f450bf8e443011b40de6652
2023-10-25 11:52:33,626 - Tests.TestCase1 -INFO - Successfully Launched the TODO MVC
2023-10-25 11:52:34,104 - Tests.TestCase1 -INFO - To Do Label is Displayed
2023-10-25 11:52:34,105 - Tests.TestCase1 -INFO - Adding the Tasks
2023-10-25 11:52:37,665 - Tests.TestCase1 -INFO - Tasks Added Successfully
2023-10-25 11:52:37,695 - Tests.TestCase1 -INFO - Verifying the added Tasks
2023-10-25 11:52:37,816 - Tests.TestCase1 -INFO - Added Tasks are displayed successfully
2023-10-25 11:59:01,614 - Tests.TestCase1 -INFO - Successfully Launched the TODO MVC
2023-10-25 11:59:01,908 - Tests.TestCase1 -INFO - To Do Label is Displayed
2023-10-25 11:59:01,909 - Tests.TestCase1 -INFO - Adding the Tasks
2023-10-25 11:59:05,405 - Tests.TestCase1 -INFO - Tasks Added Successfully
2023-10-25 11:59:05,433 - Tests.TestCase1 -INFO - Verifying the added Tasks
2023-10-25 11:59:05,506 - Tests.TestCase1 -INFO - Added Tasks are displayed successfully
2023-10-25 12:37:40,761 - Tests.TestCase1 -INFO - Successfully Launched the TODO MVC
2023-10-25 12:37:41,054 - Tests.TestCase1 -INFO - To Do Label is Displayed
2023-10-25 12:37:41,055 - Tests.TestCase1 -INFO - Adding the Tasks
2023-10-25 12:37:44,494 - Tests.TestCase1 -INFO - Tasks Added Successfully
2023-10-25 12:37:44,524 - Tests.TestCase1 -INFO - Verifying the added Tasks
2023-10-25 12:37:44,614 - Tests.TestCase1 -INFO - Added Tasks are displayed successfully
2023-10-25 12:48:42,114 - Tests.TestCase1 -INFO - Successfully Launched the TODO MVC
2023-10-25 12:48:42,406 - Tests.TestCase1 -INFO - To Do Label is Displayed
2023-10-25 12:48:42,407 - Tests.TestCase1 -INFO - Adding the Tasks
2023-10-25 12:48:45,874 - Tests.TestCase1 -INFO - Tasks Added Successfully
2023-10-25 12:48:45,904 - Tests.TestCase1 -INFO - Verifying the added Tasks
2023-10-25 12:48:46,002 - Tests.TestCase1 -INFO - Added Tasks are displayed successfully
2023-10-25 12:48:46,155 - Tests.TestCase1 -ERROR - Test Case Status is Fail due org.openqa.selenium.InvalidSelectorException: invalid selector: Unable to locate an element with the xpath expression //label[text()='T1' because of the following error:
SyntaxError: Failed to execute 'evaluate' on 'Document': The string '//label[text()='T1'' is not a valid XPath expression.
  (Session info: chrome=118.0.5993.89)
For documentation on this error, please visit: https://www.selenium.dev/documentation/webdriver/troubleshooting/errors#invalid-selector-exception
Build info: version: '4.14.1', revision: '03f8ede370'
System info: os.name: 'Windows 10', os.arch: 'amd64', os.version: '10.0', java.version: '18.0.2'
Driver info: org.openqa.selenium.chrome.ChromeDriver
Command: [58dfb5da9aae11eb8ace3a2c5b9fc296, findElement {using=xpath, value=//label[text()='T1'}]
Capabilities {acceptInsecureCerts: false, browserName: chrome, browserVersion: 118.0.5993.89, chrome: {chromedriverVersion: 118.0.5993.70 (e52f33f30b91..., userDataDir: C:\Users\AIN126\AppData\Loc...}, fedcm:accounts: true, goog:chromeOptions: {debuggerAddress: localhost:55082}, networkConnectionEnabled: false, pageLoadStrategy: normal, platformName: windows, proxy: Proxy(), se:cdp: ws://localhost:55082/devtoo..., se:cdpVersion: 118.0.5993.89, setWindowRect: true, strictFileInteractability: false, timeouts: {implicit: 0, pageLoad: 300000, script: 30000}, unhandledPromptBehavior: dismiss and notify, webauthn:extension:credBlob: true, webauthn:extension:largeBlob: true, webauthn:extension:minPinLength: true, webauthn:extension:prf: true, webauthn:virtualAuthenticators: true}
Session ID: 58dfb5da9aae11eb8ace3a2c5b9fc296
2023-10-25 14:01:12,376 - Tests.TestCase1 -INFO - Successfully Launched the TODO MVC
2023-10-25 14:01:12,668 - Tests.TestCase1 -INFO - To Do Label is Displayed
2023-10-25 14:01:12,669 - Tests.TestCase1 -INFO - Adding the Tasks
2023-10-25 14:01:16,177 - Tests.TestCase1 -INFO - Tasks Added Successfully
2023-10-25 14:01:16,206 - Tests.TestCase1 -INFO - Verifying the added Tasks
2023-10-25 14:01:16,289 - Tests.TestCase1 -INFO - Added Tasks are displayed successfully
2023-10-25 14:01:16,445 - Tests.TestCase1 -ERROR - Test Case Status is Fail due org.openqa.selenium.InvalidSelectorException: invalid selector: Unable to locate an element with the xpath expression //label[text()='T1' because of the following error:
SyntaxError: Failed to execute 'evaluate' on 'Document': The string '//label[text()='T1'' is not a valid XPath expression.
  (Session info: chrome=118.0.5993.89)
For documentation on this error, please visit: https://www.selenium.dev/documentation/webdriver/troubleshooting/errors#invalid-selector-exception
Build info: version: '4.14.1', revision: '03f8ede370'
System info: os.name: 'Windows 10', os.arch: 'amd64', os.version: '10.0', java.version: '18.0.2'
Driver info: org.openqa.selenium.chrome.ChromeDriver
Command: [361c19d3360b4a37f4bc3ea547d7508f, findElement {using=xpath, value=//label[text()='T1'}]
Capabilities {acceptInsecureCerts: false, browserName: chrome, browserVersion: 118.0.5993.89, chrome: {chromedriverVersion: 118.0.5993.70 (e52f33f30b91..., userDataDir: C:\Users\AIN126\AppData\Loc...}, fedcm:accounts: true, goog:chromeOptions: {debuggerAddress: localhost:59765}, networkConnectionEnabled: false, pageLoadStrategy: normal, platformName: windows, proxy: Proxy(), se:cdp: ws://localhost:59765/devtoo..., se:cdpVersion: 118.0.5993.89, setWindowRect: true, strictFileInteractability: false, timeouts: {implicit: 0, pageLoad: 300000, script: 30000}, unhandledPromptBehavior: dismiss and notify, webauthn:extension:credBlob: true, webauthn:extension:largeBlob: true, webauthn:extension:minPinLength: true, webauthn:extension:prf: true, webauthn:virtualAuthenticators: true}
Session ID: 361c19d3360b4a37f4bc3ea547d7508f
2023-10-25 14:08:49,669 - Tests.TestCase1 -INFO - Successfully Launched the TODO MVC
2023-10-25 14:08:49,981 - Tests.TestCase1 -INFO - To Do Label is Displayed
2023-10-25 14:08:49,981 - Tests.TestCase1 -INFO - Adding the Tasks
2023-10-25 14:08:53,503 - Tests.TestCase1 -INFO - Tasks Added Successfully
2023-10-25 14:08:53,532 - Tests.TestCase1 -INFO - Verifying the added Tasks
2023-10-25 14:08:53,624 - Tests.TestCase1 -INFO - Added Tasks are displayed successfully
2023-10-25 14:08:53,708 - Tests.TestCase1 -ERROR - Test Case Status is Fail due org.openqa.selenium.NoSuchElementException: no such element: Unable to locate element: {"method":"css selector","selector":"a[href='#/Completed']"}
  (Session info: chrome=118.0.5993.89)
For documentation on this error, please visit: https://www.selenium.dev/documentation/webdriver/troubleshooting/errors#no-such-element-exception
Build info: version: '4.14.1', revision: '03f8ede370'
System info: os.name: 'Windows 10', os.arch: 'amd64', os.version: '10.0', java.version: '18.0.2'
Driver info: org.openqa.selenium.chrome.ChromeDriver
Command: [4e468182956f467035c302410b680088, findElement {using=css selector, value=a[href='#/Completed']}]
Capabilities {acceptInsecureCerts: false, browserName: chrome, browserVersion: 118.0.5993.89, chrome: {chromedriverVersion: 118.0.5993.70 (e52f33f30b91..., userDataDir: C:\Users\AIN126\AppData\Loc...}, fedcm:accounts: true, goog:chromeOptions: {debuggerAddress: localhost:60050}, networkConnectionEnabled: false, pageLoadStrategy: normal, platformName: windows, proxy: Proxy(), se:cdp: ws://localhost:60050/devtoo..., se:cdpVersion: 118.0.5993.89, setWindowRect: true, strictFileInteractability: false, timeouts: {implicit: 0, pageLoad: 300000, script: 30000}, unhandledPromptBehavior: dismiss and notify, webauthn:extension:credBlob: true, webauthn:extension:largeBlob: true, webauthn:extension:minPinLength: true, webauthn:extension:prf: true, webauthn:virtualAuthenticators: true}
Session ID: 4e468182956f467035c302410b680088
2023-10-25 14:10:53,527 - Tests.TestCase1 -INFO - Successfully Launched the TODO MVC
2023-10-25 14:10:53,806 - Tests.TestCase1 -INFO - To Do Label is Displayed
2023-10-25 14:10:53,806 - Tests.TestCase1 -INFO - Adding the Tasks
2023-10-25 14:10:57,251 - Tests.TestCase1 -INFO - Tasks Added Successfully
2023-10-25 14:10:57,280 - Tests.TestCase1 -INFO - Verifying the added Tasks
2023-10-25 14:10:57,361 - Tests.TestCase1 -INFO - Added Tasks are displayed successfully
2023-10-25 14:10:57,516 - Tests.TestCase1 -ERROR - Test Case Status is Fail due org.openqa.selenium.InvalidSelectorException: invalid selector: Unable to locate an element with the xpath expression //label[text()='T1' because of the following error:
SyntaxError: Failed to execute 'evaluate' on 'Document': The string '//label[text()='T1'' is not a valid XPath expression.
  (Session info: chrome=118.0.5993.89)
For documentation on this error, please visit: https://www.selenium.dev/documentation/webdriver/troubleshooting/errors#invalid-selector-exception
Build info: version: '4.14.1', revision: '03f8ede370'
System info: os.name: 'Windows 10', os.arch: 'amd64', os.version: '10.0', java.version: '18.0.2'
Driver info: org.openqa.selenium.chrome.ChromeDriver
Command: [6a1231f40a48d26b4e8f8348c90eb709, findElement {using=xpath, value=//label[text()='T1'}]
Capabilities {acceptInsecureCerts: false, browserName: chrome, browserVersion: 118.0.5993.89, chrome: {chromedriverVersion: 118.0.5993.70 (e52f33f30b91..., userDataDir: C:\Users\AIN126\AppData\Loc...}, fedcm:accounts: true, goog:chromeOptions: {debuggerAddress: localhost:60146}, networkConnectionEnabled: false, pageLoadStrategy: normal, platformName: windows, proxy: Proxy(), se:cdp: ws://localhost:60146/devtoo..., se:cdpVersion: 118.0.5993.89, setWindowRect: true, strictFileInteractability: false, timeouts: {implicit: 0, pageLoad: 300000, script: 30000}, unhandledPromptBehavior: dismiss and notify, webauthn:extension:credBlob: true, webauthn:extension:largeBlob: true, webauthn:extension:minPinLength: true, webauthn:extension:prf: true, webauthn:virtualAuthenticators: true}
Session ID: 6a1231f40a48d26b4e8f8348c90eb709
2023-10-25 14:15:00,309 - Tests.TestCase1 -INFO - Successfully Launched the TODO MVC
2023-10-25 14:15:00,662 - Tests.TestCase1 -INFO - To Do Label is Displayed
2023-10-25 14:15:00,662 - Tests.TestCase1 -INFO - Adding the Tasks
2023-10-25 14:15:04,146 - Tests.TestCase1 -INFO - Tasks Added Successfully
2023-10-25 14:15:04,178 - Tests.TestCase1 -INFO - Verifying the added Tasks
2023-10-25 14:15:04,256 - Tests.TestCase1 -INFO - Added Tasks are displayed successfully
2023-10-25 15:24:19,214 - Tests.TestCase1 -INFO - Successfully Launched the TODO MVC
2023-10-25 15:24:19,632 - Tests.TestCase1 -INFO - To Do Label is Displayed
2023-10-25 15:24:19,633 - Tests.TestCase1 -INFO - Adding the Tasks
2023-10-25 15:24:23,476 - Tests.TestCase1 -INFO - Tasks Added Successfully
2023-10-25 15:24:23,529 - Tests.TestCase1 -INFO - Verifying the added Tasks
2023-10-25 15:24:23,665 - Tests.TestCase1 -INFO - Added Tasks are displayed successfully
2023-10-25 15:24:23,782 - Tests.TestCase1 -INFO - Successfully Launched the TODO MVC
2023-10-25 15:24:23,945 - Tests.TestCase1 -INFO - Verfying the Task Completion
2023-10-25 15:24:24,375 - Tests.TestCase1 -INFO - Able to complete task T1 successfully
2023-10-25 15:24:24,490 - Tests.TestCase1 -INFO - Verifying the clear complete functionality
2023-10-25 15:24:24,639 - Tests.TestCase1 -INFO - Clear Complete tasks is successful
2023-10-25 15:47:30,352 - Tests.TestCase2 -INFO - Successfully Launched the TODO MVC
2023-10-25 15:47:30,549 - Tests.TestCase2 -ERROR - Test Case Status is Fail due org.openqa.selenium.NoSuchElementException: no such element: Unable to locate element: {"method":"xpath","selector":"//h3[contains(text(),'Vue.js')]"}
  (Session info: chrome=118.0.5993.89)
For documentation on this error, please visit: https://www.selenium.dev/documentation/webdriver/troubleshooting/errors#no-such-element-exception
Build info: version: '4.14.1', revision: '03f8ede370'
System info: os.name: 'Windows 10', os.arch: 'amd64', os.version: '10.0', java.version: '18.0.2'
Driver info: org.openqa.selenium.chrome.ChromeDriver
Command: [53952a09f1cb79f68e6d6d270446d9c3, findElement {using=xpath, value=//h3[contains(text(),'Vue.js')]}]
Capabilities {acceptInsecureCerts: false, browserName: chrome, browserVersion: 118.0.5993.89, chrome: {chromedriverVersion: 118.0.5993.70 (e52f33f30b91..., userDataDir: C:\Users\AIN126\AppData\Loc...}, fedcm:accounts: true, goog:chromeOptions: {debuggerAddress: localhost:63269}, networkConnectionEnabled: false, pageLoadStrategy: normal, platformName: windows, proxy: Proxy(), se:cdp: ws://localhost:63269/devtoo..., se:cdpVersion: 118.0.5993.89, setWindowRect: true, strictFileInteractability: false, timeouts: {implicit: 0, pageLoad: 300000, script: 30000}, unhandledPromptBehavior: dismiss and notify, webauthn:extension:credBlob: true, webauthn:extension:largeBlob: true, webauthn:extension:minPinLength: true, webauthn:extension:prf: true, webauthn:virtualAuthenticators: true}
Session ID: 53952a09f1cb79f68e6d6d270446d9c3
2023-10-25 15:49:17,275 - Tests.TestCase2 -INFO - Successfully Launched the TODO MVC
2023-10-25 15:49:17,526 - Tests.TestCase2 -INFO - Verifying the Header Title
2023-10-25 15:49:17,677 - Tests.TestCase2 -INFO - Header Title is displaying
2023-10-25 15:52:05,163 - Tests.TestCase2 -INFO - Successfully Launched the TODO MVC
2023-10-25 15:52:05,549 - Tests.TestCase2 -INFO - Verifying the Header Title
2023-10-25 15:52:05,714 - Tests.TestCase2 -INFO - Header Title is displaying
2023-10-25 15:52:05,930 - Tests.TestCase2 -INFO - Exception is : Please check URL entered org.openqa.selenium.NoSuchSessionException: Session ID is null. Using WebDriver after calling quit()?
Build info: version: '4.14.1', revision: '03f8ede370'
System info: os.name: 'Windows 10', os.arch: 'amd64', os.version: '10.0', java.version: '18.0.2'
Driver info: org.openqa.selenium.chrome.ChromeDriver
Command: [null, get {url=https://todomvc.com/examples/vue/}]
Capabilities {acceptInsecureCerts: false, browserName: chrome, browserVersion: 118.0.5993.89, chrome: {chromedriverVersion: 118.0.5993.70 (e52f33f30b91..., userDataDir: C:\Users\AIN126\AppData\Loc...}, fedcm:accounts: true, goog:chromeOptions: {debuggerAddress: localhost:63450}, networkConnectionEnabled: false, pageLoadStrategy: normal, platformName: windows, proxy: Proxy(), se:cdp: ws://localhost:63450/devtoo..., se:cdpVersion: 118.0.5993.89, setWindowRect: true, strictFileInteractability: false, timeouts: {implicit: 0, pageLoad: 300000, script: 30000}, unhandledPromptBehavior: dismiss and notify, webauthn:extension:credBlob: true, webauthn:extension:largeBlob: true, webauthn:extension:minPinLength: true, webauthn:extension:prf: true, webauthn:virtualAuthenticators: true}
2023-10-25 15:52:05,934 - Tests.TestCase2 -ERROR - Test Case Status is Fail due org.openqa.selenium.NoSuchSessionException: Session ID is null. Using WebDriver after calling quit()?
Build info: version: '4.14.1', revision: '03f8ede370'
System info: os.name: 'Windows 10', os.arch: 'amd64', os.version: '10.0', java.version: '18.0.2'
Driver info: org.openqa.selenium.chrome.ChromeDriver
Command: [null, screenshot {}]
Capabilities {acceptInsecureCerts: false, browserName: chrome, browserVersion: 118.0.5993.89, chrome: {chromedriverVersion: 118.0.5993.70 (e52f33f30b91..., userDataDir: C:\Users\AIN126\AppData\Loc...}, fedcm:accounts: true, goog:chromeOptions: {debuggerAddress: localhost:63450}, networkConnectionEnabled: false, pageLoadStrategy: normal, platformName: windows, proxy: Proxy(), se:cdp: ws://localhost:63450/devtoo..., se:cdpVersion: 118.0.5993.89, setWindowRect: true, strictFileInteractability: false, timeouts: {implicit: 0, pageLoad: 300000, script: 30000}, unhandledPromptBehavior: dismiss and notify, webauthn:extension:credBlob: true, webauthn:extension:largeBlob: true, webauthn:extension:minPinLength: true, webauthn:extension:prf: true, webauthn:virtualAuthenticators: true}
2023-10-25 15:55:16,872 - Tests.TestCase2 -INFO - Successfully Launched the TODO MVC
2023-10-25 15:55:17,281 - Tests.TestCase2 -INFO - Verifying the Header Title
2023-10-25 15:55:17,453 - Tests.TestCase2 -INFO - Header Title is displaying
2023-10-25 15:55:17,698 - Tests.TestCase2 -INFO - Exception is : Please check URL entered org.openqa.selenium.NoSuchSessionException: Session ID is null. Using WebDriver after calling quit()?
Build info: version: '4.14.1', revision: '03f8ede370'
System info: os.name: 'Windows 10', os.arch: 'amd64', os.version: '10.0', java.version: '18.0.2'
Driver info: org.openqa.selenium.chrome.ChromeDriver
Command: [null, get {url=https://todomvc.com/examples/vue/}]
Capabilities {acceptInsecureCerts: false, browserName: chrome, browserVersion: 118.0.5993.89, chrome: {chromedriverVersion: 118.0.5993.70 (e52f33f30b91..., userDataDir: C:\Users\AIN126\AppData\Loc...}, fedcm:accounts: true, goog:chromeOptions: {debuggerAddress: localhost:63573}, networkConnectionEnabled: false, pageLoadStrategy: normal, platformName: windows, proxy: Proxy(), se:cdp: ws://localhost:63573/devtoo..., se:cdpVersion: 118.0.5993.89, setWindowRect: true, strictFileInteractability: false, timeouts: {implicit: 0, pageLoad: 300000, script: 30000}, unhandledPromptBehavior: dismiss and notify, webauthn:extension:credBlob: true, webauthn:extension:largeBlob: true, webauthn:extension:minPinLength: true, webauthn:extension:prf: true, webauthn:virtualAuthenticators: true}
2023-10-25 15:55:17,704 - Tests.TestCase2 -ERROR - Test Case Status is Fail due org.openqa.selenium.NoSuchSessionException: Session ID is null. Using WebDriver after calling quit()?
Build info: version: '4.14.1', revision: '03f8ede370'
System info: os.name: 'Windows 10', os.arch: 'amd64', os.version: '10.0', java.version: '18.0.2'
Driver info: org.openqa.selenium.chrome.ChromeDriver
Command: [null, screenshot {}]
Capabilities {acceptInsecureCerts: false, browserName: chrome, browserVersion: 118.0.5993.89, chrome: {chromedriverVersion: 118.0.5993.70 (e52f33f30b91..., userDataDir: C:\Users\AIN126\AppData\Loc...}, fedcm:accounts: true, goog:chromeOptions: {debuggerAddress: localhost:63573}, networkConnectionEnabled: false, pageLoadStrategy: normal, platformName: windows, proxy: Proxy(), se:cdp: ws://localhost:63573/devtoo..., se:cdpVersion: 118.0.5993.89, setWindowRect: true, strictFileInteractability: false, timeouts: {implicit: 0, pageLoad: 300000, script: 30000}, unhandledPromptBehavior: dismiss and notify, webauthn:extension:credBlob: true, webauthn:extension:largeBlob: true, webauthn:extension:minPinLength: true, webauthn:extension:prf: true, webauthn:virtualAuthenticators: true}
2023-10-25 15:57:43,018 - Tests.TestCase2 -INFO - Successfully Launched the TODO MVC
2023-10-25 15:57:43,259 - Tests.TestCase2 -ERROR - Test Case Status is Fail due org.openqa.selenium.NoSuchElementException: no such element: Unable to locate element: {"method":"xpath","selector":"//h3[text()='Vue.js']"}
  (Session info: chrome=118.0.5993.89)
For documentation on this error, please visit: https://www.selenium.dev/documentation/webdriver/troubleshooting/errors#no-such-element-exception
Build info: version: '4.14.1', revision: '03f8ede370'
System info: os.name: 'Windows 10', os.arch: 'amd64', os.version: '10.0', java.version: '18.0.2'
Driver info: org.openqa.selenium.chrome.ChromeDriver
Command: [49c3a1c2a660aab29c449fcd724fd076, findElement {using=xpath, value=//h3[text()='Vue.js']}]
Capabilities {acceptInsecureCerts: false, browserName: chrome, browserVersion: 118.0.5993.89, chrome: {chromedriverVersion: 118.0.5993.70 (e52f33f30b91..., userDataDir: C:\Users\AIN126\AppData\Loc...}, fedcm:accounts: true, goog:chromeOptions: {debuggerAddress: localhost:63667}, networkConnectionEnabled: false, pageLoadStrategy: normal, platformName: windows, proxy: Proxy(), se:cdp: ws://localhost:63667/devtoo..., se:cdpVersion: 118.0.5993.89, setWindowRect: true, strictFileInteractability: false, timeouts: {implicit: 0, pageLoad: 300000, script: 30000}, unhandledPromptBehavior: dismiss and notify, webauthn:extension:credBlob: true, webauthn:extension:largeBlob: true, webauthn:extension:minPinLength: true, webauthn:extension:prf: true, webauthn:virtualAuthenticators: true}
Session ID: 49c3a1c2a660aab29c449fcd724fd076
2023-10-25 15:57:43,487 - Tests.TestCase2 -INFO - Successfully Launched the TODO MVC
2023-10-25 15:57:43,846 - Tests.TestCase2 -ERROR - Test Case Status is Fail due org.openqa.selenium.InvalidSelectorException: invalid selector: Unable to locate an element with the xpath expression //span[className='source-links')]/following-sibling::h5 because of the following error:
SyntaxError: Failed to execute 'evaluate' on 'Document': The string '//span[className='source-links')]/following-sibling::h5' is not a valid XPath expression.
  (Session info: chrome=118.0.5993.89)
For documentation on this error, please visit: https://www.selenium.dev/documentation/webdriver/troubleshooting/errors#invalid-selector-exception
Build info: version: '4.14.1', revision: '03f8ede370'
System info: os.name: 'Windows 10', os.arch: 'amd64', os.version: '10.0', java.version: '18.0.2'
Driver info: org.openqa.selenium.chrome.ChromeDriver
Command: [49c3a1c2a660aab29c449fcd724fd076, findElement {using=xpath, value=//span[className='source-links')]/following-sibling::h5}]
Capabilities {acceptInsecureCerts: false, browserName: chrome, browserVersion: 118.0.5993.89, chrome: {chromedriverVersion: 118.0.5993.70 (e52f33f30b91..., userDataDir: C:\Users\AIN126\AppData\Loc...}, fedcm:accounts: true, goog:chromeOptions: {debuggerAddress: localhost:63667}, networkConnectionEnabled: false, pageLoadStrategy: normal, platformName: windows, proxy: Proxy(), se:cdp: ws://localhost:63667/devtoo..., se:cdpVersion: 118.0.5993.89, setWindowRect: true, strictFileInteractability: false, timeouts: {implicit: 0, pageLoad: 300000, script: 30000}, unhandledPromptBehavior: dismiss and notify, webauthn:extension:credBlob: true, webauthn:extension:largeBlob: true, webauthn:extension:minPinLength: true, webauthn:extension:prf: true, webauthn:virtualAuthenticators: true}
Session ID: 49c3a1c2a660aab29c449fcd724fd076
2023-10-25 16:04:58,608 - Tests.TestCase2 -INFO - Successfully Launched the TODO MVC
2023-10-25 16:04:59,066 - Tests.TestCase2 -INFO - Verifying the Header Title
2023-10-25 16:04:59,233 - Tests.TestCase2 -INFO - Header Title is displaying
2023-10-25 16:04:59,354 - Tests.TestCase2 -INFO - Successfully Launched the TODO MVC
2023-10-25 16:04:59,555 - Tests.TestCase2 -ERROR - Test Case Status is Fail due org.openqa.selenium.NoSuchElementException: no such element: Unable to locate element: {"method":"xpath","selector":"//span[class='source-links']/following-sibling::h5"}
  (Session info: chrome=118.0.5993.89)
For documentation on this error, please visit: https://www.selenium.dev/documentation/webdriver/troubleshooting/errors#no-such-element-exception
Build info: version: '4.14.1', revision: '03f8ede370'
System info: os.name: 'Windows 10', os.arch: 'amd64', os.version: '10.0', java.version: '18.0.2'
Driver info: org.openqa.selenium.chrome.ChromeDriver
Command: [5c10822bfda04ede282142945bfec920, findElement {using=xpath, value=//span[class='source-links']/following-sibling::h5}]
Capabilities {acceptInsecureCerts: false, browserName: chrome, browserVersion: 118.0.5993.89, chrome: {chromedriverVersion: 118.0.5993.70 (e52f33f30b91..., userDataDir: C:\Users\AIN126\AppData\Loc...}, fedcm:accounts: true, goog:chromeOptions: {debuggerAddress: localhost:63934}, networkConnectionEnabled: false, pageLoadStrategy: normal, platformName: windows, proxy: Proxy(), se:cdp: ws://localhost:63934/devtoo..., se:cdpVersion: 118.0.5993.89, setWindowRect: true, strictFileInteractability: false, timeouts: {implicit: 0, pageLoad: 300000, script: 30000}, unhandledPromptBehavior: dismiss and notify, webauthn:extension:credBlob: true, webauthn:extension:largeBlob: true, webauthn:extension:minPinLength: true, webauthn:extension:prf: true, webauthn:virtualAuthenticators: true}
Session ID: 5c10822bfda04ede282142945bfec920
2023-10-26 11:43:05,464 - Tests.VerifyLeftMenuUI -INFO - Successfully Launched the TODO MVC
2023-10-26 11:43:05,504 - Tests.VerifyLeftMenuUI -ERROR - Test Case Status is Fail due org.openqa.selenium.NoSuchElementException: no such element: Unable to locate element: {"method":"xpath","selector":"//a[@href='http://vuejs.org/guide/']"}
  (Session info: chrome=118.0.5993.89)
For documentation on this error, please visit: https://www.selenium.dev/documentation/webdriver/troubleshooting/errors#no-such-element-exception
Build info: version: '4.14.1', revision: '03f8ede370'
System info: os.name: 'Windows 10', os.arch: 'amd64', os.version: '10.0', java.version: '18.0.2'
Driver info: org.openqa.selenium.chrome.ChromeDriver
Command: [0c6d8e61e9b596d74cfc613cb41d3284, findElement {using=xpath, value=//a[@href='http://vuejs.org/guide/']}]
Capabilities {acceptInsecureCerts: false, browserName: chrome, browserVersion: 118.0.5993.89, chrome: {chromedriverVersion: 118.0.5993.70 (e52f33f30b91..., userDataDir: C:\Users\AIN126\AppData\Loc...}, fedcm:accounts: true, goog:chromeOptions: {debuggerAddress: localhost:55616}, networkConnectionEnabled: false, pageLoadStrategy: normal, platformName: windows, proxy: Proxy(), se:cdp: ws://localhost:55616/devtoo..., se:cdpVersion: 118.0.5993.89, setWindowRect: true, strictFileInteractability: false, timeouts: {implicit: 0, pageLoad: 300000, script: 30000}, unhandledPromptBehavior: dismiss and notify, webauthn:extension:credBlob: true, webauthn:extension:largeBlob: true, webauthn:extension:minPinLength: true, webauthn:extension:prf: true, webauthn:virtualAuthenticators: true}
Session ID: 0c6d8e61e9b596d74cfc613cb41d3284
2023-10-26 12:41:14,023 - Tests.VerifyLeftMenuUI -INFO - Successfully Launched the TODO MVC
2023-10-26 12:41:14,193 - Tests.VerifyLeftMenuUI -INFO - Verifying the Header Title
2023-10-26 12:41:14,293 - Tests.VerifyLeftMenuUI -INFO - Header Title is displaying
2023-10-26 12:41:14,366 - Tests.VerifyLeftMenuUI -INFO - Successfully Launched the TODO MVC
2023-10-26 12:41:14,392 - Tests.VerifyLeftMenuUI -ERROR - Test Case Status is Fail due org.openqa.selenium.NoSuchElementException: no such element: Unable to locate element: {"method":"xpath","selector":"//span[class='source-links']/following-sibling::h5"}
  (Session info: chrome=118.0.5993.89)
For documentation on this error, please visit: https://www.selenium.dev/documentation/webdriver/troubleshooting/errors#no-such-element-exception
Build info: version: '4.14.1', revision: '03f8ede370'
System info: os.name: 'Windows 10', os.arch: 'amd64', os.version: '10.0', java.version: '18.0.2'
Driver info: org.openqa.selenium.chrome.ChromeDriver
Command: [79838527a6f160e23fe2f8c9ded8f526, findElement {using=xpath, value=//span[class='source-links']/following-sibling::h5}]
Capabilities {acceptInsecureCerts: false, browserName: chrome, browserVersion: 118.0.5993.89, chrome: {chromedriverVersion: 118.0.5993.70 (e52f33f30b91..., userDataDir: C:\Users\AIN126\AppData\Loc...}, fedcm:accounts: true, goog:chromeOptions: {debuggerAddress: localhost:57446}, networkConnectionEnabled: false, pageLoadStrategy: normal, platformName: windows, proxy: Proxy(), se:cdp: ws://localhost:57446/devtoo..., se:cdpVersion: 118.0.5993.89, setWindowRect: true, strictFileInteractability: false, timeouts: {implicit: 0, pageLoad: 300000, script: 30000}, unhandledPromptBehavior: dismiss and notify, webauthn:extension:credBlob: true, webauthn:extension:largeBlob: true, webauthn:extension:minPinLength: true, webauthn:extension:prf: true, webauthn:virtualAuthenticators: true}
Session ID: 79838527a6f160e23fe2f8c9ded8f526
2023-10-26 12:41:14,543 - Tests.VerifyLeftMenuUI -INFO - Successfully Launched the TODO MVC
2023-10-26 12:41:14,576 - Tests.VerifyLeftMenuUI -INFO - Verifying the Official resources links
2023-10-26 12:41:14,679 - Tests.VerifyLeftMenuUI -INFO - Documentation link is displaying properly
2023-10-26 12:41:14,822 - Tests.VerifyLeftMenuUI -INFO - API Reference link is displaying properly
2023-10-26 12:41:14,934 - Tests.VerifyLeftMenuUI -INFO - Examples link is displaying properly
2023-10-26 12:41:15,050 - Tests.VerifyLeftMenuUI -INFO - Vue on Github link is displaying properly
2023-10-26 13:28:24,455 - Tests.VerifyLeftMenuUI -INFO - Successfully Launched the TODO MVC
2023-10-26 13:28:24,614 - Tests.VerifyLeftMenuUI -INFO - Verifying the Header Title
2023-10-26 13:28:24,744 - Tests.VerifyLeftMenuUI -INFO - Header Title is displaying
2023-10-26 13:28:24,811 - Tests.VerifyLeftMenuUI -INFO - Successfully Launched the TODO MVC
2023-10-26 13:28:24,840 - Tests.VerifyLeftMenuUI -ERROR - Test Case Status is Fail due org.openqa.selenium.NoSuchElementException: no such element: Unable to locate element: {"method":"xpath","selector":"//span[class='source-links']/following-sibling::h5"}
  (Session info: chrome=118.0.5993.89)
For documentation on this error, please visit: https://www.selenium.dev/documentation/webdriver/troubleshooting/errors#no-such-element-exception
Build info: version: '4.14.1', revision: '03f8ede370'
System info: os.name: 'Windows 10', os.arch: 'amd64', os.version: '10.0', java.version: '18.0.2'
Driver info: org.openqa.selenium.chrome.ChromeDriver
Command: [d6e7818159930ec4b3aa1ec7552b9f13, findElement {using=xpath, value=//span[class='source-links']/following-sibling::h5}]
Capabilities {acceptInsecureCerts: false, browserName: chrome, browserVersion: 118.0.5993.89, chrome: {chromedriverVersion: 118.0.5993.70 (e52f33f30b91..., userDataDir: C:\Users\AIN126\AppData\Loc...}, fedcm:accounts: true, goog:chromeOptions: {debuggerAddress: localhost:58889}, networkConnectionEnabled: false, pageLoadStrategy: normal, platformName: windows, proxy: Proxy(), se:cdp: ws://localhost:58889/devtoo..., se:cdpVersion: 118.0.5993.89, setWindowRect: true, strictFileInteractability: false, timeouts: {implicit: 0, pageLoad: 300000, script: 30000}, unhandledPromptBehavior: dismiss and notify, webauthn:extension:credBlob: true, webauthn:extension:largeBlob: true, webauthn:extension:minPinLength: true, webauthn:extension:prf: true, webauthn:virtualAuthenticators: true}
Session ID: d6e7818159930ec4b3aa1ec7552b9f13
2023-10-26 13:28:24,986 - Tests.VerifyLeftMenuUI -INFO - Successfully Launched the TODO MVC
2023-10-26 13:28:25,019 - Tests.VerifyLeftMenuUI -INFO - Verifying the Official Resources label
2023-10-26 13:28:25,112 - Tests.VerifyLeftMenuUI -INFO - Official Resources label is displaying properly
2023-10-26 13:28:25,139 - Tests.VerifyLeftMenuUI -INFO - Verifying the Official resources links
2023-10-26 13:28:25,227 - Tests.VerifyLeftMenuUI -INFO - Documentation link is displaying properly
2023-10-26 13:28:25,330 - Tests.VerifyLeftMenuUI -INFO - API Reference link is displaying properly
2023-10-26 13:28:25,438 - Tests.VerifyLeftMenuUI -INFO - Examples link is displaying properly
2023-10-26 13:28:25,545 - Tests.VerifyLeftMenuUI -INFO - Vue on Github link is displaying properly
2023-10-26 13:28:25,595 - Tests.VerifyLeftMenuUI -INFO - Successfully Launched the TODO MVC
2023-10-26 13:28:25,626 - Tests.VerifyLeftMenuUI -INFO - Verifying the Community label
2023-10-26 13:28:25,732 - Tests.VerifyLeftMenuUI -INFO - Community label is displaying properly
2023-10-26 13:28:25,866 - Tests.VerifyLeftMenuUI -INFO - Twitter link is displaying properly
2023-10-26 13:28:25,997 - Tests.VerifyLeftMenuUI -INFO - Gitter link is displaying properly
2023-10-26 13:28:26,104 - Tests.VerifyLeftMenuUI -INFO - Discussions on Github  link is displaying properly
2023-10-26 13:29:45,292 - Tests.VerifyLeftMenuUI -INFO - Successfully Launched the TODO MVC
2023-10-26 13:29:45,551 - Tests.VerifyLeftMenuUI -INFO - Verifying the Header Title
2023-10-26 13:29:45,660 - Tests.VerifyLeftMenuUI -INFO - Header Title is displaying
2023-10-26 13:29:45,722 - Tests.VerifyLeftMenuUI -INFO - Successfully Launched the TODO MVC
2023-10-26 13:29:45,748 - Tests.VerifyLeftMenuUI -ERROR - Test Case Status is Fail due org.openqa.selenium.NoSuchElementException: no such element: Unable to locate element: {"method":"xpath","selector":"//span[class='source-links']/following-sibling::h5"}
  (Session info: chrome=118.0.5993.89)
For documentation on this error, please visit: https://www.selenium.dev/documentation/webdriver/troubleshooting/errors#no-such-element-exception
Build info: version: '4.14.1', revision: '03f8ede370'
System info: os.name: 'Windows 10', os.arch: 'amd64', os.version: '10.0', java.version: '18.0.2'
Driver info: org.openqa.selenium.chrome.ChromeDriver
Command: [846728e808e763f702f1a30104dcd7f1, findElement {using=xpath, value=//span[class='source-links']/following-sibling::h5}]
Capabilities {acceptInsecureCerts: false, browserName: chrome, browserVersion: 118.0.5993.89, chrome: {chromedriverVersion: 118.0.5993.70 (e52f33f30b91..., userDataDir: C:\Users\AIN126\AppData\Loc...}, fedcm:accounts: true, goog:chromeOptions: {debuggerAddress: localhost:58954}, networkConnectionEnabled: false, pageLoadStrategy: normal, platformName: windows, proxy: Proxy(), se:cdp: ws://localhost:58954/devtoo..., se:cdpVersion: 118.0.5993.89, setWindowRect: true, strictFileInteractability: false, timeouts: {implicit: 0, pageLoad: 300000, script: 30000}, unhandledPromptBehavior: dismiss and notify, webauthn:extension:credBlob: true, webauthn:extension:largeBlob: true, webauthn:extension:minPinLength: true, webauthn:extension:prf: true, webauthn:virtualAuthenticators: true}
Session ID: 846728e808e763f702f1a30104dcd7f1
2023-10-26 13:29:45,888 - Tests.VerifyLeftMenuUI -INFO - Successfully Launched the TODO MVC
2023-10-26 13:29:45,919 - Tests.VerifyLeftMenuUI -INFO - Verifying the Official Resources label
2023-10-26 13:29:46,003 - Tests.VerifyLeftMenuUI -INFO - Official Resources label is displaying properly
2023-10-26 13:29:46,032 - Tests.VerifyLeftMenuUI -INFO - Verifying the Official resources links
2023-10-26 13:29:46,117 - Tests.VerifyLeftMenuUI -INFO - Documentation link is displaying properly
2023-10-26 13:29:46,231 - Tests.VerifyLeftMenuUI -INFO - API Reference link is displaying properly
2023-10-26 13:29:46,372 - Tests.VerifyLeftMenuUI -INFO - Examples link is displaying properly
2023-10-26 13:29:46,488 - Tests.VerifyLeftMenuUI -INFO - Vue on Github link is displaying properly
2023-10-26 13:29:46,537 - Tests.VerifyLeftMenuUI -INFO - Successfully Launched the TODO MVC
2023-10-26 13:29:46,570 - Tests.VerifyLeftMenuUI -INFO - Verifying the Community label
2023-10-26 13:29:46,665 - Tests.VerifyLeftMenuUI -INFO - Community label is displaying properly
2023-10-26 13:29:46,764 - Tests.VerifyLeftMenuUI -INFO - Twitter link is displaying properly
2023-10-26 13:29:46,873 - Tests.VerifyLeftMenuUI -INFO - Gitter link is displaying properly
2023-10-26 13:29:46,981 - Tests.VerifyLeftMenuUI -INFO - Discussions on Github  link is displaying properly
2023-10-26 13:29:48,077 - Tests.VerifyFunctionality -INFO - Successfully Launched the TODO MVC
2023-10-26 13:29:48,434 - Tests.VerifyFunctionality -INFO - To Do Label is Displayed
2023-10-26 13:29:48,434 - Tests.VerifyFunctionality -INFO - Adding the Tasks
2023-10-26 13:29:51,924 - Tests.VerifyFunctionality -INFO - Tasks Added Successfully
2023-10-26 13:29:51,955 - Tests.VerifyFunctionality -INFO - Verifying the added Tasks
2023-10-26 13:29:52,033 - Tests.VerifyFunctionality -INFO - Added Tasks are displayed successfully
2023-10-26 13:29:52,102 - Tests.VerifyFunctionality -INFO - Successfully Launched the TODO MVC
2023-10-26 13:29:52,211 - Tests.VerifyFunctionality -INFO - Verifying the Task Completion
2023-10-26 13:29:52,454 - Tests.VerifyFunctionality -INFO - Able to complete task T1 successfully
2023-10-26 13:29:52,518 - Tests.VerifyFunctionality -INFO - Verifying the clear complete functionality
2023-10-26 13:29:52,629 - Tests.VerifyFunctionality -INFO - Clear Complete tasks is successful
2023-10-26 13:31:44,832 - Tests.VerifyLeftMenuUI -INFO - Successfully Launched the TODO MVC
2023-10-26 13:31:45,107 - Tests.VerifyLeftMenuUI -INFO - Verifying the Header Title
2023-10-26 13:31:45,190 - Tests.VerifyLeftMenuUI -INFO - Header Title is displaying
2023-10-26 13:31:45,258 - Tests.VerifyLeftMenuUI -INFO - Successfully Launched the TODO MVC
2023-10-26 13:31:45,291 - Tests.VerifyLeftMenuUI -INFO - Verifying the Header fields
2023-10-26 13:31:45,376 - Tests.VerifyLeftMenuUI -INFO - Header Child fields are displaying properly
2023-10-26 13:31:45,416 - Tests.VerifyLeftMenuUI -INFO - Successfully Launched the TODO MVC
2023-10-26 13:31:45,446 - Tests.VerifyLeftMenuUI -INFO - Verifying the Official Resources label
2023-10-26 13:31:45,536 - Tests.VerifyLeftMenuUI -INFO - Official Resources label is displaying properly
2023-10-26 13:31:45,561 - Tests.VerifyLeftMenuUI -INFO - Verifying the Official resources links
2023-10-26 13:31:45,637 - Tests.VerifyLeftMenuUI -INFO - Documentation link is displaying properly
2023-10-26 13:31:45,767 - Tests.VerifyLeftMenuUI -INFO - API Reference link is displaying properly
2023-10-26 13:31:45,869 - Tests.VerifyLeftMenuUI -INFO - Examples link is displaying properly
2023-10-26 13:31:46,006 - Tests.VerifyLeftMenuUI -INFO - Vue on Github link is displaying properly
2023-10-26 13:31:46,050 - Tests.VerifyLeftMenuUI -INFO - Successfully Launched the TODO MVC
2023-10-26 13:31:46,082 - Tests.VerifyLeftMenuUI -INFO - Verifying the Community label
2023-10-26 13:31:46,205 - Tests.VerifyLeftMenuUI -INFO - Community label is displaying properly
2023-10-26 13:31:46,321 - Tests.VerifyLeftMenuUI -INFO - Twitter link is displaying properly
2023-10-26 13:31:46,457 - Tests.VerifyLeftMenuUI -INFO - Gitter link is displaying properly
2023-10-26 13:31:46,568 - Tests.VerifyLeftMenuUI -INFO - Discussions on Github  link is displaying properly
2023-10-26 13:31:47,482 - Tests.VerifyFunctionality -INFO - Successfully Launched the TODO MVC
2023-10-26 13:31:47,847 - Tests.VerifyFunctionality -INFO - To Do Label is Displayed
2023-10-26 13:31:47,847 - Tests.VerifyFunctionality -INFO - Adding the Tasks
2023-10-26 13:31:51,232 - Tests.VerifyFunctionality -INFO - Tasks Added Successfully
2023-10-26 13:31:51,261 - Tests.VerifyFunctionality -INFO - Verifying the added Tasks
2023-10-26 13:31:51,373 - Tests.VerifyFunctionality -INFO - Added Tasks are displayed successfully
2023-10-26 13:31:51,445 - Tests.VerifyFunctionality -INFO - Successfully Launched the TODO MVC
2023-10-26 13:31:51,553 - Tests.VerifyFunctionality -INFO - Verifying the Task Completion
2023-10-26 13:31:51,787 - Tests.VerifyFunctionality -INFO - Able to complete task T1 successfully
2023-10-26 13:31:51,850 - Tests.VerifyFunctionality -INFO - Verifying the clear complete functionality
2023-10-26 13:31:51,962 - Tests.VerifyFunctionality -INFO - Clear Complete tasks is successful
2023-10-26 13:32:19,178 - Tests.VerifyLeftMenuUI -INFO - Successfully Launched the TODO MVC
2023-10-26 13:32:19,404 - Tests.VerifyLeftMenuUI -INFO - Verifying the Header Title
2023-10-26 13:32:19,525 - Tests.VerifyLeftMenuUI -INFO - Header Title is displaying
2023-10-26 13:32:19,609 - Tests.VerifyLeftMenuUI -INFO - Successfully Launched the TODO MVC
2023-10-26 13:32:19,641 - Tests.VerifyLeftMenuUI -INFO - Verifying the Header fields
2023-10-26 13:32:19,740 - Tests.VerifyLeftMenuUI -INFO - Header Child fields are displaying properly
2023-10-26 13:32:19,779 - Tests.VerifyLeftMenuUI -INFO - Successfully Launched the TODO MVC
2023-10-26 13:32:19,812 - Tests.VerifyLeftMenuUI -INFO - Verifying the Official Resources label
2023-10-26 13:32:19,909 - Tests.VerifyLeftMenuUI -INFO - Official Resources label is displaying properly
2023-10-26 13:32:19,934 - Tests.VerifyLeftMenuUI -INFO - Verifying the Official resources links
2023-10-26 13:32:20,040 - Tests.VerifyLeftMenuUI -INFO - Documentation link is displaying properly
2023-10-26 13:32:20,154 - Tests.VerifyLeftMenuUI -INFO - API Reference link is displaying properly
2023-10-26 13:32:20,268 - Tests.VerifyLeftMenuUI -INFO - Examples link is displaying properly
2023-10-26 13:32:20,385 - Tests.VerifyLeftMenuUI -INFO - Vue on Github link is displaying properly
2023-10-26 13:32:20,439 - Tests.VerifyLeftMenuUI -INFO - Successfully Launched the TODO MVC
2023-10-26 13:32:20,465 - Tests.VerifyLeftMenuUI -INFO - Verifying the Community label
2023-10-26 13:32:20,621 - Tests.VerifyLeftMenuUI -INFO - Community label is displaying properly
2023-10-26 13:32:20,727 - Tests.VerifyLeftMenuUI -INFO - Twitter link is displaying properly
2023-10-26 13:32:20,833 - Tests.VerifyLeftMenuUI -INFO - Gitter link is displaying properly
2023-10-26 13:32:20,960 - Tests.VerifyLeftMenuUI -INFO - Discussions on Github  link is displaying properly
2023-10-26 13:32:21,971 - Tests.VerifyFunctionality -INFO - Successfully Launched the TODO MVC
2023-10-26 13:32:22,280 - Tests.VerifyFunctionality -INFO - To Do Label is Displayed
2023-10-26 13:32:22,280 - Tests.VerifyFunctionality -INFO - Adding the Tasks
2023-10-26 13:32:25,699 - Tests.VerifyFunctionality -INFO - Tasks Added Successfully
2023-10-26 13:32:25,727 - Tests.VerifyFunctionality -INFO - Verifying the added Tasks
2023-10-26 13:32:25,806 - Tests.VerifyFunctionality -INFO - Added Tasks are displayed successfully
2023-10-26 13:32:25,875 - Tests.VerifyFunctionality -INFO - Successfully Launched the TODO MVC
2023-10-26 13:32:25,983 - Tests.VerifyFunctionality -INFO - Verifying the Task Completion
2023-10-26 13:32:26,238 - Tests.VerifyFunctionality -INFO - Able to complete task T1 successfully
2023-10-26 13:32:26,299 - Tests.VerifyFunctionality -INFO - Verifying the clear complete functionality
2023-10-26 13:32:26,403 - Tests.VerifyFunctionality -INFO - Clear Complete tasks is successful
